running develop
Removing /home/rishi/ros2_ws/install/my_robot_controller/lib/python3.10/site-packages/my-robot-controller.egg-link (link to .)
running egg_info
writing ../../build/my_robot_controller/my_robot_controller.egg-info/PKG-INFO
writing dependency_links to ../../build/my_robot_controller/my_robot_controller.egg-info/dependency_links.txt
writing entry points to ../../build/my_robot_controller/my_robot_controller.egg-info/entry_points.txt
writing requirements to ../../build/my_robot_controller/my_robot_controller.egg-info/requires.txt
writing top-level names to ../../build/my_robot_controller/my_robot_controller.egg-info/top_level.txt
reading manifest file '../../build/my_robot_controller/my_robot_controller.egg-info/SOURCES.txt'
writing manifest file '../../build/my_robot_controller/my_robot_controller.egg-info/SOURCES.txt'
running build
running build_py
copying my_robot_controller/circle_publisher.py -> /home/rishi/ros2_ws/build/my_robot_controller/build/lib/my_robot_controller
copying my_robot_controller/circle_detection.py -> /home/rishi/ros2_ws/build/my_robot_controller/build/lib/my_robot_controller
running install
running install_lib
copying /home/rishi/ros2_ws/build/my_robot_controller/build/lib/my_robot_controller/camera_subscriber.py -> /home/rishi/ros2_ws/install/my_robot_controller/lib/python3.10/site-packages/my_robot_controller
copying /home/rishi/ros2_ws/build/my_robot_controller/build/lib/my_robot_controller/my_first_node.py -> /home/rishi/ros2_ws/install/my_robot_controller/lib/python3.10/site-packages/my_robot_controller
copying /home/rishi/ros2_ws/build/my_robot_controller/build/lib/my_robot_controller/circle_publisher.py -> /home/rishi/ros2_ws/install/my_robot_controller/lib/python3.10/site-packages/my_robot_controller
copying /home/rishi/ros2_ws/build/my_robot_controller/build/lib/my_robot_controller/__init__.py -> /home/rishi/ros2_ws/install/my_robot_controller/lib/python3.10/site-packages/my_robot_controller
copying /home/rishi/ros2_ws/build/my_robot_controller/build/lib/my_robot_controller/circle_detection.py -> /home/rishi/ros2_ws/install/my_robot_controller/lib/python3.10/site-packages/my_robot_controller
byte-compiling /home/rishi/ros2_ws/install/my_robot_controller/lib/python3.10/site-packages/my_robot_controller/camera_subscriber.py to camera_subscriber.cpython-310.pyc
byte-compiling /home/rishi/ros2_ws/install/my_robot_controller/lib/python3.10/site-packages/my_robot_controller/my_first_node.py to my_first_node.cpython-310.pyc
byte-compiling /home/rishi/ros2_ws/install/my_robot_controller/lib/python3.10/site-packages/my_robot_controller/circle_publisher.py to circle_publisher.cpython-310.pyc
byte-compiling /home/rishi/ros2_ws/install/my_robot_controller/lib/python3.10/site-packages/my_robot_controller/__init__.py to __init__.cpython-310.pyc
byte-compiling /home/rishi/ros2_ws/install/my_robot_controller/lib/python3.10/site-packages/my_robot_controller/circle_detection.py to circle_detection.cpython-310.pyc
running install_data
copying resource/my_robot_controller -> /home/rishi/ros2_ws/install/my_robot_controller/share/ament_index/resource_index/packages
copying package.xml -> /home/rishi/ros2_ws/install/my_robot_controller/share/my_robot_controller
running install_egg_info
Copying ../../build/my_robot_controller/my_robot_controller.egg-info to /home/rishi/ros2_ws/install/my_robot_controller/lib/python3.10/site-packages/my_robot_controller-0.0.0-py3.10.egg-info
running install_scripts
Installing camera_node script to /home/rishi/ros2_ws/install/my_robot_controller/lib/my_robot_controller
Installing circle_node script to /home/rishi/ros2_ws/install/my_robot_controller/lib/my_robot_controller
Installing publisher_node script to /home/rishi/ros2_ws/install/my_robot_controller/lib/my_robot_controller
Installing test_node script to /home/rishi/ros2_ws/install/my_robot_controller/lib/my_robot_controller
writing list of installed files to '/home/rishi/ros2_ws/build/my_robot_controller/install.log'
