[3.217s] Invoking command in '/home/rishi/ros2_ws/build/my_robot_controller': PYTHONPATH=/home/rishi/ros2_ws/build/my_robot_controller/prefix_override:/usr/lib/python3/dist-packages/colcon_core/task/python/colcon_distutils_commands:/home/rishi/ros2_ws/install/my_robot_controller/lib/python3.10/site-packages:${PYTHONPATH} /usr/bin/python3 -W ignore:setup.py install is deprecated -W ignore:easy_install command is deprecated setup.py develop --uninstall --editable --build-directory /home/rishi/ros2_ws/build/my_robot_controller/build
[3.398s] running develop
[3.543s] Removing /home/rishi/ros2_ws/install/my_robot_controller/lib/python3.10/site-packages/my-robot-controller.egg-link (link to .)
[3.564s] Invoked command in '/home/rishi/ros2_ws/build/my_robot_controller' returned '0': PYTHONPATH=/home/rishi/ros2_ws/build/my_robot_controller/prefix_override:/usr/lib/python3/dist-packages/colcon_core/task/python/colcon_distutils_commands:/home/rishi/ros2_ws/install/my_robot_controller/lib/python3.10/site-packages:${PYTHONPATH} /usr/bin/python3 -W ignore:setup.py install is deprecated -W ignore:easy_install command is deprecated setup.py develop --uninstall --editable --build-directory /home/rishi/ros2_ws/build/my_robot_controller/build
[3.566s] Invoking command in '/home/rishi/ros2_ws/src/my_robot_controller': PYTHONPATH=/home/rishi/ros2_ws/build/my_robot_controller/prefix_override:/usr/lib/python3/dist-packages/colcon_core/task/python/colcon_distutils_commands:/home/rishi/ros2_ws/install/my_robot_controller/lib/python3.10/site-packages:${PYTHONPATH} /usr/bin/python3 -W ignore:setup.py install is deprecated -W ignore:easy_install command is deprecated setup.py egg_info --egg-base ../../build/my_robot_controller build --build-base /home/rishi/ros2_ws/build/my_robot_controller/build install --record /home/rishi/ros2_ws/build/my_robot_controller/install.log --single-version-externally-managed install_data --force
[3.733s] running egg_info
[3.733s] writing ../../build/my_robot_controller/my_robot_controller.egg-info/PKG-INFO
[3.733s] writing dependency_links to ../../build/my_robot_controller/my_robot_controller.egg-info/dependency_links.txt
[3.733s] writing entry points to ../../build/my_robot_controller/my_robot_controller.egg-info/entry_points.txt
[3.733s] writing requirements to ../../build/my_robot_controller/my_robot_controller.egg-info/requires.txt
[3.733s] writing top-level names to ../../build/my_robot_controller/my_robot_controller.egg-info/top_level.txt
[3.735s] reading manifest file '../../build/my_robot_controller/my_robot_controller.egg-info/SOURCES.txt'
[3.736s] writing manifest file '../../build/my_robot_controller/my_robot_controller.egg-info/SOURCES.txt'
[3.736s] running build
[3.736s] running build_py
[3.737s] copying my_robot_controller/circle_publisher.py -> /home/rishi/ros2_ws/build/my_robot_controller/build/lib/my_robot_controller
[3.737s] copying my_robot_controller/circle_detection.py -> /home/rishi/ros2_ws/build/my_robot_controller/build/lib/my_robot_controller
[3.737s] running install
[3.738s] running install_lib
[3.739s] copying /home/rishi/ros2_ws/build/my_robot_controller/build/lib/my_robot_controller/camera_subscriber.py -> /home/rishi/ros2_ws/install/my_robot_controller/lib/python3.10/site-packages/my_robot_controller
[3.758s] copying /home/rishi/ros2_ws/build/my_robot_controller/build/lib/my_robot_controller/my_first_node.py -> /home/rishi/ros2_ws/install/my_robot_controller/lib/python3.10/site-packages/my_robot_controller
[3.780s] copying /home/rishi/ros2_ws/build/my_robot_controller/build/lib/my_robot_controller/circle_publisher.py -> /home/rishi/ros2_ws/install/my_robot_controller/lib/python3.10/site-packages/my_robot_controller
[3.780s] copying /home/rishi/ros2_ws/build/my_robot_controller/build/lib/my_robot_controller/__init__.py -> /home/rishi/ros2_ws/install/my_robot_controller/lib/python3.10/site-packages/my_robot_controller
[3.780s] copying /home/rishi/ros2_ws/build/my_robot_controller/build/lib/my_robot_controller/circle_detection.py -> /home/rishi/ros2_ws/install/my_robot_controller/lib/python3.10/site-packages/my_robot_controller
[3.781s] byte-compiling /home/rishi/ros2_ws/install/my_robot_controller/lib/python3.10/site-packages/my_robot_controller/camera_subscriber.py to camera_subscriber.cpython-310.pyc
[3.782s] byte-compiling /home/rishi/ros2_ws/install/my_robot_controller/lib/python3.10/site-packages/my_robot_controller/my_first_node.py to my_first_node.cpython-310.pyc
[3.783s] byte-compiling /home/rishi/ros2_ws/install/my_robot_controller/lib/python3.10/site-packages/my_robot_controller/circle_publisher.py to circle_publisher.cpython-310.pyc
[3.784s] byte-compiling /home/rishi/ros2_ws/install/my_robot_controller/lib/python3.10/site-packages/my_robot_controller/__init__.py to __init__.cpython-310.pyc
[3.784s] byte-compiling /home/rishi/ros2_ws/install/my_robot_controller/lib/python3.10/site-packages/my_robot_controller/circle_detection.py to circle_detection.cpython-310.pyc
[3.785s] running install_data
[3.786s] copying resource/my_robot_controller -> /home/rishi/ros2_ws/install/my_robot_controller/share/ament_index/resource_index/packages
[3.786s] copying package.xml -> /home/rishi/ros2_ws/install/my_robot_controller/share/my_robot_controller
[3.786s] running install_egg_info
[3.790s] Copying ../../build/my_robot_controller/my_robot_controller.egg-info to /home/rishi/ros2_ws/install/my_robot_controller/lib/python3.10/site-packages/my_robot_controller-0.0.0-py3.10.egg-info
[3.818s] running install_scripts
[3.845s] Installing camera_node script to /home/rishi/ros2_ws/install/my_robot_controller/lib/my_robot_controller
[3.845s] Installing circle_node script to /home/rishi/ros2_ws/install/my_robot_controller/lib/my_robot_controller
[3.845s] Installing publisher_node script to /home/rishi/ros2_ws/install/my_robot_controller/lib/my_robot_controller
[3.845s] Installing test_node script to /home/rishi/ros2_ws/install/my_robot_controller/lib/my_robot_controller
[3.845s] writing list of installed files to '/home/rishi/ros2_ws/build/my_robot_controller/install.log'
[3.864s] Invoked command in '/home/rishi/ros2_ws/src/my_robot_controller' returned '0': PYTHONPATH=/home/rishi/ros2_ws/build/my_robot_controller/prefix_override:/usr/lib/python3/dist-packages/colcon_core/task/python/colcon_distutils_commands:/home/rishi/ros2_ws/install/my_robot_controller/lib/python3.10/site-packages:${PYTHONPATH} /usr/bin/python3 -W ignore:setup.py install is deprecated -W ignore:easy_install command is deprecated setup.py egg_info --egg-base ../../build/my_robot_controller build --build-base /home/rishi/ros2_ws/build/my_robot_controller/build install --record /home/rishi/ros2_ws/build/my_robot_controller/install.log --single-version-externally-managed install_data --force
