[1.723s] Invoking command in '/home/rishi/ros2_ws/build/my_robot_controller': PYTHONPATH=/home/rishi/ros2_ws/build/my_robot_controller/prefix_override:/usr/lib/python3/dist-packages/colcon_core/task/python/colcon_distutils_commands:/home/rishi/ros2_ws/install/my_robot_controller/lib/python3.10/site-packages:${PYTHONPATH} /usr/bin/python3 -W ignore:setup.py install is deprecated -W ignore:easy_install command is deprecated setup.py develop --uninstall --editable --build-directory /home/rishi/ros2_ws/build/my_robot_controller/build
[1.954s] running develop
[2.120s] Removing /home/rishi/ros2_ws/install/my_robot_controller/lib/python3.10/site-packages/my-robot-controller.egg-link (link to .)
[2.170s] Invoked command in '/home/rishi/ros2_ws/build/my_robot_controller' returned '0': PYTHONPATH=/home/rishi/ros2_ws/build/my_robot_controller/prefix_override:/usr/lib/python3/dist-packages/colcon_core/task/python/colcon_distutils_commands:/home/rishi/ros2_ws/install/my_robot_controller/lib/python3.10/site-packages:${PYTHONPATH} /usr/bin/python3 -W ignore:setup.py install is deprecated -W ignore:easy_install command is deprecated setup.py develop --uninstall --editable --build-directory /home/rishi/ros2_ws/build/my_robot_controller/build
[2.172s] Invoking command in '/home/rishi/ros2_ws/src/my_robot_controller': PYTHONPATH=/home/rishi/ros2_ws/build/my_robot_controller/prefix_override:/usr/lib/python3/dist-packages/colcon_core/task/python/colcon_distutils_commands:/home/rishi/ros2_ws/install/my_robot_controller/lib/python3.10/site-packages:${PYTHONPATH} /usr/bin/python3 -W ignore:setup.py install is deprecated -W ignore:easy_install command is deprecated setup.py egg_info --egg-base ../../build/my_robot_controller build --build-base /home/rishi/ros2_ws/build/my_robot_controller/build install --record /home/rishi/ros2_ws/build/my_robot_controller/install.log --single-version-externally-managed install_data --force
[2.347s] running egg_info
[2.347s] writing ../../build/my_robot_controller/my_robot_controller.egg-info/PKG-INFO
[2.347s] writing dependency_links to ../../build/my_robot_controller/my_robot_controller.egg-info/dependency_links.txt
[2.347s] writing entry points to ../../build/my_robot_controller/my_robot_controller.egg-info/entry_points.txt
[2.348s] writing requirements to ../../build/my_robot_controller/my_robot_controller.egg-info/requires.txt
[2.348s] writing top-level names to ../../build/my_robot_controller/my_robot_controller.egg-info/top_level.txt
[2.349s] reading manifest file '../../build/my_robot_controller/my_robot_controller.egg-info/SOURCES.txt'
[2.393s] writing manifest file '../../build/my_robot_controller/my_robot_controller.egg-info/SOURCES.txt'
[2.393s] running build
[2.393s] running build_py
[2.418s] running install
[2.419s] running install_lib
[2.421s] creating /home/rishi/ros2_ws/install/my_robot_controller/lib/python3.10/site-packages/my_robot_controller
[2.421s] copying /home/rishi/ros2_ws/build/my_robot_controller/build/lib/my_robot_controller/__init__.py -> /home/rishi/ros2_ws/install/my_robot_controller/lib/python3.10/site-packages/my_robot_controller
[2.423s] byte-compiling /home/rishi/ros2_ws/install/my_robot_controller/lib/python3.10/site-packages/my_robot_controller/__init__.py to __init__.cpython-310.pyc
[2.423s] running install_data
[2.423s] copying resource/my_robot_controller -> /home/rishi/ros2_ws/install/my_robot_controller/share/ament_index/resource_index/packages
[2.424s] copying package.xml -> /home/rishi/ros2_ws/install/my_robot_controller/share/my_robot_controller
[2.424s] running install_egg_info
[2.428s] Copying ../../build/my_robot_controller/my_robot_controller.egg-info to /home/rishi/ros2_ws/install/my_robot_controller/lib/python3.10/site-packages/my_robot_controller-0.0.0-py3.10.egg-info
[2.435s] running install_scripts
[2.455s] writing list of installed files to '/home/rishi/ros2_ws/build/my_robot_controller/install.log'
[2.473s] Invoked command in '/home/rishi/ros2_ws/src/my_robot_controller' returned '0': PYTHONPATH=/home/rishi/ros2_ws/build/my_robot_controller/prefix_override:/usr/lib/python3/dist-packages/colcon_core/task/python/colcon_distutils_commands:/home/rishi/ros2_ws/install/my_robot_controller/lib/python3.10/site-packages:${PYTHONPATH} /usr/bin/python3 -W ignore:setup.py install is deprecated -W ignore:easy_install command is deprecated setup.py egg_info --egg-base ../../build/my_robot_controller build --build-base /home/rishi/ros2_ws/build/my_robot_controller/build install --record /home/rishi/ros2_ws/build/my_robot_controller/install.log --single-version-externally-managed install_data --force
