[0.440s] Invoking command in '/home/rishi/ros2_ws/src/my_robot_controller': PYTHONPATH=/home/rishi/ros2_ws/build/my_robot_controller/prefix_override:/usr/lib/python3/dist-packages/colcon_core/task/python/colcon_distutils_commands:/home/rishi/ros2_ws/install/my_robot_controller/lib/python3.10/site-packages:${PYTHONPATH} /usr/bin/python3 -W ignore:setup.py install is deprecated -W ignore:easy_install command is deprecated setup.py egg_info --egg-base ../../build/my_robot_controller build --build-base /home/rishi/ros2_ws/build/my_robot_controller/build install --record /home/rishi/ros2_ws/build/my_robot_controller/install.log --single-version-externally-managed install_data
[0.591s] running egg_info
[0.592s] writing ../../build/my_robot_controller/my_robot_controller.egg-info/PKG-INFO
[0.592s] writing dependency_links to ../../build/my_robot_controller/my_robot_controller.egg-info/dependency_links.txt
[0.592s] writing entry points to ../../build/my_robot_controller/my_robot_controller.egg-info/entry_points.txt
[0.592s] writing requirements to ../../build/my_robot_controller/my_robot_controller.egg-info/requires.txt
[0.592s] writing top-level names to ../../build/my_robot_controller/my_robot_controller.egg-info/top_level.txt
[0.593s] reading manifest file '../../build/my_robot_controller/my_robot_controller.egg-info/SOURCES.txt'
[0.594s] writing manifest file '../../build/my_robot_controller/my_robot_controller.egg-info/SOURCES.txt'
[0.594s] running build
[0.594s] running build_py
[0.594s] copying my_robot_controller/circle_detection.py -> /home/rishi/ros2_ws/build/my_robot_controller/build/lib/my_robot_controller
[0.595s] running install
[0.595s] running install_lib
[0.596s] copying /home/rishi/ros2_ws/build/my_robot_controller/build/lib/my_robot_controller/circle_detection.py -> /home/rishi/ros2_ws/install/my_robot_controller/lib/python3.10/site-packages/my_robot_controller
[0.596s] byte-compiling /home/rishi/ros2_ws/install/my_robot_controller/lib/python3.10/site-packages/my_robot_controller/circle_detection.py to circle_detection.cpython-310.pyc
[0.597s] running install_data
[0.597s] running install_egg_info
[0.598s] removing '/home/rishi/ros2_ws/install/my_robot_controller/lib/python3.10/site-packages/my_robot_controller-0.0.0-py3.10.egg-info' (and everything under it)
[0.598s] Copying ../../build/my_robot_controller/my_robot_controller.egg-info to /home/rishi/ros2_ws/install/my_robot_controller/lib/python3.10/site-packages/my_robot_controller-0.0.0-py3.10.egg-info
[0.599s] running install_scripts
[0.613s] Installing camera_node script to /home/rishi/ros2_ws/install/my_robot_controller/lib/my_robot_controller
[0.613s] Installing circle_node script to /home/rishi/ros2_ws/install/my_robot_controller/lib/my_robot_controller
[0.613s] Installing test_node script to /home/rishi/ros2_ws/install/my_robot_controller/lib/my_robot_controller
[0.613s] writing list of installed files to '/home/rishi/ros2_ws/build/my_robot_controller/install.log'
[0.632s] Invoked command in '/home/rishi/ros2_ws/src/my_robot_controller' returned '0': PYTHONPATH=/home/rishi/ros2_ws/build/my_robot_controller/prefix_override:/usr/lib/python3/dist-packages/colcon_core/task/python/colcon_distutils_commands:/home/rishi/ros2_ws/install/my_robot_controller/lib/python3.10/site-packages:${PYTHONPATH} /usr/bin/python3 -W ignore:setup.py install is deprecated -W ignore:easy_install command is deprecated setup.py egg_info --egg-base ../../build/my_robot_controller build --build-base /home/rishi/ros2_ws/build/my_robot_controller/build install --record /home/rishi/ros2_ws/build/my_robot_controller/install.log --single-version-externally-managed install_data
