[0.013s] Invoking command in '/home/rishi/ros2_ws/build/my_robot_bringup': CMAKE_PREFIX_PATH=${CMAKE_PREFIX_PATH}:/home/rishi/ros2_ws/install/my_robot_controller:/opt/ros/humble /usr/bin/cmake /home/rishi/ros2_ws/src/my_robot_bringup -DAMENT_CMAKE_SYMLINK_INSTALL=1 -DCMAKE_INSTALL_PREFIX=/home/rishi/ros2_ws/install/my_robot_bringup
[0.368s] -- Found ament_cmake: 1.3.11 (/opt/ros/humble/share/ament_cmake/cmake)
[0.767s] -- Override CMake install command with custom implementation using symlinks instead of copying resources
[1.134s] -- Configuring done
[1.181s] -- Generating done
[1.184s] -- Build files have been written to: /home/rishi/ros2_ws/build/my_robot_bringup
[1.188s] Invoked command in '/home/rishi/ros2_ws/build/my_robot_bringup' returned '0': CMAKE_PREFIX_PATH=${CMAKE_PREFIX_PATH}:/home/rishi/ros2_ws/install/my_robot_controller:/opt/ros/humble /usr/bin/cmake /home/rishi/ros2_ws/src/my_robot_bringup -DAMENT_CMAKE_SYMLINK_INSTALL=1 -DCMAKE_INSTALL_PREFIX=/home/rishi/ros2_ws/install/my_robot_bringup
[1.192s] Invoking command in '/home/rishi/ros2_ws/build/my_robot_bringup': CMAKE_PREFIX_PATH=${CMAKE_PREFIX_PATH}:/home/rishi/ros2_ws/install/my_robot_controller:/opt/ros/humble /usr/bin/cmake --build /home/rishi/ros2_ws/build/my_robot_bringup -- -j8 -l8
[1.231s] Invoked command in '/home/rishi/ros2_ws/build/my_robot_bringup' returned '0': CMAKE_PREFIX_PATH=${CMAKE_PREFIX_PATH}:/home/rishi/ros2_ws/install/my_robot_controller:/opt/ros/humble /usr/bin/cmake --build /home/rishi/ros2_ws/build/my_robot_bringup -- -j8 -l8
[1.237s] Invoking command in '/home/rishi/ros2_ws/build/my_robot_bringup': CMAKE_PREFIX_PATH=${CMAKE_PREFIX_PATH}:/home/rishi/ros2_ws/install/my_robot_controller:/opt/ros/humble /usr/bin/cmake --install /home/rishi/ros2_ws/build/my_robot_bringup
[1.243s] -- Install configuration: ""
[1.243s] -- Execute custom install script
[1.243s] -- Up-to-date symlink: /home/rishi/ros2_ws/install/my_robot_bringup/share/my_robot_bringup//launch/my_robot_gazebo.launch.xml
[1.243s] -- Up-to-date symlink: /home/rishi/ros2_ws/install/my_robot_bringup/share/my_robot_bringup//config/gazebo_bridge.yaml
[1.243s] -- Up-to-date symlink: /home/rishi/ros2_ws/install/my_robot_bringup/share/my_robot_bringup//worlds/lidar_world.sdf
[1.244s] -- Up-to-date symlink: /home/rishi/ros2_ws/install/my_robot_bringup/share/my_robot_bringup//worlds/test_world.sdf
[1.244s] -- Up-to-date symlink: /home/rishi/ros2_ws/install/my_robot_bringup/share/ament_index/resource_index/package_run_dependencies/my_robot_bringup
[1.244s] -- Up-to-date symlink: /home/rishi/ros2_ws/install/my_robot_bringup/share/ament_index/resource_index/parent_prefix_path/my_robot_bringup
[1.244s] -- Up-to-date symlink: /home/rishi/ros2_ws/install/my_robot_bringup/share/my_robot_bringup/environment/ament_prefix_path.sh
[1.244s] -- Up-to-date symlink: /home/rishi/ros2_ws/install/my_robot_bringup/share/my_robot_bringup/environment/ament_prefix_path.dsv
[1.244s] -- Up-to-date symlink: /home/rishi/ros2_ws/install/my_robot_bringup/share/my_robot_bringup/environment/path.sh
[1.244s] -- Up-to-date symlink: /home/rishi/ros2_ws/install/my_robot_bringup/share/my_robot_bringup/environment/path.dsv
[1.244s] -- Up-to-date symlink: /home/rishi/ros2_ws/install/my_robot_bringup/share/my_robot_bringup/local_setup.bash
[1.244s] -- Up-to-date symlink: /home/rishi/ros2_ws/install/my_robot_bringup/share/my_robot_bringup/local_setup.sh
[1.244s] -- Up-to-date symlink: /home/rishi/ros2_ws/install/my_robot_bringup/share/my_robot_bringup/local_setup.zsh
[1.245s] -- Up-to-date symlink: /home/rishi/ros2_ws/install/my_robot_bringup/share/my_robot_bringup/local_setup.dsv
[1.245s] -- Symlinking: /home/rishi/ros2_ws/install/my_robot_bringup/share/my_robot_bringup/package.dsv
[1.251s] -- Up-to-date symlink: /home/rishi/ros2_ws/install/my_robot_bringup/share/ament_index/resource_index/packages/my_robot_bringup
[1.251s] -- Up-to-date symlink: /home/rishi/ros2_ws/install/my_robot_bringup/share/my_robot_bringup/cmake/my_robot_bringupConfig.cmake
[1.251s] -- Up-to-date symlink: /home/rishi/ros2_ws/install/my_robot_bringup/share/my_robot_bringup/cmake/my_robot_bringupConfig-version.cmake
[1.251s] -- Up-to-date symlink: /home/rishi/ros2_ws/install/my_robot_bringup/share/my_robot_bringup/package.xml
[1.253s] Invoked command in '/home/rishi/ros2_ws/build/my_robot_bringup' returned '0': CMAKE_PREFIX_PATH=${CMAKE_PREFIX_PATH}:/home/rishi/ros2_ws/install/my_robot_controller:/opt/ros/humble /usr/bin/cmake --install /home/rishi/ros2_ws/build/my_robot_bringup
