[0.452s] Invoking command in '/home/rishi/ros2_ws/src/my_robot_controller': PYTHONPATH=/home/rishi/ros2_ws/build/my_robot_controller/prefix_override:/usr/lib/python3/dist-packages/colcon_core/task/python/colcon_distutils_commands:/home/rishi/ros2_ws/install/my_robot_controller/lib/python3.10/site-packages:${PYTHONPATH} /usr/bin/python3 -W ignore:setup.py install is deprecated -W ignore:easy_install command is deprecated setup.py egg_info --egg-base ../../build/my_robot_controller build --build-base /home/rishi/ros2_ws/build/my_robot_controller/build install --record /home/rishi/ros2_ws/build/my_robot_controller/install.log --single-version-externally-managed install_data
[0.611s] running egg_info
[0.612s] writing ../../build/my_robot_controller/my_robot_controller.egg-info/PKG-INFO
[0.612s] writing dependency_links to ../../build/my_robot_controller/my_robot_controller.egg-info/dependency_links.txt
[0.612s] writing entry points to ../../build/my_robot_controller/my_robot_controller.egg-info/entry_points.txt
[0.612s] writing requirements to ../../build/my_robot_controller/my_robot_controller.egg-info/requires.txt
[0.612s] writing top-level names to ../../build/my_robot_controller/my_robot_controller.egg-info/top_level.txt
[0.613s] reading manifest file '../../build/my_robot_controller/my_robot_controller.egg-info/SOURCES.txt'
[0.614s] writing manifest file '../../build/my_robot_controller/my_robot_controller.egg-info/SOURCES.txt'
[0.614s] running build
[0.614s] running build_py
[0.614s] copying my_robot_controller/my_first_node.py -> /home/rishi/ros2_ws/build/my_robot_controller/build/lib/my_robot_controller
[0.614s] copying my_robot_controller/camera_subsrcriber.py -> /home/rishi/ros2_ws/build/my_robot_controller/build/lib/my_robot_controller
[0.615s] running install
[0.615s] running install_lib
[0.616s] copying /home/rishi/ros2_ws/build/my_robot_controller/build/lib/my_robot_controller/my_first_node.py -> /home/rishi/ros2_ws/install/my_robot_controller/lib/python3.10/site-packages/my_robot_controller
[0.616s] copying /home/rishi/ros2_ws/build/my_robot_controller/build/lib/my_robot_controller/camera_subsrcriber.py -> /home/rishi/ros2_ws/install/my_robot_controller/lib/python3.10/site-packages/my_robot_controller
[0.616s] byte-compiling /home/rishi/ros2_ws/install/my_robot_controller/lib/python3.10/site-packages/my_robot_controller/my_first_node.py to my_first_node.cpython-310.pyc
[0.616s] byte-compiling /home/rishi/ros2_ws/install/my_robot_controller/lib/python3.10/site-packages/my_robot_controller/camera_subsrcriber.py to camera_subsrcriber.cpython-310.pyc
[0.617s] running install_data
[0.617s] error: can't copy 'resource/my_robot_controller': doesn't exist or not a regular file
[0.633s] Invoked command in '/home/rishi/ros2_ws/src/my_robot_controller' returned '1': PYTHONPATH=/home/rishi/ros2_ws/build/my_robot_controller/prefix_override:/usr/lib/python3/dist-packages/colcon_core/task/python/colcon_distutils_commands:/home/rishi/ros2_ws/install/my_robot_controller/lib/python3.10/site-packages:${PYTHONPATH} /usr/bin/python3 -W ignore:setup.py install is deprecated -W ignore:easy_install command is deprecated setup.py egg_info --egg-base ../../build/my_robot_controller build --build-base /home/rishi/ros2_ws/build/my_robot_controller/build install --record /home/rishi/ros2_ws/build/my_robot_controller/install.log --single-version-externally-managed install_data
