[0.070s] DEBUG:colcon:Command line arguments: ['/usr/bin/colcon', 'build']
[0.070s] DEBUG:colcon:Parsed command line arguments: Namespace(log_base=None, log_level=None, verb_name='build', build_base='build', install_base='install', merge_install=False, symlink_install=False, test_result_base=None, continue_on_error=False, executor='parallel', parallel_workers=8, event_handlers=None, ignore_user_meta=False, metas=['./colcon.meta'], base_paths=['.'], packages_ignore=None, packages_ignore_regex=None, paths=None, packages_up_to=None, packages_up_to_regex=None, packages_above=None, packages_above_and_dependencies=None, packages_above_depth=None, packages_select_by_dep=None, packages_skip_by_dep=None, packages_skip_up_to=None, packages_select_build_failed=False, packages_skip_build_finished=False, packages_select_test_failures=False, packages_skip_test_passed=False, packages_select=None, packages_skip=None, packages_select_regex=None, packages_skip_regex=None, packages_start=None, packages_end=None, allow_overriding=[], cmake_args=None, cmake_target=None, cmake_target_skip_unavailable=False, cmake_clean_cache=False, cmake_clean_first=False, cmake_force_configure=False, ament_cmake_args=None, catkin_cmake_args=None, catkin_skip_building_tests=False, mixin_files=None, mixin=None, verb_parser=<colcon_mixin.mixin.mixin_argument.MixinArgumentDecorator object at 0x7ca28cd69a80>, verb_extension=<colcon_core.verb.build.BuildVerb object at 0x7ca28cd695d0>, main=<bound method BuildVerb.main of <colcon_core.verb.build.BuildVerb object at 0x7ca28cd695d0>>, mixin_verb=('build',))
[0.205s] Level 1:colcon.colcon_core.package_discovery:discover_packages(colcon_meta) check parameters
[0.205s] Level 1:colcon.colcon_core.package_discovery:discover_packages(recursive) check parameters
[0.205s] Level 1:colcon.colcon_core.package_discovery:discover_packages(ignore) check parameters
[0.205s] Level 1:colcon.colcon_core.package_discovery:discover_packages(path) check parameters
[0.205s] Level 1:colcon.colcon_core.package_discovery:discover_packages(colcon_meta) discover
[0.205s] Level 1:colcon.colcon_core.package_discovery:discover_packages(recursive) discover
[0.205s] INFO:colcon.colcon_core.package_discovery:Crawling recursively for packages in '/home/rishi/ros2_ws'
[0.205s] Level 1:colcon.colcon_core.package_identification:_identify(.) by extensions ['ignore', 'ignore_ament_install']
[0.205s] Level 1:colcon.colcon_core.package_identification:_identify(.) by extension 'ignore'
[0.205s] Level 1:colcon.colcon_core.package_identification:_identify(.) by extension 'ignore_ament_install'
[0.205s] Level 1:colcon.colcon_core.package_identification:_identify(.) by extensions ['colcon_pkg']
[0.205s] Level 1:colcon.colcon_core.package_identification:_identify(.) by extension 'colcon_pkg'
[0.205s] Level 1:colcon.colcon_core.package_identification:_identify(.) by extensions ['colcon_meta']
[0.205s] Level 1:colcon.colcon_core.package_identification:_identify(.) by extension 'colcon_meta'
[0.205s] Level 1:colcon.colcon_core.package_identification:_identify(.) by extensions ['ros']
[0.205s] Level 1:colcon.colcon_core.package_identification:_identify(.) by extension 'ros'
[0.212s] Level 1:colcon.colcon_core.package_identification:_identify(.) by extensions ['cmake', 'python']
[0.213s] Level 1:colcon.colcon_core.package_identification:_identify(.) by extension 'cmake'
[0.213s] Level 1:colcon.colcon_core.package_identification:_identify(.) by extension 'python'
[0.213s] Level 1:colcon.colcon_core.package_identification:_identify(.) by extensions ['python_setup_py']
[0.213s] Level 1:colcon.colcon_core.package_identification:_identify(.) by extension 'python_setup_py'
[0.213s] Level 1:colcon.colcon_core.package_identification:_identify(build) by extensions ['ignore', 'ignore_ament_install']
[0.213s] Level 1:colcon.colcon_core.package_identification:_identify(build) by extension 'ignore'
[0.213s] Level 1:colcon.colcon_core.package_identification:_identify(build) ignored
[0.213s] Level 1:colcon.colcon_core.package_identification:_identify(install) by extensions ['ignore', 'ignore_ament_install']
[0.213s] Level 1:colcon.colcon_core.package_identification:_identify(install) by extension 'ignore'
[0.213s] Level 1:colcon.colcon_core.package_identification:_identify(install) ignored
[0.213s] Level 1:colcon.colcon_core.package_identification:_identify(log) by extensions ['ignore', 'ignore_ament_install']
[0.213s] Level 1:colcon.colcon_core.package_identification:_identify(log) by extension 'ignore'
[0.213s] Level 1:colcon.colcon_core.package_identification:_identify(log) ignored
[0.213s] Level 1:colcon.colcon_core.package_identification:_identify(src) by extensions ['ignore', 'ignore_ament_install']
[0.213s] Level 1:colcon.colcon_core.package_identification:_identify(src) by extension 'ignore'
[0.213s] Level 1:colcon.colcon_core.package_identification:_identify(src) by extension 'ignore_ament_install'
[0.213s] Level 1:colcon.colcon_core.package_identification:_identify(src) by extensions ['colcon_pkg']
[0.213s] Level 1:colcon.colcon_core.package_identification:_identify(src) by extension 'colcon_pkg'
[0.213s] Level 1:colcon.colcon_core.package_identification:_identify(src) by extensions ['colcon_meta']
[0.213s] Level 1:colcon.colcon_core.package_identification:_identify(src) by extension 'colcon_meta'
[0.213s] Level 1:colcon.colcon_core.package_identification:_identify(src) by extensions ['ros']
[0.213s] Level 1:colcon.colcon_core.package_identification:_identify(src) by extension 'ros'
[0.213s] Level 1:colcon.colcon_core.package_identification:_identify(src) by extensions ['cmake', 'python']
[0.213s] Level 1:colcon.colcon_core.package_identification:_identify(src) by extension 'cmake'
[0.213s] Level 1:colcon.colcon_core.package_identification:_identify(src) by extension 'python'
[0.214s] Level 1:colcon.colcon_core.package_identification:_identify(src) by extensions ['python_setup_py']
[0.214s] Level 1:colcon.colcon_core.package_identification:_identify(src) by extension 'python_setup_py'
[0.214s] Level 1:colcon.colcon_core.package_identification:_identify(src/fws_robot_description) by extensions ['ignore', 'ignore_ament_install']
[0.214s] Level 1:colcon.colcon_core.package_identification:_identify(src/fws_robot_description) by extension 'ignore'
[0.214s] Level 1:colcon.colcon_core.package_identification:_identify(src/fws_robot_description) by extension 'ignore_ament_install'
[0.214s] Level 1:colcon.colcon_core.package_identification:_identify(src/fws_robot_description) by extensions ['colcon_pkg']
[0.214s] Level 1:colcon.colcon_core.package_identification:_identify(src/fws_robot_description) by extension 'colcon_pkg'
[0.214s] Level 1:colcon.colcon_core.package_identification:_identify(src/fws_robot_description) by extensions ['colcon_meta']
[0.214s] Level 1:colcon.colcon_core.package_identification:_identify(src/fws_robot_description) by extension 'colcon_meta'
[0.214s] Level 1:colcon.colcon_core.package_identification:_identify(src/fws_robot_description) by extensions ['ros']
[0.214s] Level 1:colcon.colcon_core.package_identification:_identify(src/fws_robot_description) by extension 'ros'
[0.215s] DEBUG:colcon.colcon_core.package_identification:Package 'src/fws_robot_description' with type 'ros.ament_cmake' and name 'fws_robot_description'
[0.216s] Level 1:colcon.colcon_core.package_identification:_identify(src/fws_robot_sim) by extensions ['ignore', 'ignore_ament_install']
[0.216s] Level 1:colcon.colcon_core.package_identification:_identify(src/fws_robot_sim) by extension 'ignore'
[0.216s] Level 1:colcon.colcon_core.package_identification:_identify(src/fws_robot_sim) by extension 'ignore_ament_install'
[0.216s] Level 1:colcon.colcon_core.package_identification:_identify(src/fws_robot_sim) by extensions ['colcon_pkg']
[0.216s] Level 1:colcon.colcon_core.package_identification:_identify(src/fws_robot_sim) by extension 'colcon_pkg'
[0.216s] Level 1:colcon.colcon_core.package_identification:_identify(src/fws_robot_sim) by extensions ['colcon_meta']
[0.216s] Level 1:colcon.colcon_core.package_identification:_identify(src/fws_robot_sim) by extension 'colcon_meta'
[0.216s] Level 1:colcon.colcon_core.package_identification:_identify(src/fws_robot_sim) by extensions ['ros']
[0.216s] Level 1:colcon.colcon_core.package_identification:_identify(src/fws_robot_sim) by extension 'ros'
[0.216s] DEBUG:colcon.colcon_core.package_identification:Package 'src/fws_robot_sim' with type 'ros.ament_cmake' and name 'fws_robot_sim'
[0.216s] Level 1:colcon.colcon_core.package_identification:_identify(src/velocity_pub) by extensions ['ignore', 'ignore_ament_install']
[0.216s] Level 1:colcon.colcon_core.package_identification:_identify(src/velocity_pub) by extension 'ignore'
[0.216s] Level 1:colcon.colcon_core.package_identification:_identify(src/velocity_pub) by extension 'ignore_ament_install'
[0.216s] Level 1:colcon.colcon_core.package_identification:_identify(src/velocity_pub) by extensions ['colcon_pkg']
[0.216s] Level 1:colcon.colcon_core.package_identification:_identify(src/velocity_pub) by extension 'colcon_pkg'
[0.217s] Level 1:colcon.colcon_core.package_identification:_identify(src/velocity_pub) by extensions ['colcon_meta']
[0.217s] Level 1:colcon.colcon_core.package_identification:_identify(src/velocity_pub) by extension 'colcon_meta'
[0.217s] Level 1:colcon.colcon_core.package_identification:_identify(src/velocity_pub) by extensions ['ros']
[0.217s] Level 1:colcon.colcon_core.package_identification:_identify(src/velocity_pub) by extension 'ros'
[0.217s] DEBUG:colcon.colcon_core.package_identification:Package 'src/velocity_pub' with type 'ros.ament_cmake' and name 'velocity_pub'
[0.217s] Level 1:colcon.colcon_core.package_discovery:discover_packages(recursive) using defaults
[0.217s] Level 1:colcon.colcon_core.package_discovery:discover_packages(ignore) discover
[0.217s] Level 1:colcon.colcon_core.package_discovery:discover_packages(ignore) using defaults
[0.217s] Level 1:colcon.colcon_core.package_discovery:discover_packages(path) discover
[0.217s] Level 1:colcon.colcon_core.package_discovery:discover_packages(path) using defaults
[0.239s] Level 1:colcon.colcon_core.package_discovery:discover_packages(prefix_path) check parameters
[0.239s] Level 1:colcon.colcon_core.package_discovery:discover_packages(prefix_path) discover
[0.240s] DEBUG:colcon.colcon_installed_package_information.package_discovery:Found 3 installed packages in /home/rishi/ros2_ws/install
[0.241s] DEBUG:colcon.colcon_installed_package_information.package_discovery:Found 324 installed packages in /opt/ros/humble
[0.242s] Level 1:colcon.colcon_core.package_discovery:discover_packages(prefix_path) using defaults
[0.267s] Level 5:colcon.colcon_core.verb:set package 'fws_robot_description' build argument 'cmake_args' from command line to 'None'
[0.267s] Level 5:colcon.colcon_core.verb:set package 'fws_robot_description' build argument 'cmake_target' from command line to 'None'
[0.267s] Level 5:colcon.colcon_core.verb:set package 'fws_robot_description' build argument 'cmake_target_skip_unavailable' from command line to 'False'
[0.268s] Level 5:colcon.colcon_core.verb:set package 'fws_robot_description' build argument 'cmake_clean_cache' from command line to 'False'
[0.268s] Level 5:colcon.colcon_core.verb:set package 'fws_robot_description' build argument 'cmake_clean_first' from command line to 'False'
[0.268s] Level 5:colcon.colcon_core.verb:set package 'fws_robot_description' build argument 'cmake_force_configure' from command line to 'False'
[0.268s] Level 5:colcon.colcon_core.verb:set package 'fws_robot_description' build argument 'ament_cmake_args' from command line to 'None'
[0.268s] Level 5:colcon.colcon_core.verb:set package 'fws_robot_description' build argument 'catkin_cmake_args' from command line to 'None'
[0.268s] Level 5:colcon.colcon_core.verb:set package 'fws_robot_description' build argument 'catkin_skip_building_tests' from command line to 'False'
[0.268s] DEBUG:colcon.colcon_core.verb:Building package 'fws_robot_description' with the following arguments: {'ament_cmake_args': None, 'build_base': '/home/rishi/ros2_ws/build/fws_robot_description', 'catkin_cmake_args': None, 'catkin_skip_building_tests': False, 'cmake_args': None, 'cmake_clean_cache': False, 'cmake_clean_first': False, 'cmake_force_configure': False, 'cmake_target': None, 'cmake_target_skip_unavailable': False, 'install_base': '/home/rishi/ros2_ws/install/fws_robot_description', 'merge_install': False, 'path': '/home/rishi/ros2_ws/src/fws_robot_description', 'symlink_install': False, 'test_result_base': None}
[0.268s] Level 5:colcon.colcon_core.verb:set package 'fws_robot_sim' build argument 'cmake_args' from command line to 'None'
[0.268s] Level 5:colcon.colcon_core.verb:set package 'fws_robot_sim' build argument 'cmake_target' from command line to 'None'
[0.268s] Level 5:colcon.colcon_core.verb:set package 'fws_robot_sim' build argument 'cmake_target_skip_unavailable' from command line to 'False'
[0.268s] Level 5:colcon.colcon_core.verb:set package 'fws_robot_sim' build argument 'cmake_clean_cache' from command line to 'False'
[0.268s] Level 5:colcon.colcon_core.verb:set package 'fws_robot_sim' build argument 'cmake_clean_first' from command line to 'False'
[0.268s] Level 5:colcon.colcon_core.verb:set package 'fws_robot_sim' build argument 'cmake_force_configure' from command line to 'False'
[0.268s] Level 5:colcon.colcon_core.verb:set package 'fws_robot_sim' build argument 'ament_cmake_args' from command line to 'None'
[0.268s] Level 5:colcon.colcon_core.verb:set package 'fws_robot_sim' build argument 'catkin_cmake_args' from command line to 'None'
[0.268s] Level 5:colcon.colcon_core.verb:set package 'fws_robot_sim' build argument 'catkin_skip_building_tests' from command line to 'False'
[0.268s] DEBUG:colcon.colcon_core.verb:Building package 'fws_robot_sim' with the following arguments: {'ament_cmake_args': None, 'build_base': '/home/rishi/ros2_ws/build/fws_robot_sim', 'catkin_cmake_args': None, 'catkin_skip_building_tests': False, 'cmake_args': None, 'cmake_clean_cache': False, 'cmake_clean_first': False, 'cmake_force_configure': False, 'cmake_target': None, 'cmake_target_skip_unavailable': False, 'install_base': '/home/rishi/ros2_ws/install/fws_robot_sim', 'merge_install': False, 'path': '/home/rishi/ros2_ws/src/fws_robot_sim', 'symlink_install': False, 'test_result_base': None}
[0.268s] Level 5:colcon.colcon_core.verb:set package 'velocity_pub' build argument 'cmake_args' from command line to 'None'
[0.268s] Level 5:colcon.colcon_core.verb:set package 'velocity_pub' build argument 'cmake_target' from command line to 'None'
[0.268s] Level 5:colcon.colcon_core.verb:set package 'velocity_pub' build argument 'cmake_target_skip_unavailable' from command line to 'False'
[0.268s] Level 5:colcon.colcon_core.verb:set package 'velocity_pub' build argument 'cmake_clean_cache' from command line to 'False'
[0.268s] Level 5:colcon.colcon_core.verb:set package 'velocity_pub' build argument 'cmake_clean_first' from command line to 'False'
[0.268s] Level 5:colcon.colcon_core.verb:set package 'velocity_pub' build argument 'cmake_force_configure' from command line to 'False'
[0.268s] Level 5:colcon.colcon_core.verb:set package 'velocity_pub' build argument 'ament_cmake_args' from command line to 'None'
[0.268s] Level 5:colcon.colcon_core.verb:set package 'velocity_pub' build argument 'catkin_cmake_args' from command line to 'None'
[0.268s] Level 5:colcon.colcon_core.verb:set package 'velocity_pub' build argument 'catkin_skip_building_tests' from command line to 'False'
[0.268s] DEBUG:colcon.colcon_core.verb:Building package 'velocity_pub' with the following arguments: {'ament_cmake_args': None, 'build_base': '/home/rishi/ros2_ws/build/velocity_pub', 'catkin_cmake_args': None, 'catkin_skip_building_tests': False, 'cmake_args': None, 'cmake_clean_cache': False, 'cmake_clean_first': False, 'cmake_force_configure': False, 'cmake_target': None, 'cmake_target_skip_unavailable': False, 'install_base': '/home/rishi/ros2_ws/install/velocity_pub', 'merge_install': False, 'path': '/home/rishi/ros2_ws/src/velocity_pub', 'symlink_install': False, 'test_result_base': None}
[0.268s] INFO:colcon.colcon_core.executor:Executing jobs using 'parallel' executor
[0.269s] DEBUG:colcon.colcon_parallel_executor.executor.parallel:run_until_complete
[0.269s] INFO:colcon.colcon_ros.task.ament_cmake.build:Building ROS package in '/home/rishi/ros2_ws/src/fws_robot_description' with build type 'ament_cmake'
[0.270s] INFO:colcon.colcon_cmake.task.cmake.build:Building CMake package in '/home/rishi/ros2_ws/src/fws_robot_description'
[0.271s] INFO:colcon.colcon_core.plugin_system:Skipping extension 'colcon_core.shell.bat': Not used on non-Windows systems
[0.271s] INFO:colcon.colcon_core.shell:Skip shell extension 'powershell' for command environment: Not usable outside of PowerShell
[0.271s] DEBUG:colcon.colcon_core.shell:Skip shell extension 'dsv' for command environment
[0.273s] INFO:colcon.colcon_ros.task.ament_cmake.build:Building ROS package in '/home/rishi/ros2_ws/src/fws_robot_sim' with build type 'ament_cmake'
[0.273s] INFO:colcon.colcon_cmake.task.cmake.build:Building CMake package in '/home/rishi/ros2_ws/src/fws_robot_sim'
[0.273s] INFO:colcon.colcon_core.shell:Skip shell extension 'powershell' for command environment: Not usable outside of PowerShell
[0.273s] DEBUG:colcon.colcon_core.shell:Skip shell extension 'dsv' for command environment
[0.275s] INFO:colcon.colcon_ros.task.ament_cmake.build:Building ROS package in '/home/rishi/ros2_ws/src/velocity_pub' with build type 'ament_cmake'
[0.276s] INFO:colcon.colcon_cmake.task.cmake.build:Building CMake package in '/home/rishi/ros2_ws/src/velocity_pub'
[0.276s] INFO:colcon.colcon_core.shell:Skip shell extension 'powershell' for command environment: Not usable outside of PowerShell
[0.276s] DEBUG:colcon.colcon_core.shell:Skip shell extension 'dsv' for command environment
[0.280s] DEBUG:colcon.colcon_core.event_handler.log_command:Invoking command in '/home/rishi/ros2_ws/build/fws_robot_description': CMAKE_PREFIX_PATH=${CMAKE_PREFIX_PATH}:/home/rishi/ros2_ws/install/my_robot_controller:/opt/ros/humble /usr/bin/cmake /home/rishi/ros2_ws/src/fws_robot_description -DCMAKE_INSTALL_PREFIX=/home/rishi/ros2_ws/install/fws_robot_description
[0.283s] DEBUG:colcon.colcon_core.event_handler.log_command:Invoking command in '/home/rishi/ros2_ws/build/fws_robot_sim': CMAKE_PREFIX_PATH=${CMAKE_PREFIX_PATH}:/home/rishi/ros2_ws/install/my_robot_controller:/opt/ros/humble /usr/bin/cmake /home/rishi/ros2_ws/src/fws_robot_sim -DCMAKE_INSTALL_PREFIX=/home/rishi/ros2_ws/install/fws_robot_sim
[0.285s] DEBUG:colcon.colcon_core.event_handler.log_command:Invoking command in '/home/rishi/ros2_ws/build/velocity_pub': CMAKE_PREFIX_PATH=${CMAKE_PREFIX_PATH}:/home/rishi/ros2_ws/install/my_robot_controller:/opt/ros/humble /usr/bin/cmake /home/rishi/ros2_ws/src/velocity_pub -DCMAKE_INSTALL_PREFIX=/home/rishi/ros2_ws/install/velocity_pub
[0.756s] DEBUG:colcon.colcon_core.event_handler.log_command:Invoked command in '/home/rishi/ros2_ws/build/fws_robot_sim' returned '0': CMAKE_PREFIX_PATH=${CMAKE_PREFIX_PATH}:/home/rishi/ros2_ws/install/my_robot_controller:/opt/ros/humble /usr/bin/cmake /home/rishi/ros2_ws/src/fws_robot_sim -DCMAKE_INSTALL_PREFIX=/home/rishi/ros2_ws/install/fws_robot_sim
[0.757s] DEBUG:colcon.colcon_core.event_handler.log_command:Invoking command in '/home/rishi/ros2_ws/build/fws_robot_sim': CMAKE_PREFIX_PATH=${CMAKE_PREFIX_PATH}:/home/rishi/ros2_ws/install/my_robot_controller:/opt/ros/humble /usr/bin/cmake --build /home/rishi/ros2_ws/build/fws_robot_sim -- -j8 -l8
[0.782s] DEBUG:colcon.colcon_core.event_handler.log_command:Invoked command in '/home/rishi/ros2_ws/build/fws_robot_sim' returned '0': CMAKE_PREFIX_PATH=${CMAKE_PREFIX_PATH}:/home/rishi/ros2_ws/install/my_robot_controller:/opt/ros/humble /usr/bin/cmake --build /home/rishi/ros2_ws/build/fws_robot_sim -- -j8 -l8
[0.789s] DEBUG:colcon.colcon_core.event_handler.log_command:Invoking command in '/home/rishi/ros2_ws/build/fws_robot_sim': CMAKE_PREFIX_PATH=${CMAKE_PREFIX_PATH}:/home/rishi/ros2_ws/install/my_robot_controller:/opt/ros/humble /usr/bin/cmake --install /home/rishi/ros2_ws/build/fws_robot_sim
[0.798s] Level 1:colcon.colcon_core.environment:create_environment_scripts_only(fws_robot_sim)
[0.798s] DEBUG:colcon.colcon_core.event_handler.log_command:Invoked command in '/home/rishi/ros2_ws/build/fws_robot_sim' returned '0': CMAKE_PREFIX_PATH=${CMAKE_PREFIX_PATH}:/home/rishi/ros2_ws/install/my_robot_controller:/opt/ros/humble /usr/bin/cmake --install /home/rishi/ros2_ws/build/fws_robot_sim
[0.800s] Level 1:colcon.colcon_core.environment:checking '/home/rishi/ros2_ws/install/fws_robot_sim' for CMake module files
[0.800s] Level 1:colcon.colcon_core.environment:checking '/home/rishi/ros2_ws/install/fws_robot_sim' for CMake config files
[0.800s] Level 1:colcon.colcon_core.shell:create_environment_hook('fws_robot_sim', 'cmake_prefix_path')
[0.801s] INFO:colcon.colcon_core.shell:Creating environment hook '/home/rishi/ros2_ws/install/fws_robot_sim/share/fws_robot_sim/hook/cmake_prefix_path.ps1'
[0.801s] INFO:colcon.colcon_core.shell:Creating environment descriptor '/home/rishi/ros2_ws/install/fws_robot_sim/share/fws_robot_sim/hook/cmake_prefix_path.dsv'
[0.802s] INFO:colcon.colcon_core.shell:Creating environment hook '/home/rishi/ros2_ws/install/fws_robot_sim/share/fws_robot_sim/hook/cmake_prefix_path.sh'
[0.802s] Level 1:colcon.colcon_core.environment:checking '/home/rishi/ros2_ws/install/fws_robot_sim/bin'
[0.802s] Level 1:colcon.colcon_core.environment:checking '/home/rishi/ros2_ws/install/fws_robot_sim/lib/pkgconfig/fws_robot_sim.pc'
[0.803s] Level 1:colcon.colcon_core.environment:checking '/home/rishi/ros2_ws/install/fws_robot_sim/lib/python3.10/site-packages'
[0.803s] Level 1:colcon.colcon_core.environment:checking '/home/rishi/ros2_ws/install/fws_robot_sim/bin'
[0.803s] INFO:colcon.colcon_core.shell:Creating package script '/home/rishi/ros2_ws/install/fws_robot_sim/share/fws_robot_sim/package.ps1'
[0.803s] INFO:colcon.colcon_core.shell:Creating package descriptor '/home/rishi/ros2_ws/install/fws_robot_sim/share/fws_robot_sim/package.dsv'
[0.804s] INFO:colcon.colcon_core.shell:Creating package script '/home/rishi/ros2_ws/install/fws_robot_sim/share/fws_robot_sim/package.sh'
[0.804s] INFO:colcon.colcon_core.shell:Creating package script '/home/rishi/ros2_ws/install/fws_robot_sim/share/fws_robot_sim/package.bash'
[0.805s] INFO:colcon.colcon_core.shell:Creating package script '/home/rishi/ros2_ws/install/fws_robot_sim/share/fws_robot_sim/package.zsh'
[0.805s] Level 1:colcon.colcon_core.environment:create_file_with_runtime_dependencies(/home/rishi/ros2_ws/install/fws_robot_sim/share/colcon-core/packages/fws_robot_sim)
[0.806s] Level 1:colcon.colcon_core.environment:create_environment_scripts_only(fws_robot_sim)
[0.806s] Level 1:colcon.colcon_core.environment:checking '/home/rishi/ros2_ws/install/fws_robot_sim' for CMake module files
[0.806s] Level 1:colcon.colcon_core.environment:checking '/home/rishi/ros2_ws/install/fws_robot_sim' for CMake config files
[0.806s] Level 1:colcon.colcon_core.shell:create_environment_hook('fws_robot_sim', 'cmake_prefix_path')
[0.806s] INFO:colcon.colcon_core.shell:Creating environment hook '/home/rishi/ros2_ws/install/fws_robot_sim/share/fws_robot_sim/hook/cmake_prefix_path.ps1'
[0.807s] INFO:colcon.colcon_core.shell:Creating environment descriptor '/home/rishi/ros2_ws/install/fws_robot_sim/share/fws_robot_sim/hook/cmake_prefix_path.dsv'
[0.807s] INFO:colcon.colcon_core.shell:Creating environment hook '/home/rishi/ros2_ws/install/fws_robot_sim/share/fws_robot_sim/hook/cmake_prefix_path.sh'
[0.807s] Level 1:colcon.colcon_core.environment:checking '/home/rishi/ros2_ws/install/fws_robot_sim/bin'
[0.807s] Level 1:colcon.colcon_core.environment:checking '/home/rishi/ros2_ws/install/fws_robot_sim/lib/pkgconfig/fws_robot_sim.pc'
[0.807s] Level 1:colcon.colcon_core.environment:checking '/home/rishi/ros2_ws/install/fws_robot_sim/lib/python3.10/site-packages'
[0.808s] Level 1:colcon.colcon_core.environment:checking '/home/rishi/ros2_ws/install/fws_robot_sim/bin'
[0.808s] INFO:colcon.colcon_core.shell:Creating package script '/home/rishi/ros2_ws/install/fws_robot_sim/share/fws_robot_sim/package.ps1'
[0.808s] INFO:colcon.colcon_core.shell:Creating package descriptor '/home/rishi/ros2_ws/install/fws_robot_sim/share/fws_robot_sim/package.dsv'
[0.808s] INFO:colcon.colcon_core.shell:Creating package script '/home/rishi/ros2_ws/install/fws_robot_sim/share/fws_robot_sim/package.sh'
[0.809s] INFO:colcon.colcon_core.shell:Creating package script '/home/rishi/ros2_ws/install/fws_robot_sim/share/fws_robot_sim/package.bash'
[0.809s] INFO:colcon.colcon_core.shell:Creating package script '/home/rishi/ros2_ws/install/fws_robot_sim/share/fws_robot_sim/package.zsh'
[0.809s] Level 1:colcon.colcon_core.environment:create_file_with_runtime_dependencies(/home/rishi/ros2_ws/install/fws_robot_sim/share/colcon-core/packages/fws_robot_sim)
[1.089s] DEBUG:colcon.colcon_core.event_handler.log_command:Invoked command in '/home/rishi/ros2_ws/build/velocity_pub' returned '0': CMAKE_PREFIX_PATH=${CMAKE_PREFIX_PATH}:/home/rishi/ros2_ws/install/my_robot_controller:/opt/ros/humble /usr/bin/cmake /home/rishi/ros2_ws/src/velocity_pub -DCMAKE_INSTALL_PREFIX=/home/rishi/ros2_ws/install/velocity_pub
[1.090s] DEBUG:colcon.colcon_core.event_handler.log_command:Invoking command in '/home/rishi/ros2_ws/build/velocity_pub': CMAKE_PREFIX_PATH=${CMAKE_PREFIX_PATH}:/home/rishi/ros2_ws/install/my_robot_controller:/opt/ros/humble /usr/bin/cmake --build /home/rishi/ros2_ws/build/velocity_pub -- -j8 -l8
[1.117s] DEBUG:colcon.colcon_core.event_handler.log_command:Invoked command in '/home/rishi/ros2_ws/build/velocity_pub' returned '0': CMAKE_PREFIX_PATH=${CMAKE_PREFIX_PATH}:/home/rishi/ros2_ws/install/my_robot_controller:/opt/ros/humble /usr/bin/cmake --build /home/rishi/ros2_ws/build/velocity_pub -- -j8 -l8
[1.118s] DEBUG:colcon.colcon_core.event_handler.log_command:Invoking command in '/home/rishi/ros2_ws/build/velocity_pub': CMAKE_PREFIX_PATH=${CMAKE_PREFIX_PATH}:/home/rishi/ros2_ws/install/my_robot_controller:/opt/ros/humble /usr/bin/cmake --install /home/rishi/ros2_ws/build/velocity_pub
[1.125s] Level 1:colcon.colcon_core.environment:create_environment_scripts_only(velocity_pub)
[1.126s] Level 1:colcon.colcon_core.environment:checking '/home/rishi/ros2_ws/install/velocity_pub' for CMake module files
[1.126s] DEBUG:colcon.colcon_core.event_handler.log_command:Invoked command in '/home/rishi/ros2_ws/build/velocity_pub' returned '0': CMAKE_PREFIX_PATH=${CMAKE_PREFIX_PATH}:/home/rishi/ros2_ws/install/my_robot_controller:/opt/ros/humble /usr/bin/cmake --install /home/rishi/ros2_ws/build/velocity_pub
[1.126s] Level 1:colcon.colcon_core.environment:checking '/home/rishi/ros2_ws/install/velocity_pub' for CMake config files
[1.126s] Level 1:colcon.colcon_core.shell:create_environment_hook('velocity_pub', 'cmake_prefix_path')
[1.126s] INFO:colcon.colcon_core.shell:Creating environment hook '/home/rishi/ros2_ws/install/velocity_pub/share/velocity_pub/hook/cmake_prefix_path.ps1'
[1.127s] INFO:colcon.colcon_core.shell:Creating environment descriptor '/home/rishi/ros2_ws/install/velocity_pub/share/velocity_pub/hook/cmake_prefix_path.dsv'
[1.127s] INFO:colcon.colcon_core.shell:Creating environment hook '/home/rishi/ros2_ws/install/velocity_pub/share/velocity_pub/hook/cmake_prefix_path.sh'
[1.127s] Level 1:colcon.colcon_core.environment:checking '/home/rishi/ros2_ws/install/velocity_pub/lib'
[1.127s] Level 1:colcon.colcon_core.environment:checking '/home/rishi/ros2_ws/install/velocity_pub/bin'
[1.128s] Level 1:colcon.colcon_core.environment:checking '/home/rishi/ros2_ws/install/velocity_pub/lib/pkgconfig/velocity_pub.pc'
[1.128s] Level 1:colcon.colcon_core.environment:checking '/home/rishi/ros2_ws/install/velocity_pub/lib/python3.10/site-packages'
[1.128s] Level 1:colcon.colcon_core.environment:checking '/home/rishi/ros2_ws/install/velocity_pub/bin'
[1.128s] INFO:colcon.colcon_core.shell:Creating package script '/home/rishi/ros2_ws/install/velocity_pub/share/velocity_pub/package.ps1'
[1.128s] INFO:colcon.colcon_core.shell:Creating package descriptor '/home/rishi/ros2_ws/install/velocity_pub/share/velocity_pub/package.dsv'
[1.129s] INFO:colcon.colcon_core.shell:Creating package script '/home/rishi/ros2_ws/install/velocity_pub/share/velocity_pub/package.sh'
[1.129s] INFO:colcon.colcon_core.shell:Creating package script '/home/rishi/ros2_ws/install/velocity_pub/share/velocity_pub/package.bash'
[1.129s] INFO:colcon.colcon_core.shell:Creating package script '/home/rishi/ros2_ws/install/velocity_pub/share/velocity_pub/package.zsh'
[1.129s] Level 1:colcon.colcon_core.environment:create_file_with_runtime_dependencies(/home/rishi/ros2_ws/install/velocity_pub/share/colcon-core/packages/velocity_pub)
[1.130s] Level 1:colcon.colcon_core.environment:create_environment_scripts_only(velocity_pub)
[1.130s] Level 1:colcon.colcon_core.environment:checking '/home/rishi/ros2_ws/install/velocity_pub' for CMake module files
[1.130s] Level 1:colcon.colcon_core.environment:checking '/home/rishi/ros2_ws/install/velocity_pub' for CMake config files
[1.130s] Level 1:colcon.colcon_core.shell:create_environment_hook('velocity_pub', 'cmake_prefix_path')
[1.130s] INFO:colcon.colcon_core.shell:Creating environment hook '/home/rishi/ros2_ws/install/velocity_pub/share/velocity_pub/hook/cmake_prefix_path.ps1'
[1.131s] INFO:colcon.colcon_core.shell:Creating environment descriptor '/home/rishi/ros2_ws/install/velocity_pub/share/velocity_pub/hook/cmake_prefix_path.dsv'
[1.131s] INFO:colcon.colcon_core.shell:Creating environment hook '/home/rishi/ros2_ws/install/velocity_pub/share/velocity_pub/hook/cmake_prefix_path.sh'
[1.131s] Level 1:colcon.colcon_core.environment:checking '/home/rishi/ros2_ws/install/velocity_pub/lib'
[1.131s] Level 1:colcon.colcon_core.environment:checking '/home/rishi/ros2_ws/install/velocity_pub/bin'
[1.131s] Level 1:colcon.colcon_core.environment:checking '/home/rishi/ros2_ws/install/velocity_pub/lib/pkgconfig/velocity_pub.pc'
[1.132s] Level 1:colcon.colcon_core.environment:checking '/home/rishi/ros2_ws/install/velocity_pub/lib/python3.10/site-packages'
[1.132s] Level 1:colcon.colcon_core.environment:checking '/home/rishi/ros2_ws/install/velocity_pub/bin'
[1.132s] INFO:colcon.colcon_core.shell:Creating package script '/home/rishi/ros2_ws/install/velocity_pub/share/velocity_pub/package.ps1'
[1.132s] INFO:colcon.colcon_core.shell:Creating package descriptor '/home/rishi/ros2_ws/install/velocity_pub/share/velocity_pub/package.dsv'
[1.132s] INFO:colcon.colcon_core.shell:Creating package script '/home/rishi/ros2_ws/install/velocity_pub/share/velocity_pub/package.sh'
[1.133s] INFO:colcon.colcon_core.shell:Creating package script '/home/rishi/ros2_ws/install/velocity_pub/share/velocity_pub/package.bash'
[1.133s] INFO:colcon.colcon_core.shell:Creating package script '/home/rishi/ros2_ws/install/velocity_pub/share/velocity_pub/package.zsh'
[1.133s] Level 1:colcon.colcon_core.environment:create_file_with_runtime_dependencies(/home/rishi/ros2_ws/install/velocity_pub/share/colcon-core/packages/velocity_pub)
[1.234s] DEBUG:colcon.colcon_core.event_handler.log_command:Invoked command in '/home/rishi/ros2_ws/build/fws_robot_description' returned '0': CMAKE_PREFIX_PATH=${CMAKE_PREFIX_PATH}:/home/rishi/ros2_ws/install/my_robot_controller:/opt/ros/humble /usr/bin/cmake /home/rishi/ros2_ws/src/fws_robot_description -DCMAKE_INSTALL_PREFIX=/home/rishi/ros2_ws/install/fws_robot_description
[1.235s] DEBUG:colcon.colcon_core.event_handler.log_command:Invoking command in '/home/rishi/ros2_ws/build/fws_robot_description': CMAKE_PREFIX_PATH=${CMAKE_PREFIX_PATH}:/home/rishi/ros2_ws/install/my_robot_controller:/opt/ros/humble /usr/bin/cmake --build /home/rishi/ros2_ws/build/fws_robot_description -- -j8 -l8
[1.264s] DEBUG:colcon.colcon_core.event_handler.log_command:Invoked command in '/home/rishi/ros2_ws/build/fws_robot_description' returned '0': CMAKE_PREFIX_PATH=${CMAKE_PREFIX_PATH}:/home/rishi/ros2_ws/install/my_robot_controller:/opt/ros/humble /usr/bin/cmake --build /home/rishi/ros2_ws/build/fws_robot_description -- -j8 -l8
[1.265s] DEBUG:colcon.colcon_core.event_handler.log_command:Invoking command in '/home/rishi/ros2_ws/build/fws_robot_description': CMAKE_PREFIX_PATH=${CMAKE_PREFIX_PATH}:/home/rishi/ros2_ws/install/my_robot_controller:/opt/ros/humble /usr/bin/cmake --install /home/rishi/ros2_ws/build/fws_robot_description
[1.326s] Level 1:colcon.colcon_core.environment:create_environment_scripts_only(fws_robot_description)
[1.326s] Level 1:colcon.colcon_core.environment:checking '/home/rishi/ros2_ws/install/fws_robot_description' for CMake module files
[1.326s] DEBUG:colcon.colcon_core.event_handler.log_command:Invoked command in '/home/rishi/ros2_ws/build/fws_robot_description' returned '0': CMAKE_PREFIX_PATH=${CMAKE_PREFIX_PATH}:/home/rishi/ros2_ws/install/my_robot_controller:/opt/ros/humble /usr/bin/cmake --install /home/rishi/ros2_ws/build/fws_robot_description
[1.326s] Level 1:colcon.colcon_core.environment:checking '/home/rishi/ros2_ws/install/fws_robot_description' for CMake config files
[1.327s] Level 1:colcon.colcon_core.shell:create_environment_hook('fws_robot_description', 'cmake_prefix_path')
[1.327s] INFO:colcon.colcon_core.shell:Creating environment hook '/home/rishi/ros2_ws/install/fws_robot_description/share/fws_robot_description/hook/cmake_prefix_path.ps1'
[1.327s] INFO:colcon.colcon_core.shell:Creating environment descriptor '/home/rishi/ros2_ws/install/fws_robot_description/share/fws_robot_description/hook/cmake_prefix_path.dsv'
[1.328s] INFO:colcon.colcon_core.shell:Creating environment hook '/home/rishi/ros2_ws/install/fws_robot_description/share/fws_robot_description/hook/cmake_prefix_path.sh'
[1.328s] Level 1:colcon.colcon_core.environment:checking '/home/rishi/ros2_ws/install/fws_robot_description/bin'
[1.328s] Level 1:colcon.colcon_core.environment:checking '/home/rishi/ros2_ws/install/fws_robot_description/lib/pkgconfig/fws_robot_description.pc'
[1.328s] Level 1:colcon.colcon_core.environment:checking '/home/rishi/ros2_ws/install/fws_robot_description/lib/python3.10/site-packages'
[1.328s] Level 1:colcon.colcon_core.environment:checking '/home/rishi/ros2_ws/install/fws_robot_description/bin'
[1.328s] INFO:colcon.colcon_core.shell:Creating package script '/home/rishi/ros2_ws/install/fws_robot_description/share/fws_robot_description/package.ps1'
[1.329s] INFO:colcon.colcon_core.shell:Creating package descriptor '/home/rishi/ros2_ws/install/fws_robot_description/share/fws_robot_description/package.dsv'
[1.329s] INFO:colcon.colcon_core.shell:Creating package script '/home/rishi/ros2_ws/install/fws_robot_description/share/fws_robot_description/package.sh'
[1.329s] INFO:colcon.colcon_core.shell:Creating package script '/home/rishi/ros2_ws/install/fws_robot_description/share/fws_robot_description/package.bash'
[1.329s] INFO:colcon.colcon_core.shell:Creating package script '/home/rishi/ros2_ws/install/fws_robot_description/share/fws_robot_description/package.zsh'
[1.330s] Level 1:colcon.colcon_core.environment:create_file_with_runtime_dependencies(/home/rishi/ros2_ws/install/fws_robot_description/share/colcon-core/packages/fws_robot_description)
[1.330s] Level 1:colcon.colcon_core.environment:create_environment_scripts_only(fws_robot_description)
[1.330s] Level 1:colcon.colcon_core.environment:checking '/home/rishi/ros2_ws/install/fws_robot_description' for CMake module files
[1.330s] Level 1:colcon.colcon_core.environment:checking '/home/rishi/ros2_ws/install/fws_robot_description' for CMake config files
[1.331s] Level 1:colcon.colcon_core.shell:create_environment_hook('fws_robot_description', 'cmake_prefix_path')
[1.331s] INFO:colcon.colcon_core.shell:Creating environment hook '/home/rishi/ros2_ws/install/fws_robot_description/share/fws_robot_description/hook/cmake_prefix_path.ps1'
[1.331s] INFO:colcon.colcon_core.shell:Creating environment descriptor '/home/rishi/ros2_ws/install/fws_robot_description/share/fws_robot_description/hook/cmake_prefix_path.dsv'
[1.331s] INFO:colcon.colcon_core.shell:Creating environment hook '/home/rishi/ros2_ws/install/fws_robot_description/share/fws_robot_description/hook/cmake_prefix_path.sh'
[1.332s] Level 1:colcon.colcon_core.environment:checking '/home/rishi/ros2_ws/install/fws_robot_description/bin'
[1.332s] Level 1:colcon.colcon_core.environment:checking '/home/rishi/ros2_ws/install/fws_robot_description/lib/pkgconfig/fws_robot_description.pc'
[1.332s] Level 1:colcon.colcon_core.environment:checking '/home/rishi/ros2_ws/install/fws_robot_description/lib/python3.10/site-packages'
[1.332s] Level 1:colcon.colcon_core.environment:checking '/home/rishi/ros2_ws/install/fws_robot_description/bin'
[1.332s] INFO:colcon.colcon_core.shell:Creating package script '/home/rishi/ros2_ws/install/fws_robot_description/share/fws_robot_description/package.ps1'
[1.332s] INFO:colcon.colcon_core.shell:Creating package descriptor '/home/rishi/ros2_ws/install/fws_robot_description/share/fws_robot_description/package.dsv'
[1.333s] INFO:colcon.colcon_core.shell:Creating package script '/home/rishi/ros2_ws/install/fws_robot_description/share/fws_robot_description/package.sh'
[1.333s] INFO:colcon.colcon_core.shell:Creating package script '/home/rishi/ros2_ws/install/fws_robot_description/share/fws_robot_description/package.bash'
[1.333s] INFO:colcon.colcon_core.shell:Creating package script '/home/rishi/ros2_ws/install/fws_robot_description/share/fws_robot_description/package.zsh'
[1.333s] Level 1:colcon.colcon_core.environment:create_file_with_runtime_dependencies(/home/rishi/ros2_ws/install/fws_robot_description/share/colcon-core/packages/fws_robot_description)
[1.334s] DEBUG:colcon.colcon_parallel_executor.executor.parallel:closing loop
[1.334s] DEBUG:colcon.colcon_parallel_executor.executor.parallel:loop closed
[1.334s] DEBUG:colcon.colcon_parallel_executor.executor.parallel:run_until_complete finished with '0'
[1.334s] DEBUG:colcon.colcon_core.event_reactor:joining thread
[1.337s] INFO:colcon.colcon_core.plugin_system:Skipping extension 'colcon_notification.desktop_notification.terminal_notifier': Not used on non-Darwin systems
[1.337s] INFO:colcon.colcon_core.plugin_system:Skipping extension 'colcon_notification.desktop_notification.win32': Not used on non-Windows systems
[1.338s] INFO:colcon.colcon_notification.desktop_notification:Sending desktop notification using 'notify2'
[1.346s] DEBUG:colcon.colcon_core.event_reactor:joined thread
[1.346s] INFO:colcon.colcon_core.shell:Creating prefix script '/home/rishi/ros2_ws/install/local_setup.ps1'
[1.347s] INFO:colcon.colcon_core.shell:Creating prefix util module '/home/rishi/ros2_ws/install/_local_setup_util_ps1.py'
[1.348s] INFO:colcon.colcon_core.shell:Creating prefix chain script '/home/rishi/ros2_ws/install/setup.ps1'
[1.349s] INFO:colcon.colcon_core.shell:Creating prefix script '/home/rishi/ros2_ws/install/local_setup.sh'
[1.349s] INFO:colcon.colcon_core.shell:Creating prefix util module '/home/rishi/ros2_ws/install/_local_setup_util_sh.py'
[1.349s] INFO:colcon.colcon_core.shell:Creating prefix chain script '/home/rishi/ros2_ws/install/setup.sh'
[1.350s] INFO:colcon.colcon_core.shell:Creating prefix script '/home/rishi/ros2_ws/install/local_setup.bash'
[1.351s] INFO:colcon.colcon_core.shell:Creating prefix chain script '/home/rishi/ros2_ws/install/setup.bash'
[1.352s] INFO:colcon.colcon_core.shell:Creating prefix script '/home/rishi/ros2_ws/install/local_setup.zsh'
[1.352s] INFO:colcon.colcon_core.shell:Creating prefix chain script '/home/rishi/ros2_ws/install/setup.zsh'
