[1.484s] Invoking command in '/home/rishi/ros2_ws/src/my_robot_controller': PYTHONPATH=/home/rishi/ros2_ws/build/my_robot_controller/prefix_override:/usr/lib/python3/dist-packages/colcon_core/task/python/colcon_distutils_commands:/home/rishi/ros2_ws/install/my_robot_controller/lib/python3.10/site-packages:${PYTHONPATH} /usr/bin/python3 -W ignore:setup.py install is deprecated -W ignore:easy_install command is deprecated setup.py egg_info --egg-base ../../build/my_robot_controller build --build-base /home/rishi/ros2_ws/build/my_robot_controller/build install --record /home/rishi/ros2_ws/build/my_robot_controller/install.log --single-version-externally-managed install_data
[1.630s] running egg_info
[1.630s] creating ../../build/my_robot_controller/my_robot_controller.egg-info
[1.630s] writing ../../build/my_robot_controller/my_robot_controller.egg-info/PKG-INFO
[1.631s] writing dependency_links to ../../build/my_robot_controller/my_robot_controller.egg-info/dependency_links.txt
[1.631s] writing entry points to ../../build/my_robot_controller/my_robot_controller.egg-info/entry_points.txt
[1.631s] writing requirements to ../../build/my_robot_controller/my_robot_controller.egg-info/requires.txt
[1.631s] writing top-level names to ../../build/my_robot_controller/my_robot_controller.egg-info/top_level.txt
[1.631s] writing manifest file '../../build/my_robot_controller/my_robot_controller.egg-info/SOURCES.txt'
[1.632s] reading manifest file '../../build/my_robot_controller/my_robot_controller.egg-info/SOURCES.txt'
[1.632s] writing manifest file '../../build/my_robot_controller/my_robot_controller.egg-info/SOURCES.txt'
[1.632s] running build
[1.632s] running build_py
[1.632s] creating /home/rishi/ros2_ws/build/my_robot_controller/build
[1.633s] creating /home/rishi/ros2_ws/build/my_robot_controller/build/lib
[1.633s] creating /home/rishi/ros2_ws/build/my_robot_controller/build/lib/my_robot_controller
[1.633s] copying my_robot_controller/__init__.py -> /home/rishi/ros2_ws/build/my_robot_controller/build/lib/my_robot_controller
[1.633s] running install
[1.633s] running install_lib
[1.634s] creating /home/rishi/ros2_ws/install/my_robot_controller/lib/python3.10/site-packages/my_robot_controller
[1.634s] copying /home/rishi/ros2_ws/build/my_robot_controller/build/lib/my_robot_controller/__init__.py -> /home/rishi/ros2_ws/install/my_robot_controller/lib/python3.10/site-packages/my_robot_controller
[1.634s] byte-compiling /home/rishi/ros2_ws/install/my_robot_controller/lib/python3.10/site-packages/my_robot_controller/__init__.py to __init__.cpython-310.pyc
[1.634s] running install_data
[1.634s] creating /home/rishi/ros2_ws/install/my_robot_controller/share/ament_index
[1.634s] creating /home/rishi/ros2_ws/install/my_robot_controller/share/ament_index/resource_index
[1.634s] creating /home/rishi/ros2_ws/install/my_robot_controller/share/ament_index/resource_index/packages
[1.634s] copying resource/my_robot_controller -> /home/rishi/ros2_ws/install/my_robot_controller/share/ament_index/resource_index/packages
[1.634s] copying package.xml -> /home/rishi/ros2_ws/install/my_robot_controller/share/my_robot_controller
[1.634s] running install_egg_info
[1.635s] Copying ../../build/my_robot_controller/my_robot_controller.egg-info to /home/rishi/ros2_ws/install/my_robot_controller/lib/python3.10/site-packages/my_robot_controller-0.0.0-py3.10.egg-info
[1.636s] running install_scripts
[1.651s] writing list of installed files to '/home/rishi/ros2_ws/build/my_robot_controller/install.log'
[1.668s] Invoked command in '/home/rishi/ros2_ws/src/my_robot_controller' returned '0': PYTHONPATH=/home/rishi/ros2_ws/build/my_robot_controller/prefix_override:/usr/lib/python3/dist-packages/colcon_core/task/python/colcon_distutils_commands:/home/rishi/ros2_ws/install/my_robot_controller/lib/python3.10/site-packages:${PYTHONPATH} /usr/bin/python3 -W ignore:setup.py install is deprecated -W ignore:easy_install command is deprecated setup.py egg_info --egg-base ../../build/my_robot_controller build --build-base /home/rishi/ros2_ws/build/my_robot_controller/build install --record /home/rishi/ros2_ws/build/my_robot_controller/install.log --single-version-externally-managed install_data
