[0.105s] Invoking command in '/home/rishi/ros2_ws/build/my_robot_bringup': CMAKE_PREFIX_PATH=${CMAKE_PREFIX_PATH}:/home/rishi/ros2_ws/install/my_robot_controller:/opt/ros/humble /usr/bin/cmake --build /home/rishi/ros2_ws/build/my_robot_bringup -- -j8 -l8
[0.695s] Invoked command in '/home/rishi/ros2_ws/build/my_robot_bringup' returned '0': CMAKE_PREFIX_PATH=${CMAKE_PREFIX_PATH}:/home/rishi/ros2_ws/install/my_robot_controller:/opt/ros/humble /usr/bin/cmake --build /home/rishi/ros2_ws/build/my_robot_bringup -- -j8 -l8
[0.743s] Invoking command in '/home/rishi/ros2_ws/build/my_robot_bringup': CMAKE_PREFIX_PATH=${CMAKE_PREFIX_PATH}:/home/rishi/ros2_ws/install/my_robot_controller:/opt/ros/humble /usr/bin/cmake --install /home/rishi/ros2_ws/build/my_robot_bringup
[0.787s] -- Install configuration: ""
[0.789s] -- Execute custom install script
[0.789s] -- Up-to-date symlink: /home/rishi/ros2_ws/install/my_robot_bringup/share/my_robot_bringup//launch/my_robot_gazebo.launch.xml
[0.789s] -- Up-to-date symlink: /home/rishi/ros2_ws/install/my_robot_bringup/share/my_robot_bringup//config/gazebo_bridge.yaml
[0.789s] -- Up-to-date symlink: /home/rishi/ros2_ws/install/my_robot_bringup/share/my_robot_bringup//worlds/lidar_world.sdf
[0.789s] -- Up-to-date symlink: /home/rishi/ros2_ws/install/my_robot_bringup/share/my_robot_bringup//worlds/test_world.sdf
[0.789s] -- Up-to-date symlink: /home/rishi/ros2_ws/install/my_robot_bringup/share/ament_index/resource_index/package_run_dependencies/my_robot_bringup
[0.790s] -- Up-to-date symlink: /home/rishi/ros2_ws/install/my_robot_bringup/share/ament_index/resource_index/parent_prefix_path/my_robot_bringup
[0.790s] -- Up-to-date symlink: /home/rishi/ros2_ws/install/my_robot_bringup/share/my_robot_bringup/environment/ament_prefix_path.sh
[0.790s] -- Up-to-date symlink: /home/rishi/ros2_ws/install/my_robot_bringup/share/my_robot_bringup/environment/ament_prefix_path.dsv
[0.790s] -- Up-to-date symlink: /home/rishi/ros2_ws/install/my_robot_bringup/share/my_robot_bringup/environment/path.sh
[0.790s] -- Up-to-date symlink: /home/rishi/ros2_ws/install/my_robot_bringup/share/my_robot_bringup/environment/path.dsv
[0.790s] -- Up-to-date symlink: /home/rishi/ros2_ws/install/my_robot_bringup/share/my_robot_bringup/local_setup.bash
[0.790s] -- Up-to-date symlink: /home/rishi/ros2_ws/install/my_robot_bringup/share/my_robot_bringup/local_setup.sh
[0.790s] -- Up-to-date symlink: /home/rishi/ros2_ws/install/my_robot_bringup/share/my_robot_bringup/local_setup.zsh
[0.790s] -- Up-to-date symlink: /home/rishi/ros2_ws/install/my_robot_bringup/share/my_robot_bringup/local_setup.dsv
[0.790s] -- Symlinking: /home/rishi/ros2_ws/install/my_robot_bringup/share/my_robot_bringup/package.dsv
[0.797s] -- Up-to-date symlink: /home/rishi/ros2_ws/install/my_robot_bringup/share/ament_index/resource_index/packages/my_robot_bringup
[0.797s] -- Up-to-date symlink: /home/rishi/ros2_ws/install/my_robot_bringup/share/my_robot_bringup/cmake/my_robot_bringupConfig.cmake
[0.797s] -- Up-to-date symlink: /home/rishi/ros2_ws/install/my_robot_bringup/share/my_robot_bringup/cmake/my_robot_bringupConfig-version.cmake
[0.797s] -- Up-to-date symlink: /home/rishi/ros2_ws/install/my_robot_bringup/share/my_robot_bringup/package.xml
[0.933s] Invoked command in '/home/rishi/ros2_ws/build/my_robot_bringup' returned '0': CMAKE_PREFIX_PATH=${CMAKE_PREFIX_PATH}:/home/rishi/ros2_ws/install/my_robot_controller:/opt/ros/humble /usr/bin/cmake --install /home/rishi/ros2_ws/build/my_robot_bringup
