[0.200s] Invoking command in '/home/rishi/ros2_ws/build/my_robot_bringup': CMAKE_PREFIX_PATH=${CMAKE_PREFIX_PATH}:/home/rishi/ros2_ws/install/my_robot_controller:/opt/ros/humble /usr/bin/cmake /home/rishi/ros2_ws/src/my_robot_bringup -DCMAKE_INSTALL_PREFIX=/home/rishi/ros2_ws/install/my_robot_bringup
[0.877s] -- Found ament_cmake: 1.3.11 (/opt/ros/humble/share/ament_cmake/cmake)
[1.410s] -- Override CMake install command with custom implementation using symlinks instead of copying resources
[2.579s] -- Configuring done
[3.089s] -- Generating done
[3.125s] -- Build files have been written to: /home/rishi/ros2_ws/build/my_robot_bringup
[3.130s] Invoked command in '/home/rishi/ros2_ws/build/my_robot_bringup' returned '0': CMAKE_PREFIX_PATH=${CMAKE_PREFIX_PATH}:/home/rishi/ros2_ws/install/my_robot_controller:/opt/ros/humble /usr/bin/cmake /home/rishi/ros2_ws/src/my_robot_bringup -DCMAKE_INSTALL_PREFIX=/home/rishi/ros2_ws/install/my_robot_bringup
[3.133s] Invoking command in '/home/rishi/ros2_ws/build/my_robot_bringup': CMAKE_PREFIX_PATH=${CMAKE_PREFIX_PATH}:/home/rishi/ros2_ws/install/my_robot_controller:/opt/ros/humble /usr/bin/cmake --build /home/rishi/ros2_ws/build/my_robot_bringup -- -j8 -l8
[3.189s] Invoked command in '/home/rishi/ros2_ws/build/my_robot_bringup' returned '0': CMAKE_PREFIX_PATH=${CMAKE_PREFIX_PATH}:/home/rishi/ros2_ws/install/my_robot_controller:/opt/ros/humble /usr/bin/cmake --build /home/rishi/ros2_ws/build/my_robot_bringup -- -j8 -l8
[3.191s] Invoking command in '/home/rishi/ros2_ws/build/my_robot_bringup': CMAKE_PREFIX_PATH=${CMAKE_PREFIX_PATH}:/home/rishi/ros2_ws/install/my_robot_controller:/opt/ros/humble /usr/bin/cmake --install /home/rishi/ros2_ws/build/my_robot_bringup
[3.197s] -- Install configuration: ""
[3.197s] -- Execute custom install script
[3.198s] -- Up-to-date symlink: /home/rishi/ros2_ws/install/my_robot_bringup/share/my_robot_bringup//launch/my_robot_gazebo.launch.xml
[3.198s] -- Up-to-date symlink: /home/rishi/ros2_ws/install/my_robot_bringup/share/my_robot_bringup//config/gazebo_bridge.yaml
[3.198s] -- Up-to-date symlink: /home/rishi/ros2_ws/install/my_robot_bringup/share/my_robot_bringup//worlds/lidar_world.sdf
[3.198s] -- Up-to-date symlink: /home/rishi/ros2_ws/install/my_robot_bringup/share/my_robot_bringup//worlds/test_world.sdf
[3.198s] -- Up-to-date symlink: /home/rishi/ros2_ws/install/my_robot_bringup/share/ament_index/resource_index/package_run_dependencies/my_robot_bringup
[3.211s] -- Up-to-date symlink: /home/rishi/ros2_ws/install/my_robot_bringup/share/ament_index/resource_index/parent_prefix_path/my_robot_bringup
[3.211s] -- Up-to-date symlink: /home/rishi/ros2_ws/install/my_robot_bringup/share/my_robot_bringup/environment/ament_prefix_path.sh
[3.211s] -- Up-to-date symlink: /home/rishi/ros2_ws/install/my_robot_bringup/share/my_robot_bringup/environment/ament_prefix_path.dsv
[3.211s] -- Up-to-date symlink: /home/rishi/ros2_ws/install/my_robot_bringup/share/my_robot_bringup/environment/path.sh
[3.212s] -- Up-to-date symlink: /home/rishi/ros2_ws/install/my_robot_bringup/share/my_robot_bringup/environment/path.dsv
[3.212s] -- Up-to-date symlink: /home/rishi/ros2_ws/install/my_robot_bringup/share/my_robot_bringup/local_setup.bash
[3.212s] -- Up-to-date symlink: /home/rishi/ros2_ws/install/my_robot_bringup/share/my_robot_bringup/local_setup.sh
[3.212s] -- Up-to-date symlink: /home/rishi/ros2_ws/install/my_robot_bringup/share/my_robot_bringup/local_setup.zsh
[3.212s] -- Up-to-date symlink: /home/rishi/ros2_ws/install/my_robot_bringup/share/my_robot_bringup/local_setup.dsv
[3.213s] -- Symlinking: /home/rishi/ros2_ws/install/my_robot_bringup/share/my_robot_bringup/package.dsv
[3.220s] -- Up-to-date symlink: /home/rishi/ros2_ws/install/my_robot_bringup/share/ament_index/resource_index/packages/my_robot_bringup
[3.221s] -- Up-to-date symlink: /home/rishi/ros2_ws/install/my_robot_bringup/share/my_robot_bringup/cmake/my_robot_bringupConfig.cmake
[3.221s] -- Up-to-date symlink: /home/rishi/ros2_ws/install/my_robot_bringup/share/my_robot_bringup/cmake/my_robot_bringupConfig-version.cmake
[3.221s] -- Up-to-date symlink: /home/rishi/ros2_ws/install/my_robot_bringup/share/my_robot_bringup/package.xml
[3.253s] Invoked command in '/home/rishi/ros2_ws/build/my_robot_bringup' returned '0': CMAKE_PREFIX_PATH=${CMAKE_PREFIX_PATH}:/home/rishi/ros2_ws/install/my_robot_controller:/opt/ros/humble /usr/bin/cmake --install /home/rishi/ros2_ws/build/my_robot_bringup
