[0.129s] DEBUG:colcon:Command line arguments: ['/usr/bin/colcon', 'list', '-p', '--base-paths', '/home/rishi/ros2_ws']
[0.129s] DEBUG:colcon:Parsed command line arguments: Namespace(log_base=None, log_level=None, verb_name='list', build_base='build', ignore_user_meta=False, metas=['./colcon.meta'], base_paths=['/home/rishi/ros2_ws'], packages_ignore=None, packages_ignore_regex=None, paths=None, packages_up_to=None, packages_up_to_regex=None, packages_above=None, packages_above_and_dependencies=None, packages_above_depth=None, packages_select_by_dep=None, packages_skip_by_dep=None, packages_skip_up_to=None, packages_select_build_failed=False, packages_skip_build_finished=False, packages_select_test_failures=False, packages_skip_test_passed=False, packages_select=None, packages_skip=None, packages_select_regex=None, packages_skip_regex=None, packages_start=None, packages_end=None, allow_overriding=[], topological_order=False, names_only=False, paths_only=True, topological_graph=False, topological_graph_dot=False, topological_graph_density=False, topological_graph_legend=False, topological_graph_dot_cluster=False, topological_graph_dot_include_skipped=False, mixin_files=None, mixin=None, verb_parser=<colcon_mixin.mixin.mixin_argument.MixinArgumentDecorator object at 0x771ec2efefb0>, verb_extension=<colcon_package_information.verb.list.ListVerb object at 0x771ec3007250>, main=<bound method ListVerb.main of <colcon_package_information.verb.list.ListVerb object at 0x771ec3007250>>, mixin_verb=('list',))
[0.129s] DEBUG:colcon:Command line arguments: ['/usr/bin/colcon', 'list', '-p', '--base-paths', '/home/rishi/ros2_ws']
[0.129s] DEBUG:colcon:Parsed command line arguments: Namespace(log_base=None, log_level=None, verb_name='list', build_base='build', ignore_user_meta=False, metas=['./colcon.meta'], base_paths=['/home/rishi/ros2_ws'], packages_ignore=None, packages_ignore_regex=None, paths=None, packages_up_to=None, packages_up_to_regex=None, packages_above=None, packages_above_and_dependencies=None, packages_above_depth=None, packages_select_by_dep=None, packages_skip_by_dep=None, packages_skip_up_to=None, packages_select_build_failed=False, packages_skip_build_finished=False, packages_select_test_failures=False, packages_skip_test_passed=False, packages_select=None, packages_skip=None, packages_select_regex=None, packages_skip_regex=None, packages_start=None, packages_end=None, allow_overriding=[], topological_order=False, names_only=False, paths_only=True, topological_graph=False, topological_graph_dot=False, topological_graph_density=False, topological_graph_legend=False, topological_graph_dot_cluster=False, topological_graph_dot_include_skipped=False, mixin_files=None, mixin=None, verb_parser=<colcon_mixin.mixin.mixin_argument.MixinArgumentDecorator object at 0x7287d826efb0>, verb_extension=<colcon_package_information.verb.list.ListVerb object at 0x7287d837b250>, main=<bound method ListVerb.main of <colcon_package_information.verb.list.ListVerb object at 0x7287d837b250>>, mixin_verb=('list',))
[0.341s] Level 1:colcon.colcon_core.package_discovery:discover_packages(colcon_meta) check parameters
[0.341s] Level 1:colcon.colcon_core.package_discovery:discover_packages(recursive) check parameters
[0.342s] Level 1:colcon.colcon_core.package_discovery:discover_packages(ignore) check parameters
[0.342s] Level 1:colcon.colcon_core.package_discovery:discover_packages(path) check parameters
[0.342s] Level 1:colcon.colcon_core.package_discovery:discover_packages(recursive) discover
[0.342s] INFO:colcon.colcon_core.package_discovery:Crawling recursively for packages in '/home/rishi/ros2_ws'
[0.342s] Level 1:colcon.colcon_core.package_identification:_identify(/home/rishi/ros2_ws) by extensions ['ignore', 'ignore_ament_install']
[0.342s] Level 1:colcon.colcon_core.package_identification:_identify(/home/rishi/ros2_ws) by extension 'ignore'
[0.343s] Level 1:colcon.colcon_core.package_identification:_identify(/home/rishi/ros2_ws) by extension 'ignore_ament_install'
[0.343s] Level 1:colcon.colcon_core.package_identification:_identify(/home/rishi/ros2_ws) by extensions ['colcon_pkg']
[0.343s] Level 1:colcon.colcon_core.package_identification:_identify(/home/rishi/ros2_ws) by extension 'colcon_pkg'
[0.343s] Level 1:colcon.colcon_core.package_identification:_identify(/home/rishi/ros2_ws) by extensions ['colcon_meta']
[0.343s] Level 1:colcon.colcon_core.package_identification:_identify(/home/rishi/ros2_ws) by extension 'colcon_meta'
[0.343s] Level 1:colcon.colcon_core.package_identification:_identify(/home/rishi/ros2_ws) by extensions ['ros']
[0.343s] Level 1:colcon.colcon_core.package_identification:_identify(/home/rishi/ros2_ws) by extension 'ros'
[0.361s] Level 1:colcon.colcon_core.package_identification:_identify(/home/rishi/ros2_ws) by extensions ['cmake', 'python']
[0.361s] Level 1:colcon.colcon_core.package_identification:_identify(/home/rishi/ros2_ws) by extension 'cmake'
[0.361s] Level 1:colcon.colcon_core.package_identification:_identify(/home/rishi/ros2_ws) by extension 'python'
[0.361s] Level 1:colcon.colcon_core.package_identification:_identify(/home/rishi/ros2_ws) by extensions ['python_setup_py']
[0.361s] Level 1:colcon.colcon_core.package_identification:_identify(/home/rishi/ros2_ws) by extension 'python_setup_py'
[0.362s] Level 1:colcon.colcon_core.package_identification:_identify(/home/rishi/ros2_ws/build) by extensions ['ignore', 'ignore_ament_install']
[0.362s] Level 1:colcon.colcon_core.package_identification:_identify(/home/rishi/ros2_ws/build) by extension 'ignore'
[0.362s] Level 1:colcon.colcon_core.package_identification:_identify(/home/rishi/ros2_ws/build) ignored
[0.362s] Level 1:colcon.colcon_core.package_identification:_identify(/home/rishi/ros2_ws/install) by extensions ['ignore', 'ignore_ament_install']
[0.362s] Level 1:colcon.colcon_core.package_identification:_identify(/home/rishi/ros2_ws/install) by extension 'ignore'
[0.362s] Level 1:colcon.colcon_core.package_identification:_identify(/home/rishi/ros2_ws/install) ignored
[0.362s] Level 1:colcon.colcon_core.package_identification:_identify(/home/rishi/ros2_ws/log) by extensions ['ignore', 'ignore_ament_install']
[0.363s] Level 1:colcon.colcon_core.package_identification:_identify(/home/rishi/ros2_ws/log) by extension 'ignore'
[0.363s] Level 1:colcon.colcon_core.package_identification:_identify(/home/rishi/ros2_ws/log) ignored
[0.363s] Level 1:colcon.colcon_core.package_identification:_identify(/home/rishi/ros2_ws/src) by extensions ['ignore', 'ignore_ament_install']
[0.363s] Level 1:colcon.colcon_core.package_identification:_identify(/home/rishi/ros2_ws/src) by extension 'ignore'
[0.363s] Level 1:colcon.colcon_core.package_identification:_identify(/home/rishi/ros2_ws/src) by extension 'ignore_ament_install'
[0.363s] Level 1:colcon.colcon_core.package_identification:_identify(/home/rishi/ros2_ws/src) by extensions ['colcon_pkg']
[0.363s] Level 1:colcon.colcon_core.package_identification:_identify(/home/rishi/ros2_ws/src) by extension 'colcon_pkg'
[0.363s] Level 1:colcon.colcon_core.package_identification:_identify(/home/rishi/ros2_ws/src) by extensions ['colcon_meta']
[0.363s] Level 1:colcon.colcon_core.package_identification:_identify(/home/rishi/ros2_ws/src) by extension 'colcon_meta'
[0.363s] Level 1:colcon.colcon_core.package_identification:_identify(/home/rishi/ros2_ws/src) by extensions ['ros']
[0.363s] Level 1:colcon.colcon_core.package_identification:_identify(/home/rishi/ros2_ws/src) by extension 'ros'
[0.363s] Level 1:colcon.colcon_core.package_identification:_identify(/home/rishi/ros2_ws/src) by extensions ['cmake', 'python']
[0.363s] Level 1:colcon.colcon_core.package_identification:_identify(/home/rishi/ros2_ws/src) by extension 'cmake'
[0.363s] Level 1:colcon.colcon_core.package_identification:_identify(/home/rishi/ros2_ws/src) by extension 'python'
[0.363s] Level 1:colcon.colcon_core.package_identification:_identify(/home/rishi/ros2_ws/src) by extensions ['python_setup_py']
[0.363s] Level 1:colcon.colcon_core.package_identification:_identify(/home/rishi/ros2_ws/src) by extension 'python_setup_py'
[0.364s] Level 1:colcon.colcon_core.package_identification:_identify(/home/rishi/ros2_ws/src/my_robot_bringup) by extensions ['ignore', 'ignore_ament_install']
[0.364s] Level 1:colcon.colcon_core.package_identification:_identify(/home/rishi/ros2_ws/src/my_robot_bringup) by extension 'ignore'
[0.364s] Level 1:colcon.colcon_core.package_identification:_identify(/home/rishi/ros2_ws/src/my_robot_bringup) by extension 'ignore_ament_install'
[0.364s] Level 1:colcon.colcon_core.package_identification:_identify(/home/rishi/ros2_ws/src/my_robot_bringup) by extensions ['colcon_pkg']
[0.364s] Level 1:colcon.colcon_core.package_identification:_identify(/home/rishi/ros2_ws/src/my_robot_bringup) by extension 'colcon_pkg'
[0.364s] Level 1:colcon.colcon_core.package_identification:_identify(/home/rishi/ros2_ws/src/my_robot_bringup) by extensions ['colcon_meta']
[0.364s] Level 1:colcon.colcon_core.package_identification:_identify(/home/rishi/ros2_ws/src/my_robot_bringup) by extension 'colcon_meta'
[0.364s] Level 1:colcon.colcon_core.package_identification:_identify(/home/rishi/ros2_ws/src/my_robot_bringup) by extensions ['ros']
[0.364s] Level 1:colcon.colcon_core.package_identification:_identify(/home/rishi/ros2_ws/src/my_robot_bringup) by extension 'ros'
[0.367s] DEBUG:colcon.colcon_core.package_identification:Package '/home/rishi/ros2_ws/src/my_robot_bringup' with type 'ros.ament_cmake' and name 'my_robot_bringup'
[0.367s] Level 1:colcon.colcon_core.package_identification:_identify(/home/rishi/ros2_ws/src/my_robot_controller) by extensions ['ignore', 'ignore_ament_install']
[0.367s] Level 1:colcon.colcon_core.package_identification:_identify(/home/rishi/ros2_ws/src/my_robot_controller) by extension 'ignore'
[0.367s] Level 1:colcon.colcon_core.package_identification:_identify(/home/rishi/ros2_ws/src/my_robot_controller) by extension 'ignore_ament_install'
[0.367s] Level 1:colcon.colcon_core.package_identification:_identify(/home/rishi/ros2_ws/src/my_robot_controller) by extensions ['colcon_pkg']
[0.367s] Level 1:colcon.colcon_core.package_identification:_identify(/home/rishi/ros2_ws/src/my_robot_controller) by extension 'colcon_pkg'
[0.367s] Level 1:colcon.colcon_core.package_identification:_identify(/home/rishi/ros2_ws/src/my_robot_controller) by extensions ['colcon_meta']
[0.367s] Level 1:colcon.colcon_core.package_identification:_identify(/home/rishi/ros2_ws/src/my_robot_controller) by extension 'colcon_meta'
[0.368s] Level 1:colcon.colcon_core.package_identification:_identify(/home/rishi/ros2_ws/src/my_robot_controller) by extensions ['ros']
[0.368s] Level 1:colcon.colcon_core.package_identification:_identify(/home/rishi/ros2_ws/src/my_robot_controller) by extension 'ros'
[0.369s] DEBUG:colcon.colcon_core.package_identification:Package '/home/rishi/ros2_ws/src/my_robot_controller' with type 'ros.ament_python' and name 'my_robot_controller'
[0.369s] Level 1:colcon.colcon_core.package_identification:_identify(/home/rishi/ros2_ws/src/my_robot_description) by extensions ['ignore', 'ignore_ament_install']
[0.369s] Level 1:colcon.colcon_core.package_identification:_identify(/home/rishi/ros2_ws/src/my_robot_description) by extension 'ignore'
[0.370s] Level 1:colcon.colcon_core.package_identification:_identify(/home/rishi/ros2_ws/src/my_robot_description) by extension 'ignore_ament_install'
[0.370s] Level 1:colcon.colcon_core.package_identification:_identify(/home/rishi/ros2_ws/src/my_robot_description) by extensions ['colcon_pkg']
[0.370s] Level 1:colcon.colcon_core.package_identification:_identify(/home/rishi/ros2_ws/src/my_robot_description) by extension 'colcon_pkg'
[0.370s] Level 1:colcon.colcon_core.package_identification:_identify(/home/rishi/ros2_ws/src/my_robot_description) by extensions ['colcon_meta']
[0.370s] Level 1:colcon.colcon_core.package_identification:_identify(/home/rishi/ros2_ws/src/my_robot_description) by extension 'colcon_meta'
[0.370s] Level 1:colcon.colcon_core.package_identification:_identify(/home/rishi/ros2_ws/src/my_robot_description) by extensions ['ros']
[0.370s] Level 1:colcon.colcon_core.package_identification:_identify(/home/rishi/ros2_ws/src/my_robot_description) by extension 'ros'
[0.371s] DEBUG:colcon.colcon_core.package_identification:Package '/home/rishi/ros2_ws/src/my_robot_description' with type 'ros.ament_cmake' and name 'my_robot_description'
[0.371s] Level 1:colcon.colcon_core.package_discovery:discover_packages(recursive) using defaults
[0.366s] Level 1:colcon.colcon_core.package_discovery:discover_packages(colcon_meta) check parameters
[0.366s] Level 1:colcon.colcon_core.package_discovery:discover_packages(recursive) check parameters
[0.366s] Level 1:colcon.colcon_core.package_discovery:discover_packages(ignore) check parameters
[0.366s] Level 1:colcon.colcon_core.package_discovery:discover_packages(path) check parameters
[0.366s] Level 1:colcon.colcon_core.package_discovery:discover_packages(recursive) discover
[0.366s] INFO:colcon.colcon_core.package_discovery:Crawling recursively for packages in '/home/rishi/ros2_ws'
[0.366s] Level 1:colcon.colcon_core.package_identification:_identify(/home/rishi/ros2_ws) by extensions ['ignore', 'ignore_ament_install']
[0.366s] Level 1:colcon.colcon_core.package_identification:_identify(/home/rishi/ros2_ws) by extension 'ignore'
[0.366s] Level 1:colcon.colcon_core.package_identification:_identify(/home/rishi/ros2_ws) by extension 'ignore_ament_install'
[0.366s] Level 1:colcon.colcon_core.package_identification:_identify(/home/rishi/ros2_ws) by extensions ['colcon_pkg']
[0.367s] Level 1:colcon.colcon_core.package_identification:_identify(/home/rishi/ros2_ws) by extension 'colcon_pkg'
[0.367s] Level 1:colcon.colcon_core.package_identification:_identify(/home/rishi/ros2_ws) by extensions ['colcon_meta']
[0.367s] Level 1:colcon.colcon_core.package_identification:_identify(/home/rishi/ros2_ws) by extension 'colcon_meta'
[0.367s] Level 1:colcon.colcon_core.package_identification:_identify(/home/rishi/ros2_ws) by extensions ['ros']
[0.367s] Level 1:colcon.colcon_core.package_identification:_identify(/home/rishi/ros2_ws) by extension 'ros'
[0.385s] Level 1:colcon.colcon_core.package_identification:_identify(/home/rishi/ros2_ws) by extensions ['cmake', 'python']
[0.385s] Level 1:colcon.colcon_core.package_identification:_identify(/home/rishi/ros2_ws) by extension 'cmake'
[0.385s] Level 1:colcon.colcon_core.package_identification:_identify(/home/rishi/ros2_ws) by extension 'python'
[0.385s] Level 1:colcon.colcon_core.package_identification:_identify(/home/rishi/ros2_ws) by extensions ['python_setup_py']
[0.385s] Level 1:colcon.colcon_core.package_identification:_identify(/home/rishi/ros2_ws) by extension 'python_setup_py'
[0.386s] Level 1:colcon.colcon_core.package_identification:_identify(/home/rishi/ros2_ws/build) by extensions ['ignore', 'ignore_ament_install']
[0.386s] Level 1:colcon.colcon_core.package_identification:_identify(/home/rishi/ros2_ws/build) by extension 'ignore'
[0.386s] Level 1:colcon.colcon_core.package_identification:_identify(/home/rishi/ros2_ws/build) ignored
[0.386s] Level 1:colcon.colcon_core.package_identification:_identify(/home/rishi/ros2_ws/install) by extensions ['ignore', 'ignore_ament_install']
[0.386s] Level 1:colcon.colcon_core.package_identification:_identify(/home/rishi/ros2_ws/install) by extension 'ignore'
[0.387s] Level 1:colcon.colcon_core.package_identification:_identify(/home/rishi/ros2_ws/install) ignored
[0.387s] Level 1:colcon.colcon_core.package_identification:_identify(/home/rishi/ros2_ws/log) by extensions ['ignore', 'ignore_ament_install']
[0.387s] Level 1:colcon.colcon_core.package_identification:_identify(/home/rishi/ros2_ws/log) by extension 'ignore'
[0.388s] Level 1:colcon.colcon_core.package_identification:_identify(/home/rishi/ros2_ws/log) ignored
[0.388s] Level 1:colcon.colcon_core.package_identification:_identify(/home/rishi/ros2_ws/src) by extensions ['ignore', 'ignore_ament_install']
[0.388s] Level 1:colcon.colcon_core.package_identification:_identify(/home/rishi/ros2_ws/src) by extension 'ignore'
[0.388s] Level 1:colcon.colcon_core.package_identification:_identify(/home/rishi/ros2_ws/src) by extension 'ignore_ament_install'
[0.388s] Level 1:colcon.colcon_core.package_identification:_identify(/home/rishi/ros2_ws/src) by extensions ['colcon_pkg']
[0.388s] Level 1:colcon.colcon_core.package_identification:_identify(/home/rishi/ros2_ws/src) by extension 'colcon_pkg'
[0.388s] Level 1:colcon.colcon_core.package_identification:_identify(/home/rishi/ros2_ws/src) by extensions ['colcon_meta']
[0.388s] Level 1:colcon.colcon_core.package_identification:_identify(/home/rishi/ros2_ws/src) by extension 'colcon_meta'
[0.388s] Level 1:colcon.colcon_core.package_identification:_identify(/home/rishi/ros2_ws/src) by extensions ['ros']
[0.388s] Level 1:colcon.colcon_core.package_identification:_identify(/home/rishi/ros2_ws/src) by extension 'ros'
[0.389s] Level 1:colcon.colcon_core.package_identification:_identify(/home/rishi/ros2_ws/src) by extensions ['cmake', 'python']
[0.389s] Level 1:colcon.colcon_core.package_identification:_identify(/home/rishi/ros2_ws/src) by extension 'cmake'
[0.389s] Level 1:colcon.colcon_core.package_identification:_identify(/home/rishi/ros2_ws/src) by extension 'python'
[0.389s] Level 1:colcon.colcon_core.package_identification:_identify(/home/rishi/ros2_ws/src) by extensions ['python_setup_py']
[0.389s] Level 1:colcon.colcon_core.package_identification:_identify(/home/rishi/ros2_ws/src) by extension 'python_setup_py'
[0.389s] Level 1:colcon.colcon_core.package_identification:_identify(/home/rishi/ros2_ws/src/my_robot_bringup) by extensions ['ignore', 'ignore_ament_install']
[0.389s] Level 1:colcon.colcon_core.package_identification:_identify(/home/rishi/ros2_ws/src/my_robot_bringup) by extension 'ignore'
[0.389s] Level 1:colcon.colcon_core.package_identification:_identify(/home/rishi/ros2_ws/src/my_robot_bringup) by extension 'ignore_ament_install'
[0.389s] Level 1:colcon.colcon_core.package_identification:_identify(/home/rishi/ros2_ws/src/my_robot_bringup) by extensions ['colcon_pkg']
[0.389s] Level 1:colcon.colcon_core.package_identification:_identify(/home/rishi/ros2_ws/src/my_robot_bringup) by extension 'colcon_pkg'
[0.389s] Level 1:colcon.colcon_core.package_identification:_identify(/home/rishi/ros2_ws/src/my_robot_bringup) by extensions ['colcon_meta']
[0.389s] Level 1:colcon.colcon_core.package_identification:_identify(/home/rishi/ros2_ws/src/my_robot_bringup) by extension 'colcon_meta'
[0.389s] Level 1:colcon.colcon_core.package_identification:_identify(/home/rishi/ros2_ws/src/my_robot_bringup) by extensions ['ros']
[0.389s] Level 1:colcon.colcon_core.package_identification:_identify(/home/rishi/ros2_ws/src/my_robot_bringup) by extension 'ros'
[0.394s] DEBUG:colcon.colcon_core.package_identification:Package '/home/rishi/ros2_ws/src/my_robot_bringup' with type 'ros.ament_cmake' and name 'my_robot_bringup'
[0.394s] Level 1:colcon.colcon_core.package_identification:_identify(/home/rishi/ros2_ws/src/my_robot_controller) by extensions ['ignore', 'ignore_ament_install']
[0.394s] Level 1:colcon.colcon_core.package_identification:_identify(/home/rishi/ros2_ws/src/my_robot_controller) by extension 'ignore'
[0.395s] Level 1:colcon.colcon_core.package_identification:_identify(/home/rishi/ros2_ws/src/my_robot_controller) by extension 'ignore_ament_install'
[0.395s] Level 1:colcon.colcon_core.package_identification:_identify(/home/rishi/ros2_ws/src/my_robot_controller) by extensions ['colcon_pkg']
[0.395s] Level 1:colcon.colcon_core.package_identification:_identify(/home/rishi/ros2_ws/src/my_robot_controller) by extension 'colcon_pkg'
[0.395s] Level 1:colcon.colcon_core.package_identification:_identify(/home/rishi/ros2_ws/src/my_robot_controller) by extensions ['colcon_meta']
[0.395s] Level 1:colcon.colcon_core.package_identification:_identify(/home/rishi/ros2_ws/src/my_robot_controller) by extension 'colcon_meta'
[0.395s] Level 1:colcon.colcon_core.package_identification:_identify(/home/rishi/ros2_ws/src/my_robot_controller) by extensions ['ros']
[0.396s] Level 1:colcon.colcon_core.package_identification:_identify(/home/rishi/ros2_ws/src/my_robot_controller) by extension 'ros'
[0.397s] DEBUG:colcon.colcon_core.package_identification:Package '/home/rishi/ros2_ws/src/my_robot_controller' with type 'ros.ament_python' and name 'my_robot_controller'
[0.397s] Level 1:colcon.colcon_core.package_identification:_identify(/home/rishi/ros2_ws/src/my_robot_description) by extensions ['ignore', 'ignore_ament_install']
[0.398s] Level 1:colcon.colcon_core.package_identification:_identify(/home/rishi/ros2_ws/src/my_robot_description) by extension 'ignore'
[0.398s] Level 1:colcon.colcon_core.package_identification:_identify(/home/rishi/ros2_ws/src/my_robot_description) by extension 'ignore_ament_install'
[0.398s] Level 1:colcon.colcon_core.package_identification:_identify(/home/rishi/ros2_ws/src/my_robot_description) by extensions ['colcon_pkg']
[0.398s] Level 1:colcon.colcon_core.package_identification:_identify(/home/rishi/ros2_ws/src/my_robot_description) by extension 'colcon_pkg'
[0.398s] Level 1:colcon.colcon_core.package_identification:_identify(/home/rishi/ros2_ws/src/my_robot_description) by extensions ['colcon_meta']
[0.398s] Level 1:colcon.colcon_core.package_identification:_identify(/home/rishi/ros2_ws/src/my_robot_description) by extension 'colcon_meta'
[0.398s] Level 1:colcon.colcon_core.package_identification:_identify(/home/rishi/ros2_ws/src/my_robot_description) by extensions ['ros']
[0.398s] Level 1:colcon.colcon_core.package_identification:_identify(/home/rishi/ros2_ws/src/my_robot_description) by extension 'ros'
[0.399s] DEBUG:colcon.colcon_core.package_identification:Package '/home/rishi/ros2_ws/src/my_robot_description' with type 'ros.ament_cmake' and name 'my_robot_description'
[0.399s] Level 1:colcon.colcon_core.package_discovery:discover_packages(recursive) using defaults
