[0.540s] Invoking command in '/home/rishi/ros2_ws/src/my_robot_controller': PYTHONPATH=/home/rishi/ros2_ws/build/my_robot_controller/prefix_override:/usr/lib/python3/dist-packages/colcon_core/task/python/colcon_distutils_commands:/home/rishi/ros2_ws/install/my_robot_controller/lib/python3.10/site-packages:${PYTHONPATH} /usr/bin/python3 -W ignore:setup.py install is deprecated -W ignore:easy_install command is deprecated setup.py egg_info --egg-base ../../build/my_robot_controller build --build-base /home/rishi/ros2_ws/build/my_robot_controller/build install --record /home/rishi/ros2_ws/build/my_robot_controller/install.log --single-version-externally-managed install_data
[0.693s] running egg_info
[0.693s] writing ../../build/my_robot_controller/my_robot_controller.egg-info/PKG-INFO
[0.693s] writing dependency_links to ../../build/my_robot_controller/my_robot_controller.egg-info/dependency_links.txt
[0.693s] writing entry points to ../../build/my_robot_controller/my_robot_controller.egg-info/entry_points.txt
[0.693s] writing requirements to ../../build/my_robot_controller/my_robot_controller.egg-info/requires.txt
[0.693s] writing top-level names to ../../build/my_robot_controller/my_robot_controller.egg-info/top_level.txt
[0.694s] reading manifest file '../../build/my_robot_controller/my_robot_controller.egg-info/SOURCES.txt'
[0.695s] writing manifest file '../../build/my_robot_controller/my_robot_controller.egg-info/SOURCES.txt'
[0.695s] running build
[0.695s] running build_py
[0.695s] copying my_robot_controller/circle_detection.py -> /home/rishi/ros2_ws/build/my_robot_controller/build/lib/my_robot_controller
[0.696s] running install
[0.696s] running install_lib
[0.697s] copying /home/rishi/ros2_ws/build/my_robot_controller/build/lib/my_robot_controller/circle_detection.py -> /home/rishi/ros2_ws/install/my_robot_controller/lib/python3.10/site-packages/my_robot_controller
[0.697s] byte-compiling /home/rishi/ros2_ws/install/my_robot_controller/lib/python3.10/site-packages/my_robot_controller/circle_detection.py to circle_detection.cpython-310.pyc
[0.698s] running install_data
[0.698s] running install_egg_info
[0.699s] removing '/home/rishi/ros2_ws/install/my_robot_controller/lib/python3.10/site-packages/my_robot_controller-0.0.0-py3.10.egg-info' (and everything under it)
[0.699s] Copying ../../build/my_robot_controller/my_robot_controller.egg-info to /home/rishi/ros2_ws/install/my_robot_controller/lib/python3.10/site-packages/my_robot_controller-0.0.0-py3.10.egg-info
[0.700s] running install_scripts
[0.714s] Installing camera_node script to /home/rishi/ros2_ws/install/my_robot_controller/lib/my_robot_controller
[0.714s] Installing circle_node script to /home/rishi/ros2_ws/install/my_robot_controller/lib/my_robot_controller
[0.714s] Installing test_node script to /home/rishi/ros2_ws/install/my_robot_controller/lib/my_robot_controller
[0.714s] writing list of installed files to '/home/rishi/ros2_ws/build/my_robot_controller/install.log'
[0.733s] Invoked command in '/home/rishi/ros2_ws/src/my_robot_controller' returned '0': PYTHONPATH=/home/rishi/ros2_ws/build/my_robot_controller/prefix_override:/usr/lib/python3/dist-packages/colcon_core/task/python/colcon_distutils_commands:/home/rishi/ros2_ws/install/my_robot_controller/lib/python3.10/site-packages:${PYTHONPATH} /usr/bin/python3 -W ignore:setup.py install is deprecated -W ignore:easy_install command is deprecated setup.py egg_info --egg-base ../../build/my_robot_controller build --build-base /home/rishi/ros2_ws/build/my_robot_controller/build install --record /home/rishi/ros2_ws/build/my_robot_controller/install.log --single-version-externally-managed install_data
