[0.009s] Invoking command in '/home/rishi/ros2_ws/build/velocity_pub': CMAKE_PREFIX_PATH=${CMAKE_PREFIX_PATH}:/home/rishi/ros2_ws/install/my_robot_controller:/opt/ros/humble /usr/bin/cmake /home/rishi/ros2_ws/src/velocity_pub -DCMAKE_INSTALL_PREFIX=/home/rishi/ros2_ws/install/velocity_pub
[0.044s] -- The C compiler identification is GNU 11.4.0
[0.083s] -- The CXX compiler identification is GNU 11.4.0
[0.089s] -- Detecting C compiler ABI info
[0.146s] -- Detecting C compiler ABI info - done
[0.151s] -- Check for working C compiler: /usr/bin/cc - skipped
[0.151s] -- Detecting C compile features
[0.151s] -- Detecting C compile features - done
[0.153s] -- Detecting CXX compiler ABI info
[0.208s] -- Detecting CXX compiler ABI info - done
[0.214s] -- Check for working CXX compiler: /usr/bin/c++ - skipped
[0.214s] -- Detecting CXX compile features
[0.214s] -- Detecting CXX compile features - done
[0.216s] -- Found ament_cmake: 1.3.11 (/opt/ros/humble/share/ament_cmake/cmake)
[0.329s] -- Found Python3: /usr/bin/python3 (found version "3.10.12") found components: Interpreter 
[0.393s] -- Found rclcpp: 16.0.12 (/opt/ros/humble/share/rclcpp/cmake)
[0.422s] -- Found rosidl_generator_c: 3.1.6 (/opt/ros/humble/share/rosidl_generator_c/cmake)
[0.425s] -- Found rosidl_adapter: 3.1.6 (/opt/ros/humble/share/rosidl_adapter/cmake)
[0.431s] -- Found rosidl_generator_cpp: 3.1.6 (/opt/ros/humble/share/rosidl_generator_cpp/cmake)
[0.440s] -- Using all available rosidl_typesupport_c: rosidl_typesupport_fastrtps_c;rosidl_typesupport_introspection_c
[0.452s] -- Using all available rosidl_typesupport_cpp: rosidl_typesupport_fastrtps_cpp;rosidl_typesupport_introspection_cpp
[0.482s] -- Found rmw_implementation_cmake: 6.1.2 (/opt/ros/humble/share/rmw_implementation_cmake/cmake)
[0.482s] -- Found rmw_fastrtps_cpp: 6.2.7 (/opt/ros/humble/share/rmw_fastrtps_cpp/cmake)
[0.541s] -- Found OpenSSL: /usr/lib/x86_64-linux-gnu/libcrypto.so (found version "3.0.2")  
[0.561s] -- Found FastRTPS: /opt/ros/humble/include  
[0.591s] -- Using RMW implementation 'rmw_fastrtps_cpp' as default
[0.596s] -- Looking for pthread.h
[0.649s] -- Looking for pthread.h - found
[0.649s] -- Performing Test CMAKE_HAVE_LIBC_PTHREAD
[0.698s] -- Performing Test CMAKE_HAVE_LIBC_PTHREAD - Success
[0.698s] -- Found Threads: TRUE  
[0.735s] -- Found geometry_msgs: 4.8.0 (/opt/ros/humble/share/geometry_msgs/cmake)
[0.745s] -- Found ament_lint_auto: 0.12.12 (/opt/ros/humble/share/ament_lint_auto/cmake)
[0.800s] -- Added test 'copyright' to check source files copyright and LICENSE
[0.801s] -- Added test 'flake8' to check Python code syntax and style conventions
[0.801s] -- Added test 'lint_cmake' to check CMake code style
[0.801s] -- Added test 'pep257' to check Python code against some of the docstring style conventions in PEP 257
[0.802s] -- Added test 'xmllint' to check XML markup files
[0.802s] -- Configuring done
[0.805s] -- Generating done
[0.806s] -- Build files have been written to: /home/rishi/ros2_ws/build/velocity_pub
[0.813s] Invoked command in '/home/rishi/ros2_ws/build/velocity_pub' returned '0': CMAKE_PREFIX_PATH=${CMAKE_PREFIX_PATH}:/home/rishi/ros2_ws/install/my_robot_controller:/opt/ros/humble /usr/bin/cmake /home/rishi/ros2_ws/src/velocity_pub -DCMAKE_INSTALL_PREFIX=/home/rishi/ros2_ws/install/velocity_pub
[0.814s] Invoking command in '/home/rishi/ros2_ws/build/velocity_pub': CMAKE_PREFIX_PATH=${CMAKE_PREFIX_PATH}:/home/rishi/ros2_ws/install/my_robot_controller:/opt/ros/humble /usr/bin/cmake --build /home/rishi/ros2_ws/build/velocity_pub -- -j8 -l8
[0.841s] Invoked command in '/home/rishi/ros2_ws/build/velocity_pub' returned '0': CMAKE_PREFIX_PATH=${CMAKE_PREFIX_PATH}:/home/rishi/ros2_ws/install/my_robot_controller:/opt/ros/humble /usr/bin/cmake --build /home/rishi/ros2_ws/build/velocity_pub -- -j8 -l8
[0.842s] Invoking command in '/home/rishi/ros2_ws/build/velocity_pub': CMAKE_PREFIX_PATH=${CMAKE_PREFIX_PATH}:/home/rishi/ros2_ws/install/my_robot_controller:/opt/ros/humble /usr/bin/cmake --install /home/rishi/ros2_ws/build/velocity_pub
[0.847s] -- Install configuration: ""
[0.847s] -- Installing: /home/rishi/ros2_ws/install/velocity_pub/share/velocity_pub//scripts
[0.847s] -- Installing: /home/rishi/ros2_ws/install/velocity_pub/share/velocity_pub//scripts/robot_control.py
[0.847s] -- Installing: /home/rishi/ros2_ws/install/velocity_pub/share/velocity_pub//launch
[0.847s] -- Installing: /home/rishi/ros2_ws/install/velocity_pub/share/velocity_pub//launch/four_ws_control.launch.py
[0.847s] -- Installing: /home/rishi/ros2_ws/install/velocity_pub/lib/velocity_pub/robot_control.py
[0.848s] -- Installing: /home/rishi/ros2_ws/install/velocity_pub/lib/velocity_pub/four_ws_control.launch.py
[0.848s] -- Installing: /home/rishi/ros2_ws/install/velocity_pub/share/ament_index/resource_index/package_run_dependencies/velocity_pub
[0.848s] -- Installing: /home/rishi/ros2_ws/install/velocity_pub/share/ament_index/resource_index/parent_prefix_path/velocity_pub
[0.848s] -- Installing: /home/rishi/ros2_ws/install/velocity_pub/share/velocity_pub/environment/ament_prefix_path.sh
[0.848s] -- Installing: /home/rishi/ros2_ws/install/velocity_pub/share/velocity_pub/environment/ament_prefix_path.dsv
[0.848s] -- Installing: /home/rishi/ros2_ws/install/velocity_pub/share/velocity_pub/environment/path.sh
[0.848s] -- Installing: /home/rishi/ros2_ws/install/velocity_pub/share/velocity_pub/environment/path.dsv
[0.848s] -- Installing: /home/rishi/ros2_ws/install/velocity_pub/share/velocity_pub/local_setup.bash
[0.848s] -- Installing: /home/rishi/ros2_ws/install/velocity_pub/share/velocity_pub/local_setup.sh
[0.848s] -- Installing: /home/rishi/ros2_ws/install/velocity_pub/share/velocity_pub/local_setup.zsh
[0.848s] -- Installing: /home/rishi/ros2_ws/install/velocity_pub/share/velocity_pub/local_setup.dsv
[0.848s] -- Installing: /home/rishi/ros2_ws/install/velocity_pub/share/velocity_pub/package.dsv
[0.848s] -- Installing: /home/rishi/ros2_ws/install/velocity_pub/share/ament_index/resource_index/packages/velocity_pub
[0.849s] -- Installing: /home/rishi/ros2_ws/install/velocity_pub/share/velocity_pub/cmake/velocity_pubConfig.cmake
[0.849s] -- Installing: /home/rishi/ros2_ws/install/velocity_pub/share/velocity_pub/cmake/velocity_pubConfig-version.cmake
[0.849s] -- Installing: /home/rishi/ros2_ws/install/velocity_pub/share/velocity_pub/package.xml
[0.850s] Invoked command in '/home/rishi/ros2_ws/build/velocity_pub' returned '0': CMAKE_PREFIX_PATH=${CMAKE_PREFIX_PATH}:/home/rishi/ros2_ws/install/my_robot_controller:/opt/ros/humble /usr/bin/cmake --install /home/rishi/ros2_ws/build/velocity_pub
