[0.009s] Invoking command in '/home/rishi/ros2_ws/build/fws_robot_sim': CMAKE_PREFIX_PATH=${CMAKE_PREFIX_PATH}:/home/rishi/ros2_ws/install/my_robot_controller:/opt/ros/humble /usr/bin/cmake /home/rishi/ros2_ws/src/fws_robot_sim -DCMAKE_INSTALL_PREFIX=/home/rishi/ros2_ws/install/fws_robot_sim
[0.044s] -- The C compiler identification is GNU 11.4.0
[0.084s] -- The CXX compiler identification is GNU 11.4.0
[0.091s] -- Detecting C compiler ABI info
[0.148s] -- Detecting C compiler ABI info - done
[0.153s] -- Check for working C compiler: /usr/bin/cc - skipped
[0.154s] -- Detecting C compile features
[0.154s] -- Detecting C compile features - done
[0.156s] -- Detecting CXX compiler ABI info
[0.211s] -- Detecting CXX compiler ABI info - done
[0.218s] -- Check for working CXX compiler: /usr/bin/c++ - skipped
[0.218s] -- Detecting CXX compile features
[0.218s] -- Detecting CXX compile features - done
[0.220s] -- Found ament_cmake: 1.3.11 (/opt/ros/humble/share/ament_cmake/cmake)
[0.330s] -- Found Python3: /usr/bin/python3 (found version "3.10.12") found components: Interpreter 
[0.404s] -- Found xacro: 2.0.13 (/opt/ros/humble/share/xacro/cmake)
[0.405s] -- Found ament_lint_auto: 0.12.12 (/opt/ros/humble/share/ament_lint_auto/cmake)
[0.469s] -- Added test 'copyright' to check source files copyright and LICENSE
[0.471s] -- Added test 'flake8' to check Python code syntax and style conventions
[0.471s] -- Added test 'lint_cmake' to check CMake code style
[0.472s] -- Added test 'pep257' to check Python code against some of the docstring style conventions in PEP 257
[0.473s] -- Added test 'xmllint' to check XML markup files
[0.474s] -- Configuring done
[0.476s] -- Generating done
[0.478s] -- Build files have been written to: /home/rishi/ros2_ws/build/fws_robot_sim
[0.482s] Invoked command in '/home/rishi/ros2_ws/build/fws_robot_sim' returned '0': CMAKE_PREFIX_PATH=${CMAKE_PREFIX_PATH}:/home/rishi/ros2_ws/install/my_robot_controller:/opt/ros/humble /usr/bin/cmake /home/rishi/ros2_ws/src/fws_robot_sim -DCMAKE_INSTALL_PREFIX=/home/rishi/ros2_ws/install/fws_robot_sim
[0.484s] Invoking command in '/home/rishi/ros2_ws/build/fws_robot_sim': CMAKE_PREFIX_PATH=${CMAKE_PREFIX_PATH}:/home/rishi/ros2_ws/install/my_robot_controller:/opt/ros/humble /usr/bin/cmake --build /home/rishi/ros2_ws/build/fws_robot_sim -- -j8 -l8
[0.509s] Invoked command in '/home/rishi/ros2_ws/build/fws_robot_sim' returned '0': CMAKE_PREFIX_PATH=${CMAKE_PREFIX_PATH}:/home/rishi/ros2_ws/install/my_robot_controller:/opt/ros/humble /usr/bin/cmake --build /home/rishi/ros2_ws/build/fws_robot_sim -- -j8 -l8
[0.515s] Invoking command in '/home/rishi/ros2_ws/build/fws_robot_sim': CMAKE_PREFIX_PATH=${CMAKE_PREFIX_PATH}:/home/rishi/ros2_ws/install/my_robot_controller:/opt/ros/humble /usr/bin/cmake --install /home/rishi/ros2_ws/build/fws_robot_sim
[0.521s] -- Install configuration: ""
[0.521s] -- Installing: /home/rishi/ros2_ws/install/fws_robot_sim/share/fws_robot_sim/launch
[0.522s] -- Installing: /home/rishi/ros2_ws/install/fws_robot_sim/share/fws_robot_sim/launch/fws_robot_spawn.launch.py
[0.522s] -- Installing: /home/rishi/ros2_ws/install/fws_robot_sim/share/fws_robot_sim/worlds
[0.522s] -- Installing: /home/rishi/ros2_ws/install/fws_robot_sim/share/fws_robot_sim/worlds/fws_robot_world.sdf
[0.522s] -- Installing: /home/rishi/ros2_ws/install/fws_robot_sim/share/ament_index/resource_index/package_run_dependencies/fws_robot_sim
[0.522s] -- Installing: /home/rishi/ros2_ws/install/fws_robot_sim/share/ament_index/resource_index/parent_prefix_path/fws_robot_sim
[0.522s] -- Installing: /home/rishi/ros2_ws/install/fws_robot_sim/share/fws_robot_sim/environment/ament_prefix_path.sh
[0.522s] -- Installing: /home/rishi/ros2_ws/install/fws_robot_sim/share/fws_robot_sim/environment/ament_prefix_path.dsv
[0.522s] -- Installing: /home/rishi/ros2_ws/install/fws_robot_sim/share/fws_robot_sim/environment/path.sh
[0.522s] -- Installing: /home/rishi/ros2_ws/install/fws_robot_sim/share/fws_robot_sim/environment/path.dsv
[0.522s] -- Installing: /home/rishi/ros2_ws/install/fws_robot_sim/share/fws_robot_sim/local_setup.bash
[0.523s] -- Installing: /home/rishi/ros2_ws/install/fws_robot_sim/share/fws_robot_sim/local_setup.sh
[0.523s] -- Installing: /home/rishi/ros2_ws/install/fws_robot_sim/share/fws_robot_sim/local_setup.zsh
[0.523s] -- Installing: /home/rishi/ros2_ws/install/fws_robot_sim/share/fws_robot_sim/local_setup.dsv
[0.523s] -- Installing: /home/rishi/ros2_ws/install/fws_robot_sim/share/fws_robot_sim/package.dsv
[0.523s] -- Installing: /home/rishi/ros2_ws/install/fws_robot_sim/share/ament_index/resource_index/packages/fws_robot_sim
[0.523s] -- Installing: /home/rishi/ros2_ws/install/fws_robot_sim/share/fws_robot_sim/cmake/fws_robot_simConfig.cmake
[0.523s] -- Installing: /home/rishi/ros2_ws/install/fws_robot_sim/share/fws_robot_sim/cmake/fws_robot_simConfig-version.cmake
[0.523s] -- Installing: /home/rishi/ros2_ws/install/fws_robot_sim/share/fws_robot_sim/package.xml
[0.525s] Invoked command in '/home/rishi/ros2_ws/build/fws_robot_sim' returned '0': CMAKE_PREFIX_PATH=${CMAKE_PREFIX_PATH}:/home/rishi/ros2_ws/install/my_robot_controller:/opt/ros/humble /usr/bin/cmake --install /home/rishi/ros2_ws/build/fws_robot_sim
