[0.199s] Invoking command in '/home/rishi/ros2_ws/build/my_robot_description': CMAKE_PREFIX_PATH=${CMAKE_PREFIX_PATH}:/home/rishi/ros2_ws/install/my_robot_controller:/opt/ros/humble /usr/bin/cmake /home/rishi/ros2_ws/src/my_robot_description -DAMENT_CMAKE_SYMLINK_INSTALL=1 -DCMAKE_INSTALL_PREFIX=/home/rishi/ros2_ws/install/my_robot_description
[0.226s] -- Found ament_cmake: 1.3.11 (/opt/ros/humble/share/ament_cmake/cmake)
[0.328s] -- Override CMake install command with custom implementation using symlinks instead of copying resources
[0.546s] -- Configuring done
[0.550s] -- Generating done
[0.551s] -- Build files have been written to: /home/rishi/ros2_ws/build/my_robot_description
[0.555s] Invoked command in '/home/rishi/ros2_ws/build/my_robot_description' returned '0': CMAKE_PREFIX_PATH=${CMAKE_PREFIX_PATH}:/home/rishi/ros2_ws/install/my_robot_controller:/opt/ros/humble /usr/bin/cmake /home/rishi/ros2_ws/src/my_robot_description -DAMENT_CMAKE_SYMLINK_INSTALL=1 -DCMAKE_INSTALL_PREFIX=/home/rishi/ros2_ws/install/my_robot_description
[0.556s] Invoking command in '/home/rishi/ros2_ws/build/my_robot_description': CMAKE_PREFIX_PATH=${CMAKE_PREFIX_PATH}:/home/rishi/ros2_ws/install/my_robot_controller:/opt/ros/humble /usr/bin/cmake --build /home/rishi/ros2_ws/build/my_robot_description -- -j8 -l8
[0.581s] Invoked command in '/home/rishi/ros2_ws/build/my_robot_description' returned '0': CMAKE_PREFIX_PATH=${CMAKE_PREFIX_PATH}:/home/rishi/ros2_ws/install/my_robot_controller:/opt/ros/humble /usr/bin/cmake --build /home/rishi/ros2_ws/build/my_robot_description -- -j8 -l8
[0.582s] Invoking command in '/home/rishi/ros2_ws/build/my_robot_description': CMAKE_PREFIX_PATH=${CMAKE_PREFIX_PATH}:/home/rishi/ros2_ws/install/my_robot_controller:/opt/ros/humble /usr/bin/cmake --install /home/rishi/ros2_ws/build/my_robot_description
[0.587s] -- Install configuration: ""
[0.587s] -- Execute custom install script
[0.587s] -- Symlinking: /home/rishi/ros2_ws/install/my_robot_description/share/my_robot_description//urdf/camera.xacro
[0.594s] -- Symlinking: /home/rishi/ros2_ws/install/my_robot_description/share/my_robot_description//urdf/common_properties.xacro
[0.600s] -- Symlinking: /home/rishi/ros2_ws/install/my_robot_description/share/my_robot_description//urdf/mobile_base.xacro
[0.606s] -- Symlinking: /home/rishi/ros2_ws/install/my_robot_description/share/my_robot_description//urdf/mobile_base_gazebo.xacro
[0.612s] -- Symlinking: /home/rishi/ros2_ws/install/my_robot_description/share/my_robot_description//urdf/my_robot.urdf.xacro
[0.618s] -- Symlinking: /home/rishi/ros2_ws/install/my_robot_description/share/my_robot_description//launch/display.launch.py
[0.624s] -- Symlinking: /home/rishi/ros2_ws/install/my_robot_description/share/my_robot_description//launch/display.launch.xml
[0.631s] -- Symlinking: /home/rishi/ros2_ws/install/my_robot_description/share/my_robot_description//rviz/urdf_config.rviz
[0.637s] -- Symlinking: /home/rishi/ros2_ws/install/my_robot_description/share/ament_index/resource_index/package_run_dependencies/my_robot_description
[0.645s] -- Symlinking: /home/rishi/ros2_ws/install/my_robot_description/share/ament_index/resource_index/parent_prefix_path/my_robot_description
[0.651s] -- Symlinking: /home/rishi/ros2_ws/install/my_robot_description/share/my_robot_description/environment/ament_prefix_path.sh
[0.659s] -- Symlinking: /home/rishi/ros2_ws/install/my_robot_description/share/my_robot_description/environment/ament_prefix_path.dsv
[0.665s] -- Symlinking: /home/rishi/ros2_ws/install/my_robot_description/share/my_robot_description/environment/path.sh
[0.671s] -- Symlinking: /home/rishi/ros2_ws/install/my_robot_description/share/my_robot_description/environment/path.dsv
[0.677s] -- Symlinking: /home/rishi/ros2_ws/install/my_robot_description/share/my_robot_description/local_setup.bash
[0.683s] -- Symlinking: /home/rishi/ros2_ws/install/my_robot_description/share/my_robot_description/local_setup.sh
[0.691s] -- Symlinking: /home/rishi/ros2_ws/install/my_robot_description/share/my_robot_description/local_setup.zsh
[0.697s] -- Symlinking: /home/rishi/ros2_ws/install/my_robot_description/share/my_robot_description/local_setup.dsv
[0.704s] -- Symlinking: /home/rishi/ros2_ws/install/my_robot_description/share/my_robot_description/package.dsv
[0.710s] -- Symlinking: /home/rishi/ros2_ws/install/my_robot_description/share/ament_index/resource_index/packages/my_robot_description
[0.716s] -- Symlinking: /home/rishi/ros2_ws/install/my_robot_description/share/my_robot_description/cmake/my_robot_descriptionConfig.cmake
[0.722s] -- Symlinking: /home/rishi/ros2_ws/install/my_robot_description/share/my_robot_description/cmake/my_robot_descriptionConfig-version.cmake
[0.728s] -- Symlinking: /home/rishi/ros2_ws/install/my_robot_description/share/my_robot_description/package.xml
[0.736s] Invoked command in '/home/rishi/ros2_ws/build/my_robot_description' returned '0': CMAKE_PREFIX_PATH=${CMAKE_PREFIX_PATH}:/home/rishi/ros2_ws/install/my_robot_controller:/opt/ros/humble /usr/bin/cmake --install /home/rishi/ros2_ws/build/my_robot_description
