[0.477s] Invoking command in '/home/rishi/ros2_ws/build/my_robot_controller': PYTHONPATH=/home/rishi/ros2_ws/build/my_robot_controller/prefix_override:/usr/lib/python3/dist-packages/colcon_core/task/python/colcon_distutils_commands:/home/rishi/ros2_ws/install/my_robot_controller/lib/python3.10/site-packages:${PYTHONPATH} /usr/bin/python3 -W ignore:setup.py install is deprecated -W ignore:easy_install command is deprecated setup.py develop --editable --build-directory /home/rishi/ros2_ws/build/my_robot_controller/build --no-deps symlink_data
[0.654s] running develop
[0.763s] running egg_info
[0.763s] writing my_robot_controller.egg-info/PKG-INFO
[0.763s] writing dependency_links to my_robot_controller.egg-info/dependency_links.txt
[0.763s] writing entry points to my_robot_controller.egg-info/entry_points.txt
[0.764s] writing requirements to my_robot_controller.egg-info/requires.txt
[0.764s] writing top-level names to my_robot_controller.egg-info/top_level.txt
[0.765s] reading manifest file 'my_robot_controller.egg-info/SOURCES.txt'
[0.766s] writing manifest file 'my_robot_controller.egg-info/SOURCES.txt'
[0.767s] running build_ext
[0.767s] Creating /home/rishi/ros2_ws/install/my_robot_controller/lib/python3.10/site-packages/my-robot-controller.egg-link (link to .)
[0.768s] Installing camera_node script to /home/rishi/ros2_ws/install/my_robot_controller/lib/my_robot_controller
[0.768s] Installing circle_node script to /home/rishi/ros2_ws/install/my_robot_controller/lib/my_robot_controller
[0.768s] Installing follower_node script to /home/rishi/ros2_ws/install/my_robot_controller/lib/my_robot_controller
[0.768s] Installing publisher_node script to /home/rishi/ros2_ws/install/my_robot_controller/lib/my_robot_controller
[0.768s] Installing test_node script to /home/rishi/ros2_ws/install/my_robot_controller/lib/my_robot_controller
[0.768s] 
[0.768s] Installed /home/rishi/ros2_ws/build/my_robot_controller
[0.768s] running symlink_data
[0.789s] Invoked command in '/home/rishi/ros2_ws/build/my_robot_controller' returned '0': PYTHONPATH=/home/rishi/ros2_ws/build/my_robot_controller/prefix_override:/usr/lib/python3/dist-packages/colcon_core/task/python/colcon_distutils_commands:/home/rishi/ros2_ws/install/my_robot_controller/lib/python3.10/site-packages:${PYTHONPATH} /usr/bin/python3 -W ignore:setup.py install is deprecated -W ignore:easy_install command is deprecated setup.py develop --editable --build-directory /home/rishi/ros2_ws/build/my_robot_controller/build --no-deps symlink_data
