[0.018s] Invoking command in '/home/rishi/ros2_ws/build/my_robot_bringup': CMAKE_PREFIX_PATH=${CMAKE_PREFIX_PATH}:/home/rishi/ros2_ws/install/my_robot_controller:/opt/ros/humble /usr/bin/cmake --build /home/rishi/ros2_ws/build/my_robot_bringup -- -j8 -l8
[0.233s] Invoked command in '/home/rishi/ros2_ws/build/my_robot_bringup' returned '0': CMAKE_PREFIX_PATH=${CMAKE_PREFIX_PATH}:/home/rishi/ros2_ws/install/my_robot_controller:/opt/ros/humble /usr/bin/cmake --build /home/rishi/ros2_ws/build/my_robot_bringup -- -j8 -l8
[0.241s] Invoking command in '/home/rishi/ros2_ws/build/my_robot_bringup': CMAKE_PREFIX_PATH=${CMAKE_PREFIX_PATH}:/home/rishi/ros2_ws/install/my_robot_controller:/opt/ros/humble /usr/bin/cmake --install /home/rishi/ros2_ws/build/my_robot_bringup
[0.248s] -- Install configuration: ""
[0.249s] -- Execute custom install script
[0.249s] -- Up-to-date symlink: /home/rishi/ros2_ws/install/my_robot_bringup/share/my_robot_bringup//launch/my_robot_gazebo.launch.xml
[0.249s] -- Up-to-date symlink: /home/rishi/ros2_ws/install/my_robot_bringup/share/my_robot_bringup//config/gazebo_bridge.yaml
[0.250s] -- Up-to-date symlink: /home/rishi/ros2_ws/install/my_robot_bringup/share/my_robot_bringup//worlds/test_world.sdf
[0.250s] -- Up-to-date symlink: /home/rishi/ros2_ws/install/my_robot_bringup/share/ament_index/resource_index/package_run_dependencies/my_robot_bringup
[0.250s] -- Up-to-date symlink: /home/rishi/ros2_ws/install/my_robot_bringup/share/ament_index/resource_index/parent_prefix_path/my_robot_bringup
[0.250s] -- Up-to-date symlink: /home/rishi/ros2_ws/install/my_robot_bringup/share/my_robot_bringup/environment/ament_prefix_path.sh
[0.251s] -- Up-to-date symlink: /home/rishi/ros2_ws/install/my_robot_bringup/share/my_robot_bringup/environment/ament_prefix_path.dsv
[0.251s] -- Up-to-date symlink: /home/rishi/ros2_ws/install/my_robot_bringup/share/my_robot_bringup/environment/path.sh
[0.251s] -- Up-to-date symlink: /home/rishi/ros2_ws/install/my_robot_bringup/share/my_robot_bringup/environment/path.dsv
[0.251s] -- Up-to-date symlink: /home/rishi/ros2_ws/install/my_robot_bringup/share/my_robot_bringup/local_setup.bash
[0.251s] -- Up-to-date symlink: /home/rishi/ros2_ws/install/my_robot_bringup/share/my_robot_bringup/local_setup.sh
[0.251s] -- Up-to-date symlink: /home/rishi/ros2_ws/install/my_robot_bringup/share/my_robot_bringup/local_setup.zsh
[0.252s] -- Up-to-date symlink: /home/rishi/ros2_ws/install/my_robot_bringup/share/my_robot_bringup/local_setup.dsv
[0.252s] -- Symlinking: /home/rishi/ros2_ws/install/my_robot_bringup/share/my_robot_bringup/package.dsv
[0.259s] -- Up-to-date symlink: /home/rishi/ros2_ws/install/my_robot_bringup/share/ament_index/resource_index/packages/my_robot_bringup
[0.260s] -- Up-to-date symlink: /home/rishi/ros2_ws/install/my_robot_bringup/share/my_robot_bringup/cmake/my_robot_bringupConfig.cmake
[0.260s] -- Up-to-date symlink: /home/rishi/ros2_ws/install/my_robot_bringup/share/my_robot_bringup/cmake/my_robot_bringupConfig-version.cmake
[0.260s] -- Up-to-date symlink: /home/rishi/ros2_ws/install/my_robot_bringup/share/my_robot_bringup/package.xml
[0.262s] Invoked command in '/home/rishi/ros2_ws/build/my_robot_bringup' returned '0': CMAKE_PREFIX_PATH=${CMAKE_PREFIX_PATH}:/home/rishi/ros2_ws/install/my_robot_controller:/opt/ros/humble /usr/bin/cmake --install /home/rishi/ros2_ws/build/my_robot_bringup
