[0.466s] Invoking command in '/home/rishi/ros2_ws/src/my_robot_controller': PYTHONPATH=/home/rishi/ros2_ws/build/my_robot_controller/prefix_override:/usr/lib/python3/dist-packages/colcon_core/task/python/colcon_distutils_commands:/home/rishi/ros2_ws/install/my_robot_controller/lib/python3.10/site-packages:${PYTHONPATH} /usr/bin/python3 -W ignore:setup.py install is deprecated -W ignore:easy_install command is deprecated setup.py egg_info --egg-base ../../build/my_robot_controller build --build-base /home/rishi/ros2_ws/build/my_robot_controller/build install --record /home/rishi/ros2_ws/build/my_robot_controller/install.log --single-version-externally-managed install_data
[0.624s] running egg_info
[0.624s] writing ../../build/my_robot_controller/my_robot_controller.egg-info/PKG-INFO
[0.624s] writing dependency_links to ../../build/my_robot_controller/my_robot_controller.egg-info/dependency_links.txt
[0.624s] writing entry points to ../../build/my_robot_controller/my_robot_controller.egg-info/entry_points.txt
[0.625s] writing requirements to ../../build/my_robot_controller/my_robot_controller.egg-info/requires.txt
[0.625s] writing top-level names to ../../build/my_robot_controller/my_robot_controller.egg-info/top_level.txt
[0.626s] reading manifest file '../../build/my_robot_controller/my_robot_controller.egg-info/SOURCES.txt'
[0.627s] writing manifest file '../../build/my_robot_controller/my_robot_controller.egg-info/SOURCES.txt'
[0.627s] running build
[0.627s] running build_py
[0.627s] copying my_robot_controller/camera_subsrcriber.py -> /home/rishi/ros2_ws/build/my_robot_controller/build/lib/my_robot_controller
[0.628s] running install
[0.628s] running install_lib
[0.629s] copying /home/rishi/ros2_ws/build/my_robot_controller/build/lib/my_robot_controller/camera_subsrcriber.py -> /home/rishi/ros2_ws/install/my_robot_controller/lib/python3.10/site-packages/my_robot_controller
[0.629s] byte-compiling /home/rishi/ros2_ws/install/my_robot_controller/lib/python3.10/site-packages/my_robot_controller/camera_subsrcriber.py to camera_subsrcriber.cpython-310.pyc
[0.630s] running install_data
[0.630s] running install_egg_info
[0.631s] removing '/home/rishi/ros2_ws/install/my_robot_controller/lib/python3.10/site-packages/my_robot_controller-0.0.0-py3.10.egg-info' (and everything under it)
[0.631s] Copying ../../build/my_robot_controller/my_robot_controller.egg-info to /home/rishi/ros2_ws/install/my_robot_controller/lib/python3.10/site-packages/my_robot_controller-0.0.0-py3.10.egg-info
[0.632s] running install_scripts
[0.646s] writing list of installed files to '/home/rishi/ros2_ws/build/my_robot_controller/install.log'
[0.666s] Invoked command in '/home/rishi/ros2_ws/src/my_robot_controller' returned '0': PYTHONPATH=/home/rishi/ros2_ws/build/my_robot_controller/prefix_override:/usr/lib/python3/dist-packages/colcon_core/task/python/colcon_distutils_commands:/home/rishi/ros2_ws/install/my_robot_controller/lib/python3.10/site-packages:${PYTHONPATH} /usr/bin/python3 -W ignore:setup.py install is deprecated -W ignore:easy_install command is deprecated setup.py egg_info --egg-base ../../build/my_robot_controller build --build-base /home/rishi/ros2_ws/build/my_robot_controller/build install --record /home/rishi/ros2_ws/build/my_robot_controller/install.log --single-version-externally-managed install_data
