[0.558s] Invoking command in '/home/rishi/ros2_ws/build/my_robot_description': CMAKE_PREFIX_PATH=${CMAKE_PREFIX_PATH}:/home/rishi/ros2_ws/install/my_robot_controller:/opt/ros/humble /usr/bin/cmake /home/rishi/ros2_ws/src/my_robot_description -DCMAKE_INSTALL_PREFIX=/home/rishi/ros2_ws/install/my_robot_description
[0.824s] -- Found ament_cmake: 1.3.11 (/opt/ros/humble/share/ament_cmake/cmake)
[1.349s] -- Override CMake install command with custom implementation using symlinks instead of copying resources
[1.926s] -- Configuring done
[2.051s] -- Generating done
[2.066s] -- Build files have been written to: /home/rishi/ros2_ws/build/my_robot_description
[2.070s] Invoked command in '/home/rishi/ros2_ws/build/my_robot_description' returned '0': CMAKE_PREFIX_PATH=${CMAKE_PREFIX_PATH}:/home/rishi/ros2_ws/install/my_robot_controller:/opt/ros/humble /usr/bin/cmake /home/rishi/ros2_ws/src/my_robot_description -DCMAKE_INSTALL_PREFIX=/home/rishi/ros2_ws/install/my_robot_description
[2.072s] Invoking command in '/home/rishi/ros2_ws/build/my_robot_description': CMAKE_PREFIX_PATH=${CMAKE_PREFIX_PATH}:/home/rishi/ros2_ws/install/my_robot_controller:/opt/ros/humble /usr/bin/cmake --build /home/rishi/ros2_ws/build/my_robot_description -- -j8 -l8
[2.130s] Invoked command in '/home/rishi/ros2_ws/build/my_robot_description' returned '0': CMAKE_PREFIX_PATH=${CMAKE_PREFIX_PATH}:/home/rishi/ros2_ws/install/my_robot_controller:/opt/ros/humble /usr/bin/cmake --build /home/rishi/ros2_ws/build/my_robot_description -- -j8 -l8
[2.158s] Invoking command in '/home/rishi/ros2_ws/build/my_robot_description': CMAKE_PREFIX_PATH=${CMAKE_PREFIX_PATH}:/home/rishi/ros2_ws/install/my_robot_controller:/opt/ros/humble /usr/bin/cmake --install /home/rishi/ros2_ws/build/my_robot_description
[2.166s] -- Install configuration: ""
[2.166s] -- Execute custom install script
[2.166s] -- Up-to-date symlink: /home/rishi/ros2_ws/install/my_robot_description/share/my_robot_description//urdf/camera.xacro
[2.166s] -- Up-to-date symlink: /home/rishi/ros2_ws/install/my_robot_description/share/my_robot_description//urdf/common_properties.xacro
[2.166s] -- Up-to-date symlink: /home/rishi/ros2_ws/install/my_robot_description/share/my_robot_description//urdf/mobile_base.xacro
[2.167s] -- Up-to-date symlink: /home/rishi/ros2_ws/install/my_robot_description/share/my_robot_description//urdf/mobile_base_gazebo.xacro
[2.167s] -- Up-to-date symlink: /home/rishi/ros2_ws/install/my_robot_description/share/my_robot_description//urdf/my_robot.urdf.xacro
[2.193s] -- Up-to-date symlink: /home/rishi/ros2_ws/install/my_robot_description/share/my_robot_description//launch/display.launch.py
[2.215s] -- Up-to-date symlink: /home/rishi/ros2_ws/install/my_robot_description/share/my_robot_description//launch/display.launch.xml
[2.216s] -- Up-to-date symlink: /home/rishi/ros2_ws/install/my_robot_description/share/my_robot_description//rviz/urdf_config.rviz
[2.216s] -- Up-to-date symlink: /home/rishi/ros2_ws/install/my_robot_description/share/ament_index/resource_index/package_run_dependencies/my_robot_description
[2.221s] -- Up-to-date symlink: /home/rishi/ros2_ws/install/my_robot_description/share/ament_index/resource_index/parent_prefix_path/my_robot_description
[2.221s] -- Up-to-date symlink: /home/rishi/ros2_ws/install/my_robot_description/share/my_robot_description/environment/ament_prefix_path.sh
[2.221s] -- Up-to-date symlink: /home/rishi/ros2_ws/install/my_robot_description/share/my_robot_description/environment/ament_prefix_path.dsv
[2.221s] -- Up-to-date symlink: /home/rishi/ros2_ws/install/my_robot_description/share/my_robot_description/environment/path.sh
[2.222s] -- Up-to-date symlink: /home/rishi/ros2_ws/install/my_robot_description/share/my_robot_description/environment/path.dsv
[2.222s] -- Up-to-date symlink: /home/rishi/ros2_ws/install/my_robot_description/share/my_robot_description/local_setup.bash
[2.222s] -- Up-to-date symlink: /home/rishi/ros2_ws/install/my_robot_description/share/my_robot_description/local_setup.sh
[2.222s] -- Up-to-date symlink: /home/rishi/ros2_ws/install/my_robot_description/share/my_robot_description/local_setup.zsh
[2.222s] -- Up-to-date symlink: /home/rishi/ros2_ws/install/my_robot_description/share/my_robot_description/local_setup.dsv
[2.223s] -- Symlinking: /home/rishi/ros2_ws/install/my_robot_description/share/my_robot_description/package.dsv
[2.230s] -- Up-to-date symlink: /home/rishi/ros2_ws/install/my_robot_description/share/ament_index/resource_index/packages/my_robot_description
[2.299s] -- Up-to-date symlink: /home/rishi/ros2_ws/install/my_robot_description/share/my_robot_description/cmake/my_robot_descriptionConfig.cmake
[2.299s] -- Up-to-date symlink: /home/rishi/ros2_ws/install/my_robot_description/share/my_robot_description/cmake/my_robot_descriptionConfig-version.cmake
[2.299s] -- Up-to-date symlink: /home/rishi/ros2_ws/install/my_robot_description/share/my_robot_description/package.xml
[2.357s] Invoked command in '/home/rishi/ros2_ws/build/my_robot_description' returned '0': CMAKE_PREFIX_PATH=${CMAKE_PREFIX_PATH}:/home/rishi/ros2_ws/install/my_robot_controller:/opt/ros/humble /usr/bin/cmake --install /home/rishi/ros2_ws/build/my_robot_description
