[0.075s] DEBUG:colcon:Command line arguments: ['/usr/bin/colcon', 'build', '--symlink-install']
[0.075s] DEBUG:colcon:Parsed command line arguments: Namespace(log_base=None, log_level=None, verb_name='build', build_base='build', install_base='install', merge_install=False, symlink_install=True, test_result_base=None, continue_on_error=False, executor='parallel', parallel_workers=8, event_handlers=None, ignore_user_meta=False, metas=['./colcon.meta'], base_paths=['.'], packages_ignore=None, packages_ignore_regex=None, paths=None, packages_up_to=None, packages_up_to_regex=None, packages_above=None, packages_above_and_dependencies=None, packages_above_depth=None, packages_select_by_dep=None, packages_skip_by_dep=None, packages_skip_up_to=None, packages_select_build_failed=False, packages_skip_build_finished=False, packages_select_test_failures=False, packages_skip_test_passed=False, packages_select=None, packages_skip=None, packages_select_regex=None, packages_skip_regex=None, packages_start=None, packages_end=None, allow_overriding=[], cmake_args=None, cmake_target=None, cmake_target_skip_unavailable=False, cmake_clean_cache=False, cmake_clean_first=False, cmake_force_configure=False, ament_cmake_args=None, catkin_cmake_args=None, catkin_skip_building_tests=False, mixin_files=None, mixin=None, verb_parser=<colcon_mixin.mixin.mixin_argument.MixinArgumentDecorator object at 0x7cbf2421e080>, verb_extension=<colcon_core.verb.build.BuildVerb object at 0x7cbf2421dbd0>, main=<bound method BuildVerb.main of <colcon_core.verb.build.BuildVerb object at 0x7cbf2421dbd0>>, mixin_verb=('build',))
[0.182s] Level 1:colcon.colcon_core.package_discovery:discover_packages(colcon_meta) check parameters
[0.182s] Level 1:colcon.colcon_core.package_discovery:discover_packages(recursive) check parameters
[0.182s] Level 1:colcon.colcon_core.package_discovery:discover_packages(ignore) check parameters
[0.182s] Level 1:colcon.colcon_core.package_discovery:discover_packages(path) check parameters
[0.182s] Level 1:colcon.colcon_core.package_discovery:discover_packages(colcon_meta) discover
[0.182s] Level 1:colcon.colcon_core.package_discovery:discover_packages(recursive) discover
[0.182s] INFO:colcon.colcon_core.package_discovery:Crawling recursively for packages in '/home/rishi/ros2_ws'
[0.182s] Level 1:colcon.colcon_core.package_identification:_identify(.) by extensions ['ignore', 'ignore_ament_install']
[0.182s] Level 1:colcon.colcon_core.package_identification:_identify(.) by extension 'ignore'
[0.182s] Level 1:colcon.colcon_core.package_identification:_identify(.) by extension 'ignore_ament_install'
[0.182s] Level 1:colcon.colcon_core.package_identification:_identify(.) by extensions ['colcon_pkg']
[0.182s] Level 1:colcon.colcon_core.package_identification:_identify(.) by extension 'colcon_pkg'
[0.182s] Level 1:colcon.colcon_core.package_identification:_identify(.) by extensions ['colcon_meta']
[0.182s] Level 1:colcon.colcon_core.package_identification:_identify(.) by extension 'colcon_meta'
[0.182s] Level 1:colcon.colcon_core.package_identification:_identify(.) by extensions ['ros']
[0.182s] Level 1:colcon.colcon_core.package_identification:_identify(.) by extension 'ros'
[0.190s] Level 1:colcon.colcon_core.package_identification:_identify(.) by extensions ['cmake', 'python']
[0.190s] Level 1:colcon.colcon_core.package_identification:_identify(.) by extension 'cmake'
[0.190s] Level 1:colcon.colcon_core.package_identification:_identify(.) by extension 'python'
[0.190s] Level 1:colcon.colcon_core.package_identification:_identify(.) by extensions ['python_setup_py']
[0.190s] Level 1:colcon.colcon_core.package_identification:_identify(.) by extension 'python_setup_py'
[0.190s] Level 1:colcon.colcon_core.package_identification:_identify(build) by extensions ['ignore', 'ignore_ament_install']
[0.190s] Level 1:colcon.colcon_core.package_identification:_identify(build) by extension 'ignore'
[0.190s] Level 1:colcon.colcon_core.package_identification:_identify(build) ignored
[0.190s] Level 1:colcon.colcon_core.package_identification:_identify(install) by extensions ['ignore', 'ignore_ament_install']
[0.190s] Level 1:colcon.colcon_core.package_identification:_identify(install) by extension 'ignore'
[0.190s] Level 1:colcon.colcon_core.package_identification:_identify(install) ignored
[0.190s] Level 1:colcon.colcon_core.package_identification:_identify(log) by extensions ['ignore', 'ignore_ament_install']
[0.190s] Level 1:colcon.colcon_core.package_identification:_identify(log) by extension 'ignore'
[0.190s] Level 1:colcon.colcon_core.package_identification:_identify(log) ignored
[0.190s] Level 1:colcon.colcon_core.package_identification:_identify(src) by extensions ['ignore', 'ignore_ament_install']
[0.190s] Level 1:colcon.colcon_core.package_identification:_identify(src) by extension 'ignore'
[0.190s] Level 1:colcon.colcon_core.package_identification:_identify(src) by extension 'ignore_ament_install'
[0.190s] Level 1:colcon.colcon_core.package_identification:_identify(src) by extensions ['colcon_pkg']
[0.190s] Level 1:colcon.colcon_core.package_identification:_identify(src) by extension 'colcon_pkg'
[0.190s] Level 1:colcon.colcon_core.package_identification:_identify(src) by extensions ['colcon_meta']
[0.190s] Level 1:colcon.colcon_core.package_identification:_identify(src) by extension 'colcon_meta'
[0.190s] Level 1:colcon.colcon_core.package_identification:_identify(src) by extensions ['ros']
[0.190s] Level 1:colcon.colcon_core.package_identification:_identify(src) by extension 'ros'
[0.191s] Level 1:colcon.colcon_core.package_identification:_identify(src) by extensions ['cmake', 'python']
[0.191s] Level 1:colcon.colcon_core.package_identification:_identify(src) by extension 'cmake'
[0.191s] Level 1:colcon.colcon_core.package_identification:_identify(src) by extension 'python'
[0.191s] Level 1:colcon.colcon_core.package_identification:_identify(src) by extensions ['python_setup_py']
[0.191s] Level 1:colcon.colcon_core.package_identification:_identify(src) by extension 'python_setup_py'
[0.191s] Level 1:colcon.colcon_core.package_identification:_identify(src/my_robot_bringup) by extensions ['ignore', 'ignore_ament_install']
[0.191s] Level 1:colcon.colcon_core.package_identification:_identify(src/my_robot_bringup) by extension 'ignore'
[0.191s] Level 1:colcon.colcon_core.package_identification:_identify(src/my_robot_bringup) by extension 'ignore_ament_install'
[0.191s] Level 1:colcon.colcon_core.package_identification:_identify(src/my_robot_bringup) by extensions ['colcon_pkg']
[0.191s] Level 1:colcon.colcon_core.package_identification:_identify(src/my_robot_bringup) by extension 'colcon_pkg'
[0.191s] Level 1:colcon.colcon_core.package_identification:_identify(src/my_robot_bringup) by extensions ['colcon_meta']
[0.191s] Level 1:colcon.colcon_core.package_identification:_identify(src/my_robot_bringup) by extension 'colcon_meta'
[0.191s] Level 1:colcon.colcon_core.package_identification:_identify(src/my_robot_bringup) by extensions ['ros']
[0.191s] Level 1:colcon.colcon_core.package_identification:_identify(src/my_robot_bringup) by extension 'ros'
[0.192s] DEBUG:colcon.colcon_core.package_identification:Package 'src/my_robot_bringup' with type 'ros.ament_cmake' and name 'my_robot_bringup'
[0.192s] Level 1:colcon.colcon_core.package_identification:_identify(src/my_robot_controller) by extensions ['ignore', 'ignore_ament_install']
[0.193s] Level 1:colcon.colcon_core.package_identification:_identify(src/my_robot_controller) by extension 'ignore'
[0.193s] Level 1:colcon.colcon_core.package_identification:_identify(src/my_robot_controller) by extension 'ignore_ament_install'
[0.193s] Level 1:colcon.colcon_core.package_identification:_identify(src/my_robot_controller) by extensions ['colcon_pkg']
[0.193s] Level 1:colcon.colcon_core.package_identification:_identify(src/my_robot_controller) by extension 'colcon_pkg'
[0.193s] Level 1:colcon.colcon_core.package_identification:_identify(src/my_robot_controller) by extensions ['colcon_meta']
[0.193s] Level 1:colcon.colcon_core.package_identification:_identify(src/my_robot_controller) by extension 'colcon_meta'
[0.193s] Level 1:colcon.colcon_core.package_identification:_identify(src/my_robot_controller) by extensions ['ros']
[0.193s] Level 1:colcon.colcon_core.package_identification:_identify(src/my_robot_controller) by extension 'ros'
[0.193s] DEBUG:colcon.colcon_core.package_identification:Package 'src/my_robot_controller' with type 'ros.ament_python' and name 'my_robot_controller'
[0.193s] Level 1:colcon.colcon_core.package_identification:_identify(src/my_robot_description) by extensions ['ignore', 'ignore_ament_install']
[0.193s] Level 1:colcon.colcon_core.package_identification:_identify(src/my_robot_description) by extension 'ignore'
[0.193s] Level 1:colcon.colcon_core.package_identification:_identify(src/my_robot_description) by extension 'ignore_ament_install'
[0.193s] Level 1:colcon.colcon_core.package_identification:_identify(src/my_robot_description) by extensions ['colcon_pkg']
[0.193s] Level 1:colcon.colcon_core.package_identification:_identify(src/my_robot_description) by extension 'colcon_pkg'
[0.193s] Level 1:colcon.colcon_core.package_identification:_identify(src/my_robot_description) by extensions ['colcon_meta']
[0.193s] Level 1:colcon.colcon_core.package_identification:_identify(src/my_robot_description) by extension 'colcon_meta'
[0.193s] Level 1:colcon.colcon_core.package_identification:_identify(src/my_robot_description) by extensions ['ros']
[0.193s] Level 1:colcon.colcon_core.package_identification:_identify(src/my_robot_description) by extension 'ros'
[0.194s] DEBUG:colcon.colcon_core.package_identification:Package 'src/my_robot_description' with type 'ros.ament_cmake' and name 'my_robot_description'
[0.194s] Level 1:colcon.colcon_core.package_discovery:discover_packages(recursive) using defaults
[0.194s] Level 1:colcon.colcon_core.package_discovery:discover_packages(ignore) discover
[0.194s] Level 1:colcon.colcon_core.package_discovery:discover_packages(ignore) using defaults
[0.194s] Level 1:colcon.colcon_core.package_discovery:discover_packages(path) discover
[0.194s] Level 1:colcon.colcon_core.package_discovery:discover_packages(path) using defaults
[0.216s] Level 1:colcon.colcon_core.package_discovery:discover_packages(prefix_path) check parameters
[0.216s] Level 1:colcon.colcon_core.package_discovery:discover_packages(prefix_path) discover
[0.217s] DEBUG:colcon.colcon_installed_package_information.package_discovery:Found 6 installed packages in /home/rishi/ros2_ws/install
[0.218s] DEBUG:colcon.colcon_installed_package_information.package_discovery:Found 371 installed packages in /opt/ros/humble
[0.220s] Level 1:colcon.colcon_core.package_discovery:discover_packages(prefix_path) using defaults
[0.251s] Level 5:colcon.colcon_core.verb:set package 'my_robot_bringup' build argument 'cmake_args' from command line to 'None'
[0.251s] Level 5:colcon.colcon_core.verb:set package 'my_robot_bringup' build argument 'cmake_target' from command line to 'None'
[0.251s] Level 5:colcon.colcon_core.verb:set package 'my_robot_bringup' build argument 'cmake_target_skip_unavailable' from command line to 'False'
[0.251s] Level 5:colcon.colcon_core.verb:set package 'my_robot_bringup' build argument 'cmake_clean_cache' from command line to 'False'
[0.251s] Level 5:colcon.colcon_core.verb:set package 'my_robot_bringup' build argument 'cmake_clean_first' from command line to 'False'
[0.251s] Level 5:colcon.colcon_core.verb:set package 'my_robot_bringup' build argument 'cmake_force_configure' from command line to 'False'
[0.251s] Level 5:colcon.colcon_core.verb:set package 'my_robot_bringup' build argument 'ament_cmake_args' from command line to 'None'
[0.251s] Level 5:colcon.colcon_core.verb:set package 'my_robot_bringup' build argument 'catkin_cmake_args' from command line to 'None'
[0.251s] Level 5:colcon.colcon_core.verb:set package 'my_robot_bringup' build argument 'catkin_skip_building_tests' from command line to 'False'
[0.251s] DEBUG:colcon.colcon_core.verb:Building package 'my_robot_bringup' with the following arguments: {'ament_cmake_args': None, 'build_base': '/home/rishi/ros2_ws/build/my_robot_bringup', 'catkin_cmake_args': None, 'catkin_skip_building_tests': False, 'cmake_args': None, 'cmake_clean_cache': False, 'cmake_clean_first': False, 'cmake_force_configure': False, 'cmake_target': None, 'cmake_target_skip_unavailable': False, 'install_base': '/home/rishi/ros2_ws/install/my_robot_bringup', 'merge_install': False, 'path': '/home/rishi/ros2_ws/src/my_robot_bringup', 'symlink_install': True, 'test_result_base': None}
[0.251s] Level 5:colcon.colcon_core.verb:set package 'my_robot_controller' build argument 'cmake_args' from command line to 'None'
[0.251s] Level 5:colcon.colcon_core.verb:set package 'my_robot_controller' build argument 'cmake_target' from command line to 'None'
[0.251s] Level 5:colcon.colcon_core.verb:set package 'my_robot_controller' build argument 'cmake_target_skip_unavailable' from command line to 'False'
[0.251s] Level 5:colcon.colcon_core.verb:set package 'my_robot_controller' build argument 'cmake_clean_cache' from command line to 'False'
[0.251s] Level 5:colcon.colcon_core.verb:set package 'my_robot_controller' build argument 'cmake_clean_first' from command line to 'False'
[0.252s] Level 5:colcon.colcon_core.verb:set package 'my_robot_controller' build argument 'cmake_force_configure' from command line to 'False'
[0.252s] Level 5:colcon.colcon_core.verb:set package 'my_robot_controller' build argument 'ament_cmake_args' from command line to 'None'
[0.252s] Level 5:colcon.colcon_core.verb:set package 'my_robot_controller' build argument 'catkin_cmake_args' from command line to 'None'
[0.252s] Level 5:colcon.colcon_core.verb:set package 'my_robot_controller' build argument 'catkin_skip_building_tests' from command line to 'False'
[0.252s] DEBUG:colcon.colcon_core.verb:Building package 'my_robot_controller' with the following arguments: {'ament_cmake_args': None, 'build_base': '/home/rishi/ros2_ws/build/my_robot_controller', 'catkin_cmake_args': None, 'catkin_skip_building_tests': False, 'cmake_args': None, 'cmake_clean_cache': False, 'cmake_clean_first': False, 'cmake_force_configure': False, 'cmake_target': None, 'cmake_target_skip_unavailable': False, 'install_base': '/home/rishi/ros2_ws/install/my_robot_controller', 'merge_install': False, 'path': '/home/rishi/ros2_ws/src/my_robot_controller', 'symlink_install': True, 'test_result_base': None}
[0.252s] Level 5:colcon.colcon_core.verb:set package 'my_robot_description' build argument 'cmake_args' from command line to 'None'
[0.252s] Level 5:colcon.colcon_core.verb:set package 'my_robot_description' build argument 'cmake_target' from command line to 'None'
[0.252s] Level 5:colcon.colcon_core.verb:set package 'my_robot_description' build argument 'cmake_target_skip_unavailable' from command line to 'False'
[0.252s] Level 5:colcon.colcon_core.verb:set package 'my_robot_description' build argument 'cmake_clean_cache' from command line to 'False'
[0.252s] Level 5:colcon.colcon_core.verb:set package 'my_robot_description' build argument 'cmake_clean_first' from command line to 'False'
[0.252s] Level 5:colcon.colcon_core.verb:set package 'my_robot_description' build argument 'cmake_force_configure' from command line to 'False'
[0.252s] Level 5:colcon.colcon_core.verb:set package 'my_robot_description' build argument 'ament_cmake_args' from command line to 'None'
[0.252s] Level 5:colcon.colcon_core.verb:set package 'my_robot_description' build argument 'catkin_cmake_args' from command line to 'None'
[0.252s] Level 5:colcon.colcon_core.verb:set package 'my_robot_description' build argument 'catkin_skip_building_tests' from command line to 'False'
[0.252s] DEBUG:colcon.colcon_core.verb:Building package 'my_robot_description' with the following arguments: {'ament_cmake_args': None, 'build_base': '/home/rishi/ros2_ws/build/my_robot_description', 'catkin_cmake_args': None, 'catkin_skip_building_tests': False, 'cmake_args': None, 'cmake_clean_cache': False, 'cmake_clean_first': False, 'cmake_force_configure': False, 'cmake_target': None, 'cmake_target_skip_unavailable': False, 'install_base': '/home/rishi/ros2_ws/install/my_robot_description', 'merge_install': False, 'path': '/home/rishi/ros2_ws/src/my_robot_description', 'symlink_install': True, 'test_result_base': None}
[0.252s] INFO:colcon.colcon_core.executor:Executing jobs using 'parallel' executor
[0.253s] DEBUG:colcon.colcon_parallel_executor.executor.parallel:run_until_complete
[0.253s] INFO:colcon.colcon_ros.task.ament_cmake.build:Building ROS package in '/home/rishi/ros2_ws/src/my_robot_bringup' with build type 'ament_cmake'
[0.253s] INFO:colcon.colcon_cmake.task.cmake.build:Building CMake package in '/home/rishi/ros2_ws/src/my_robot_bringup'
[0.255s] INFO:colcon.colcon_core.plugin_system:Skipping extension 'colcon_core.shell.bat': Not used on non-Windows systems
[0.255s] INFO:colcon.colcon_core.shell:Skip shell extension 'powershell' for command environment: Not usable outside of PowerShell
[0.255s] DEBUG:colcon.colcon_core.shell:Skip shell extension 'dsv' for command environment
[0.258s] INFO:colcon.colcon_ros.task.ament_python.build:Building ROS package in '/home/rishi/ros2_ws/src/my_robot_controller' with build type 'ament_python'
[0.259s] Level 1:colcon.colcon_core.shell:create_environment_hook('my_robot_controller', 'ament_prefix_path')
[0.259s] INFO:colcon.colcon_core.shell:Creating environment hook '/home/rishi/ros2_ws/install/my_robot_controller/share/my_robot_controller/hook/ament_prefix_path.ps1'
[0.259s] INFO:colcon.colcon_core.shell:Creating environment descriptor '/home/rishi/ros2_ws/install/my_robot_controller/share/my_robot_controller/hook/ament_prefix_path.dsv'
[0.260s] INFO:colcon.colcon_core.shell:Creating environment hook '/home/rishi/ros2_ws/install/my_robot_controller/share/my_robot_controller/hook/ament_prefix_path.sh'
[0.260s] INFO:colcon.colcon_core.shell:Skip shell extension 'powershell' for command environment: Not usable outside of PowerShell
[0.261s] DEBUG:colcon.colcon_core.shell:Skip shell extension 'dsv' for command environment
[0.263s] INFO:colcon.colcon_ros.task.ament_cmake.build:Building ROS package in '/home/rishi/ros2_ws/src/my_robot_description' with build type 'ament_cmake'
[0.263s] INFO:colcon.colcon_cmake.task.cmake.build:Building CMake package in '/home/rishi/ros2_ws/src/my_robot_description'
[0.263s] INFO:colcon.colcon_core.shell:Skip shell extension 'powershell' for command environment: Not usable outside of PowerShell
[0.263s] DEBUG:colcon.colcon_core.shell:Skip shell extension 'dsv' for command environment
[0.270s] DEBUG:colcon.colcon_core.event_handler.log_command:Invoking command in '/home/rishi/ros2_ws/build/my_robot_bringup': CMAKE_PREFIX_PATH=${CMAKE_PREFIX_PATH}:/home/rishi/ros2_ws/install/my_robot_controller:/opt/ros/humble /usr/bin/cmake /home/rishi/ros2_ws/src/my_robot_bringup -DAMENT_CMAKE_SYMLINK_INSTALL=1 -DCMAKE_INSTALL_PREFIX=/home/rishi/ros2_ws/install/my_robot_bringup
[0.484s] INFO:colcon.colcon_core.task.python.build:Building Python package in '/home/rishi/ros2_ws/src/my_robot_controller'
[0.484s] INFO:colcon.colcon_core.shell:Skip shell extension 'powershell' for command environment: Not usable outside of PowerShell
[0.484s] DEBUG:colcon.colcon_core.shell:Skip shell extension 'dsv' for command environment
[0.493s] DEBUG:colcon.colcon_core.event_handler.log_command:Invoking command in '/home/rishi/ros2_ws/build/my_robot_description': CMAKE_PREFIX_PATH=${CMAKE_PREFIX_PATH}:/home/rishi/ros2_ws/install/my_robot_controller:/opt/ros/humble /usr/bin/cmake /home/rishi/ros2_ws/src/my_robot_description -DAMENT_CMAKE_SYMLINK_INSTALL=1 -DCMAKE_INSTALL_PREFIX=/home/rishi/ros2_ws/install/my_robot_description
[0.494s] DEBUG:colcon.colcon_core.event_handler.log_command:Invoked command in '/home/rishi/ros2_ws/build/my_robot_bringup' returned '0': CMAKE_PREFIX_PATH=${CMAKE_PREFIX_PATH}:/home/rishi/ros2_ws/install/my_robot_controller:/opt/ros/humble /usr/bin/cmake /home/rishi/ros2_ws/src/my_robot_bringup -DAMENT_CMAKE_SYMLINK_INSTALL=1 -DCMAKE_INSTALL_PREFIX=/home/rishi/ros2_ws/install/my_robot_bringup
[0.494s] DEBUG:colcon.colcon_core.event_handler.log_command:Invoking command in '/home/rishi/ros2_ws/build/my_robot_bringup': CMAKE_PREFIX_PATH=${CMAKE_PREFIX_PATH}:/home/rishi/ros2_ws/install/my_robot_controller:/opt/ros/humble /usr/bin/cmake --build /home/rishi/ros2_ws/build/my_robot_bringup -- -j8 -l8
[0.525s] DEBUG:colcon.colcon_core.event_handler.log_command:Invoked command in '/home/rishi/ros2_ws/build/my_robot_bringup' returned '0': CMAKE_PREFIX_PATH=${CMAKE_PREFIX_PATH}:/home/rishi/ros2_ws/install/my_robot_controller:/opt/ros/humble /usr/bin/cmake --build /home/rishi/ros2_ws/build/my_robot_bringup -- -j8 -l8
[0.534s] DEBUG:colcon.colcon_core.event_handler.log_command:Invoking command in '/home/rishi/ros2_ws/build/my_robot_bringup': CMAKE_PREFIX_PATH=${CMAKE_PREFIX_PATH}:/home/rishi/ros2_ws/install/my_robot_controller:/opt/ros/humble /usr/bin/cmake --install /home/rishi/ros2_ws/build/my_robot_bringup
[0.552s] Level 1:colcon.colcon_core.environment:create_environment_scripts_only(my_robot_bringup)
[0.553s] DEBUG:colcon.colcon_core.event_handler.log_command:Invoked command in '/home/rishi/ros2_ws/build/my_robot_bringup' returned '0': CMAKE_PREFIX_PATH=${CMAKE_PREFIX_PATH}:/home/rishi/ros2_ws/install/my_robot_controller:/opt/ros/humble /usr/bin/cmake --install /home/rishi/ros2_ws/build/my_robot_bringup
[0.555s] Level 1:colcon.colcon_core.environment:checking '/home/rishi/ros2_ws/install/my_robot_bringup' for CMake module files
[0.556s] Level 1:colcon.colcon_core.environment:checking '/home/rishi/ros2_ws/install/my_robot_bringup' for CMake config files
[0.557s] Level 1:colcon.colcon_core.shell:create_environment_hook('my_robot_bringup', 'cmake_prefix_path')
[0.557s] INFO:colcon.colcon_core.shell:Creating environment hook '/home/rishi/ros2_ws/install/my_robot_bringup/share/my_robot_bringup/hook/cmake_prefix_path.ps1'
[0.558s] INFO:colcon.colcon_core.shell:Creating environment descriptor '/home/rishi/ros2_ws/install/my_robot_bringup/share/my_robot_bringup/hook/cmake_prefix_path.dsv'
[0.558s] INFO:colcon.colcon_core.shell:Creating environment hook '/home/rishi/ros2_ws/install/my_robot_bringup/share/my_robot_bringup/hook/cmake_prefix_path.sh'
[0.559s] Level 1:colcon.colcon_core.environment:checking '/home/rishi/ros2_ws/install/my_robot_bringup/bin'
[0.559s] Level 1:colcon.colcon_core.environment:checking '/home/rishi/ros2_ws/install/my_robot_bringup/lib/pkgconfig/my_robot_bringup.pc'
[0.560s] Level 1:colcon.colcon_core.environment:checking '/home/rishi/ros2_ws/install/my_robot_bringup/lib/python3.10/site-packages'
[0.560s] Level 1:colcon.colcon_core.environment:checking '/home/rishi/ros2_ws/install/my_robot_bringup/bin'
[0.560s] INFO:colcon.colcon_core.shell:Creating package script '/home/rishi/ros2_ws/install/my_robot_bringup/share/my_robot_bringup/package.ps1'
[0.561s] INFO:colcon.colcon_core.shell:Creating package descriptor '/home/rishi/ros2_ws/install/my_robot_bringup/share/my_robot_bringup/package.dsv'
[0.562s] INFO:colcon.colcon_core.shell:Creating package script '/home/rishi/ros2_ws/install/my_robot_bringup/share/my_robot_bringup/package.sh'
[0.562s] INFO:colcon.colcon_core.shell:Creating package script '/home/rishi/ros2_ws/install/my_robot_bringup/share/my_robot_bringup/package.bash'
[0.563s] INFO:colcon.colcon_core.shell:Creating package script '/home/rishi/ros2_ws/install/my_robot_bringup/share/my_robot_bringup/package.zsh'
[0.563s] Level 1:colcon.colcon_core.environment:create_file_with_runtime_dependencies(/home/rishi/ros2_ws/install/my_robot_bringup/share/colcon-core/packages/my_robot_bringup)
[0.564s] Level 1:colcon.colcon_core.environment:create_environment_scripts_only(my_robot_bringup)
[0.564s] Level 1:colcon.colcon_core.environment:checking '/home/rishi/ros2_ws/install/my_robot_bringup' for CMake module files
[0.565s] Level 1:colcon.colcon_core.environment:checking '/home/rishi/ros2_ws/install/my_robot_bringup' for CMake config files
[0.565s] Level 1:colcon.colcon_core.shell:create_environment_hook('my_robot_bringup', 'cmake_prefix_path')
[0.565s] INFO:colcon.colcon_core.shell:Creating environment hook '/home/rishi/ros2_ws/install/my_robot_bringup/share/my_robot_bringup/hook/cmake_prefix_path.ps1'
[0.565s] INFO:colcon.colcon_core.shell:Creating environment descriptor '/home/rishi/ros2_ws/install/my_robot_bringup/share/my_robot_bringup/hook/cmake_prefix_path.dsv'
[0.566s] INFO:colcon.colcon_core.shell:Creating environment hook '/home/rishi/ros2_ws/install/my_robot_bringup/share/my_robot_bringup/hook/cmake_prefix_path.sh'
[0.566s] Level 1:colcon.colcon_core.environment:checking '/home/rishi/ros2_ws/install/my_robot_bringup/bin'
[0.566s] Level 1:colcon.colcon_core.environment:checking '/home/rishi/ros2_ws/install/my_robot_bringup/lib/pkgconfig/my_robot_bringup.pc'
[0.566s] Level 1:colcon.colcon_core.environment:checking '/home/rishi/ros2_ws/install/my_robot_bringup/lib/python3.10/site-packages'
[0.567s] Level 1:colcon.colcon_core.environment:checking '/home/rishi/ros2_ws/install/my_robot_bringup/bin'
[0.567s] INFO:colcon.colcon_core.shell:Creating package script '/home/rishi/ros2_ws/install/my_robot_bringup/share/my_robot_bringup/package.ps1'
[0.567s] INFO:colcon.colcon_core.shell:Creating package descriptor '/home/rishi/ros2_ws/install/my_robot_bringup/share/my_robot_bringup/package.dsv'
[0.568s] INFO:colcon.colcon_core.shell:Creating package script '/home/rishi/ros2_ws/install/my_robot_bringup/share/my_robot_bringup/package.sh'
[0.568s] INFO:colcon.colcon_core.shell:Creating package script '/home/rishi/ros2_ws/install/my_robot_bringup/share/my_robot_bringup/package.bash'
[0.568s] INFO:colcon.colcon_core.shell:Creating package script '/home/rishi/ros2_ws/install/my_robot_bringup/share/my_robot_bringup/package.zsh'
[0.569s] Level 1:colcon.colcon_core.environment:create_file_with_runtime_dependencies(/home/rishi/ros2_ws/install/my_robot_bringup/share/colcon-core/packages/my_robot_bringup)
[0.684s] DEBUG:colcon.colcon_core.event_handler.log_command:Invoked command in '/home/rishi/ros2_ws/build/my_robot_description' returned '0': CMAKE_PREFIX_PATH=${CMAKE_PREFIX_PATH}:/home/rishi/ros2_ws/install/my_robot_controller:/opt/ros/humble /usr/bin/cmake /home/rishi/ros2_ws/src/my_robot_description -DAMENT_CMAKE_SYMLINK_INSTALL=1 -DCMAKE_INSTALL_PREFIX=/home/rishi/ros2_ws/install/my_robot_description
[0.685s] DEBUG:colcon.colcon_core.event_handler.log_command:Invoking command in '/home/rishi/ros2_ws/build/my_robot_description': CMAKE_PREFIX_PATH=${CMAKE_PREFIX_PATH}:/home/rishi/ros2_ws/install/my_robot_controller:/opt/ros/humble /usr/bin/cmake --build /home/rishi/ros2_ws/build/my_robot_description -- -j8 -l8
[0.717s] DEBUG:colcon.colcon_core.event_handler.log_command:Invoked command in '/home/rishi/ros2_ws/build/my_robot_description' returned '0': CMAKE_PREFIX_PATH=${CMAKE_PREFIX_PATH}:/home/rishi/ros2_ws/install/my_robot_controller:/opt/ros/humble /usr/bin/cmake --build /home/rishi/ros2_ws/build/my_robot_description -- -j8 -l8
[0.719s] DEBUG:colcon.colcon_core.event_handler.log_command:Invoking command in '/home/rishi/ros2_ws/build/my_robot_description': CMAKE_PREFIX_PATH=${CMAKE_PREFIX_PATH}:/home/rishi/ros2_ws/install/my_robot_controller:/opt/ros/humble /usr/bin/cmake --install /home/rishi/ros2_ws/build/my_robot_description
[0.737s] Level 1:colcon.colcon_core.environment:create_environment_scripts_only(my_robot_description)
[0.737s] Level 1:colcon.colcon_core.environment:checking '/home/rishi/ros2_ws/install/my_robot_description' for CMake module files
[0.737s] DEBUG:colcon.colcon_core.event_handler.log_command:Invoked command in '/home/rishi/ros2_ws/build/my_robot_description' returned '0': CMAKE_PREFIX_PATH=${CMAKE_PREFIX_PATH}:/home/rishi/ros2_ws/install/my_robot_controller:/opt/ros/humble /usr/bin/cmake --install /home/rishi/ros2_ws/build/my_robot_description
[0.737s] Level 1:colcon.colcon_core.environment:checking '/home/rishi/ros2_ws/install/my_robot_description' for CMake config files
[0.738s] Level 1:colcon.colcon_core.shell:create_environment_hook('my_robot_description', 'cmake_prefix_path')
[0.738s] INFO:colcon.colcon_core.shell:Creating environment hook '/home/rishi/ros2_ws/install/my_robot_description/share/my_robot_description/hook/cmake_prefix_path.ps1'
[0.738s] INFO:colcon.colcon_core.shell:Creating environment descriptor '/home/rishi/ros2_ws/install/my_robot_description/share/my_robot_description/hook/cmake_prefix_path.dsv'
[0.739s] INFO:colcon.colcon_core.shell:Creating environment hook '/home/rishi/ros2_ws/install/my_robot_description/share/my_robot_description/hook/cmake_prefix_path.sh'
[0.739s] Level 1:colcon.colcon_core.environment:checking '/home/rishi/ros2_ws/install/my_robot_description/bin'
[0.739s] Level 1:colcon.colcon_core.environment:checking '/home/rishi/ros2_ws/install/my_robot_description/lib/pkgconfig/my_robot_description.pc'
[0.739s] Level 1:colcon.colcon_core.environment:checking '/home/rishi/ros2_ws/install/my_robot_description/lib/python3.10/site-packages'
[0.739s] Level 1:colcon.colcon_core.environment:checking '/home/rishi/ros2_ws/install/my_robot_description/bin'
[0.740s] INFO:colcon.colcon_core.shell:Creating package script '/home/rishi/ros2_ws/install/my_robot_description/share/my_robot_description/package.ps1'
[0.740s] INFO:colcon.colcon_core.shell:Creating package descriptor '/home/rishi/ros2_ws/install/my_robot_description/share/my_robot_description/package.dsv'
[0.740s] INFO:colcon.colcon_core.shell:Creating package script '/home/rishi/ros2_ws/install/my_robot_description/share/my_robot_description/package.sh'
[0.741s] INFO:colcon.colcon_core.shell:Creating package script '/home/rishi/ros2_ws/install/my_robot_description/share/my_robot_description/package.bash'
[0.741s] INFO:colcon.colcon_core.shell:Creating package script '/home/rishi/ros2_ws/install/my_robot_description/share/my_robot_description/package.zsh'
[0.741s] Level 1:colcon.colcon_core.environment:create_file_with_runtime_dependencies(/home/rishi/ros2_ws/install/my_robot_description/share/colcon-core/packages/my_robot_description)
[0.742s] Level 1:colcon.colcon_core.environment:create_environment_scripts_only(my_robot_description)
[0.742s] Level 1:colcon.colcon_core.environment:checking '/home/rishi/ros2_ws/install/my_robot_description' for CMake module files
[0.742s] Level 1:colcon.colcon_core.environment:checking '/home/rishi/ros2_ws/install/my_robot_description' for CMake config files
[0.742s] Level 1:colcon.colcon_core.shell:create_environment_hook('my_robot_description', 'cmake_prefix_path')
[0.742s] INFO:colcon.colcon_core.shell:Creating environment hook '/home/rishi/ros2_ws/install/my_robot_description/share/my_robot_description/hook/cmake_prefix_path.ps1'
[0.743s] INFO:colcon.colcon_core.shell:Creating environment descriptor '/home/rishi/ros2_ws/install/my_robot_description/share/my_robot_description/hook/cmake_prefix_path.dsv'
[0.743s] INFO:colcon.colcon_core.shell:Creating environment hook '/home/rishi/ros2_ws/install/my_robot_description/share/my_robot_description/hook/cmake_prefix_path.sh'
[0.743s] Level 1:colcon.colcon_core.environment:checking '/home/rishi/ros2_ws/install/my_robot_description/bin'
[0.744s] Level 1:colcon.colcon_core.environment:checking '/home/rishi/ros2_ws/install/my_robot_description/lib/pkgconfig/my_robot_description.pc'
[0.744s] Level 1:colcon.colcon_core.environment:checking '/home/rishi/ros2_ws/install/my_robot_description/lib/python3.10/site-packages'
[0.744s] Level 1:colcon.colcon_core.environment:checking '/home/rishi/ros2_ws/install/my_robot_description/bin'
[0.744s] INFO:colcon.colcon_core.shell:Creating package script '/home/rishi/ros2_ws/install/my_robot_description/share/my_robot_description/package.ps1'
[0.745s] INFO:colcon.colcon_core.shell:Creating package descriptor '/home/rishi/ros2_ws/install/my_robot_description/share/my_robot_description/package.dsv'
[0.745s] INFO:colcon.colcon_core.shell:Creating package script '/home/rishi/ros2_ws/install/my_robot_description/share/my_robot_description/package.sh'
[0.745s] INFO:colcon.colcon_core.shell:Creating package script '/home/rishi/ros2_ws/install/my_robot_description/share/my_robot_description/package.bash'
[0.746s] INFO:colcon.colcon_core.shell:Creating package script '/home/rishi/ros2_ws/install/my_robot_description/share/my_robot_description/package.zsh'
[0.746s] Level 1:colcon.colcon_core.environment:create_file_with_runtime_dependencies(/home/rishi/ros2_ws/install/my_robot_description/share/colcon-core/packages/my_robot_description)
[0.798s] DEBUG:colcon.colcon_core.task.python.build:While undoing a previous installation files outside the Python library path are being ignored: /home/rishi/ros2_ws/install/my_robot_controller/share/ament_index/resource_index/packages/my_robot_controller
[0.798s] DEBUG:colcon.colcon_core.task.python.build:While undoing a previous installation files outside the Python library path are being ignored: /home/rishi/ros2_ws/install/my_robot_controller/share/my_robot_controller/package.xml
[0.798s] DEBUG:colcon.colcon_core.task.python.build:While undoing a previous installation files outside the Python library path are being ignored: /home/rishi/ros2_ws/install/my_robot_controller/lib/my_robot_controller/camera_node
[0.798s] DEBUG:colcon.colcon_core.task.python.build:While undoing a previous installation files outside the Python library path are being ignored: /home/rishi/ros2_ws/install/my_robot_controller/lib/my_robot_controller/circle_node
[0.799s] DEBUG:colcon.colcon_core.task.python.build:While undoing a previous installation files outside the Python library path are being ignored: /home/rishi/ros2_ws/install/my_robot_controller/lib/my_robot_controller/publisher_node
[0.799s] DEBUG:colcon.colcon_core.task.python.build:While undoing a previous installation files outside the Python library path are being ignored: /home/rishi/ros2_ws/install/my_robot_controller/lib/my_robot_controller/test_node
[0.800s] DEBUG:colcon.colcon_core.event_handler.log_command:Invoking command in '/home/rishi/ros2_ws/build/my_robot_controller': PYTHONPATH=/home/rishi/ros2_ws/build/my_robot_controller/prefix_override:/usr/lib/python3/dist-packages/colcon_core/task/python/colcon_distutils_commands:/home/rishi/ros2_ws/install/my_robot_controller/lib/python3.10/site-packages:${PYTHONPATH} /usr/bin/python3 -W ignore:setup.py install is deprecated -W ignore:easy_install command is deprecated setup.py develop --editable --build-directory /home/rishi/ros2_ws/build/my_robot_controller/build --no-deps symlink_data --force
[1.140s] Level 1:colcon.colcon_core.shell:create_environment_hook('my_robot_controller', 'pythonpath_develop')
[1.140s] INFO:colcon.colcon_core.shell:Creating environment hook '/home/rishi/ros2_ws/build/my_robot_controller/share/my_robot_controller/hook/pythonpath_develop.ps1'
[1.141s] DEBUG:colcon.colcon_core.event_handler.log_command:Invoked command in '/home/rishi/ros2_ws/build/my_robot_controller' returned '0': PYTHONPATH=/home/rishi/ros2_ws/build/my_robot_controller/prefix_override:/usr/lib/python3/dist-packages/colcon_core/task/python/colcon_distutils_commands:/home/rishi/ros2_ws/install/my_robot_controller/lib/python3.10/site-packages:${PYTHONPATH} /usr/bin/python3 -W ignore:setup.py install is deprecated -W ignore:easy_install command is deprecated setup.py develop --editable --build-directory /home/rishi/ros2_ws/build/my_robot_controller/build --no-deps symlink_data --force
[1.141s] INFO:colcon.colcon_core.shell:Creating environment descriptor '/home/rishi/ros2_ws/build/my_robot_controller/share/my_robot_controller/hook/pythonpath_develop.dsv'
[1.141s] INFO:colcon.colcon_core.shell:Creating environment hook '/home/rishi/ros2_ws/build/my_robot_controller/share/my_robot_controller/hook/pythonpath_develop.sh'
[1.142s] Level 1:colcon.colcon_core.environment:checking '/home/rishi/ros2_ws/install/my_robot_controller' for CMake module files
[1.142s] Level 1:colcon.colcon_core.environment:checking '/home/rishi/ros2_ws/install/my_robot_controller' for CMake config files
[1.143s] Level 1:colcon.colcon_core.environment:checking '/home/rishi/ros2_ws/install/my_robot_controller/lib'
[1.143s] Level 1:colcon.colcon_core.environment:checking '/home/rishi/ros2_ws/install/my_robot_controller/bin'
[1.143s] Level 1:colcon.colcon_core.environment:checking '/home/rishi/ros2_ws/install/my_robot_controller/lib/pkgconfig/my_robot_controller.pc'
[1.143s] Level 1:colcon.colcon_core.environment:checking '/home/rishi/ros2_ws/install/my_robot_controller/lib/python3.10/site-packages'
[1.143s] Level 1:colcon.colcon_core.shell:create_environment_hook('my_robot_controller', 'pythonpath')
[1.143s] INFO:colcon.colcon_core.shell:Creating environment hook '/home/rishi/ros2_ws/install/my_robot_controller/share/my_robot_controller/hook/pythonpath.ps1'
[1.144s] INFO:colcon.colcon_core.shell:Creating environment descriptor '/home/rishi/ros2_ws/install/my_robot_controller/share/my_robot_controller/hook/pythonpath.dsv'
[1.144s] INFO:colcon.colcon_core.shell:Creating environment hook '/home/rishi/ros2_ws/install/my_robot_controller/share/my_robot_controller/hook/pythonpath.sh'
[1.144s] Level 1:colcon.colcon_core.environment:checking '/home/rishi/ros2_ws/install/my_robot_controller/bin'
[1.144s] Level 1:colcon.colcon_core.environment:create_environment_scripts_only(my_robot_controller)
[1.145s] INFO:colcon.colcon_core.shell:Creating package script '/home/rishi/ros2_ws/install/my_robot_controller/share/my_robot_controller/package.ps1'
[1.145s] INFO:colcon.colcon_core.shell:Creating package descriptor '/home/rishi/ros2_ws/install/my_robot_controller/share/my_robot_controller/package.dsv'
[1.145s] INFO:colcon.colcon_core.shell:Creating package script '/home/rishi/ros2_ws/install/my_robot_controller/share/my_robot_controller/package.sh'
[1.146s] INFO:colcon.colcon_core.shell:Creating package script '/home/rishi/ros2_ws/install/my_robot_controller/share/my_robot_controller/package.bash'
[1.146s] INFO:colcon.colcon_core.shell:Creating package script '/home/rishi/ros2_ws/install/my_robot_controller/share/my_robot_controller/package.zsh'
[1.146s] Level 1:colcon.colcon_core.environment:create_file_with_runtime_dependencies(/home/rishi/ros2_ws/install/my_robot_controller/share/colcon-core/packages/my_robot_controller)
[1.146s] DEBUG:colcon.colcon_parallel_executor.executor.parallel:closing loop
[1.147s] DEBUG:colcon.colcon_parallel_executor.executor.parallel:loop closed
[1.147s] DEBUG:colcon.colcon_parallel_executor.executor.parallel:run_until_complete finished with '0'
[1.147s] DEBUG:colcon.colcon_core.event_reactor:joining thread
[1.151s] INFO:colcon.colcon_core.plugin_system:Skipping extension 'colcon_notification.desktop_notification.terminal_notifier': Not used on non-Darwin systems
[1.151s] INFO:colcon.colcon_core.plugin_system:Skipping extension 'colcon_notification.desktop_notification.win32': Not used on non-Windows systems
[1.151s] INFO:colcon.colcon_notification.desktop_notification:Sending desktop notification using 'notify2'
[1.161s] DEBUG:colcon.colcon_core.event_reactor:joined thread
[1.161s] INFO:colcon.colcon_core.shell:Creating prefix script '/home/rishi/ros2_ws/install/local_setup.ps1'
[1.162s] INFO:colcon.colcon_core.shell:Creating prefix util module '/home/rishi/ros2_ws/install/_local_setup_util_ps1.py'
[1.163s] INFO:colcon.colcon_core.shell:Creating prefix chain script '/home/rishi/ros2_ws/install/setup.ps1'
[1.165s] INFO:colcon.colcon_core.shell:Creating prefix script '/home/rishi/ros2_ws/install/local_setup.sh'
[1.165s] INFO:colcon.colcon_core.shell:Creating prefix util module '/home/rishi/ros2_ws/install/_local_setup_util_sh.py'
[1.165s] INFO:colcon.colcon_core.shell:Creating prefix chain script '/home/rishi/ros2_ws/install/setup.sh'
[1.166s] INFO:colcon.colcon_core.shell:Creating prefix script '/home/rishi/ros2_ws/install/local_setup.bash'
[1.167s] INFO:colcon.colcon_core.shell:Creating prefix chain script '/home/rishi/ros2_ws/install/setup.bash'
[1.168s] INFO:colcon.colcon_core.shell:Creating prefix script '/home/rishi/ros2_ws/install/local_setup.zsh'
[1.168s] INFO:colcon.colcon_core.shell:Creating prefix chain script '/home/rishi/ros2_ws/install/setup.zsh'
