[0.077s] DEBUG:colcon:Command line arguments: ['/usr/bin/colcon', 'build']
[0.077s] DEBUG:colcon:Parsed command line arguments: Namespace(log_base=None, log_level=None, verb_name='build', build_base='build', install_base='install', merge_install=False, symlink_install=False, test_result_base=None, continue_on_error=False, executor='parallel', parallel_workers=8, event_handlers=None, ignore_user_meta=False, metas=['./colcon.meta'], base_paths=['.'], packages_ignore=None, packages_ignore_regex=None, paths=None, packages_up_to=None, packages_up_to_regex=None, packages_above=None, packages_above_and_dependencies=None, packages_above_depth=None, packages_select_by_dep=None, packages_skip_by_dep=None, packages_skip_up_to=None, packages_select_build_failed=False, packages_skip_build_finished=False, packages_select_test_failures=False, packages_skip_test_passed=False, packages_select=None, packages_skip=None, packages_select_regex=None, packages_skip_regex=None, packages_start=None, packages_end=None, allow_overriding=[], cmake_args=None, cmake_target=None, cmake_target_skip_unavailable=False, cmake_clean_cache=False, cmake_clean_first=False, cmake_force_configure=False, ament_cmake_args=None, catkin_cmake_args=None, catkin_skip_building_tests=False, mixin_files=None, mixin=None, verb_parser=<colcon_mixin.mixin.mixin_argument.MixinArgumentDecorator object at 0x71e956549690>, verb_extension=<colcon_core.verb.build.BuildVerb object at 0x71e9565491e0>, main=<bound method BuildVerb.main of <colcon_core.verb.build.BuildVerb object at 0x71e9565491e0>>, mixin_verb=('build',))
[0.191s] Level 1:colcon.colcon_core.package_discovery:discover_packages(colcon_meta) check parameters
[0.191s] Level 1:colcon.colcon_core.package_discovery:discover_packages(recursive) check parameters
[0.191s] Level 1:colcon.colcon_core.package_discovery:discover_packages(ignore) check parameters
[0.191s] Level 1:colcon.colcon_core.package_discovery:discover_packages(path) check parameters
[0.191s] Level 1:colcon.colcon_core.package_discovery:discover_packages(colcon_meta) discover
[0.191s] Level 1:colcon.colcon_core.package_discovery:discover_packages(recursive) discover
[0.191s] INFO:colcon.colcon_core.package_discovery:Crawling recursively for packages in '/home/rishi/ros2_ws'
[0.191s] Level 1:colcon.colcon_core.package_identification:_identify(.) by extensions ['ignore', 'ignore_ament_install']
[0.191s] Level 1:colcon.colcon_core.package_identification:_identify(.) by extension 'ignore'
[0.191s] Level 1:colcon.colcon_core.package_identification:_identify(.) by extension 'ignore_ament_install'
[0.191s] Level 1:colcon.colcon_core.package_identification:_identify(.) by extensions ['colcon_pkg']
[0.191s] Level 1:colcon.colcon_core.package_identification:_identify(.) by extension 'colcon_pkg'
[0.191s] Level 1:colcon.colcon_core.package_identification:_identify(.) by extensions ['colcon_meta']
[0.191s] Level 1:colcon.colcon_core.package_identification:_identify(.) by extension 'colcon_meta'
[0.191s] Level 1:colcon.colcon_core.package_identification:_identify(.) by extensions ['ros']
[0.192s] Level 1:colcon.colcon_core.package_identification:_identify(.) by extension 'ros'
[0.199s] Level 1:colcon.colcon_core.package_identification:_identify(.) by extensions ['cmake', 'python']
[0.199s] Level 1:colcon.colcon_core.package_identification:_identify(.) by extension 'cmake'
[0.199s] Level 1:colcon.colcon_core.package_identification:_identify(.) by extension 'python'
[0.199s] Level 1:colcon.colcon_core.package_identification:_identify(.) by extensions ['python_setup_py']
[0.199s] Level 1:colcon.colcon_core.package_identification:_identify(.) by extension 'python_setup_py'
[0.200s] Level 1:colcon.colcon_core.package_identification:_identify(build) by extensions ['ignore', 'ignore_ament_install']
[0.200s] Level 1:colcon.colcon_core.package_identification:_identify(build) by extension 'ignore'
[0.200s] Level 1:colcon.colcon_core.package_identification:_identify(build) ignored
[0.200s] Level 1:colcon.colcon_core.package_identification:_identify(install) by extensions ['ignore', 'ignore_ament_install']
[0.200s] Level 1:colcon.colcon_core.package_identification:_identify(install) by extension 'ignore'
[0.200s] Level 1:colcon.colcon_core.package_identification:_identify(install) ignored
[0.200s] Level 1:colcon.colcon_core.package_identification:_identify(log) by extensions ['ignore', 'ignore_ament_install']
[0.200s] Level 1:colcon.colcon_core.package_identification:_identify(log) by extension 'ignore'
[0.200s] Level 1:colcon.colcon_core.package_identification:_identify(log) ignored
[0.200s] Level 1:colcon.colcon_core.package_identification:_identify(src) by extensions ['ignore', 'ignore_ament_install']
[0.200s] Level 1:colcon.colcon_core.package_identification:_identify(src) by extension 'ignore'
[0.200s] Level 1:colcon.colcon_core.package_identification:_identify(src) by extension 'ignore_ament_install'
[0.201s] Level 1:colcon.colcon_core.package_identification:_identify(src) by extensions ['colcon_pkg']
[0.201s] Level 1:colcon.colcon_core.package_identification:_identify(src) by extension 'colcon_pkg'
[0.201s] Level 1:colcon.colcon_core.package_identification:_identify(src) by extensions ['colcon_meta']
[0.201s] Level 1:colcon.colcon_core.package_identification:_identify(src) by extension 'colcon_meta'
[0.201s] Level 1:colcon.colcon_core.package_identification:_identify(src) by extensions ['ros']
[0.201s] Level 1:colcon.colcon_core.package_identification:_identify(src) by extension 'ros'
[0.201s] Level 1:colcon.colcon_core.package_identification:_identify(src) by extensions ['cmake', 'python']
[0.201s] Level 1:colcon.colcon_core.package_identification:_identify(src) by extension 'cmake'
[0.201s] Level 1:colcon.colcon_core.package_identification:_identify(src) by extension 'python'
[0.201s] Level 1:colcon.colcon_core.package_identification:_identify(src) by extensions ['python_setup_py']
[0.201s] Level 1:colcon.colcon_core.package_identification:_identify(src) by extension 'python_setup_py'
[0.201s] Level 1:colcon.colcon_core.package_identification:_identify(src/my_robot_bringup) by extensions ['ignore', 'ignore_ament_install']
[0.201s] Level 1:colcon.colcon_core.package_identification:_identify(src/my_robot_bringup) by extension 'ignore'
[0.201s] Level 1:colcon.colcon_core.package_identification:_identify(src/my_robot_bringup) by extension 'ignore_ament_install'
[0.201s] Level 1:colcon.colcon_core.package_identification:_identify(src/my_robot_bringup) by extensions ['colcon_pkg']
[0.201s] Level 1:colcon.colcon_core.package_identification:_identify(src/my_robot_bringup) by extension 'colcon_pkg'
[0.201s] Level 1:colcon.colcon_core.package_identification:_identify(src/my_robot_bringup) by extensions ['colcon_meta']
[0.201s] Level 1:colcon.colcon_core.package_identification:_identify(src/my_robot_bringup) by extension 'colcon_meta'
[0.201s] Level 1:colcon.colcon_core.package_identification:_identify(src/my_robot_bringup) by extensions ['ros']
[0.201s] Level 1:colcon.colcon_core.package_identification:_identify(src/my_robot_bringup) by extension 'ros'
[0.203s] DEBUG:colcon.colcon_core.package_identification:Package 'src/my_robot_bringup' with type 'ros.ament_cmake' and name 'my_robot_bringup'
[0.203s] Level 1:colcon.colcon_core.package_identification:_identify(src/my_robot_controller) by extensions ['ignore', 'ignore_ament_install']
[0.204s] Level 1:colcon.colcon_core.package_identification:_identify(src/my_robot_controller) by extension 'ignore'
[0.204s] Level 1:colcon.colcon_core.package_identification:_identify(src/my_robot_controller) by extension 'ignore_ament_install'
[0.204s] Level 1:colcon.colcon_core.package_identification:_identify(src/my_robot_controller) by extensions ['colcon_pkg']
[0.204s] Level 1:colcon.colcon_core.package_identification:_identify(src/my_robot_controller) by extension 'colcon_pkg'
[0.204s] Level 1:colcon.colcon_core.package_identification:_identify(src/my_robot_controller) by extensions ['colcon_meta']
[0.204s] Level 1:colcon.colcon_core.package_identification:_identify(src/my_robot_controller) by extension 'colcon_meta'
[0.204s] Level 1:colcon.colcon_core.package_identification:_identify(src/my_robot_controller) by extensions ['ros']
[0.204s] Level 1:colcon.colcon_core.package_identification:_identify(src/my_robot_controller) by extension 'ros'
[0.204s] DEBUG:colcon.colcon_core.package_identification:Package 'src/my_robot_controller' with type 'ros.ament_python' and name 'my_robot_controller'
[0.204s] Level 1:colcon.colcon_core.package_identification:_identify(src/my_robot_description) by extensions ['ignore', 'ignore_ament_install']
[0.205s] Level 1:colcon.colcon_core.package_identification:_identify(src/my_robot_description) by extension 'ignore'
[0.205s] Level 1:colcon.colcon_core.package_identification:_identify(src/my_robot_description) by extension 'ignore_ament_install'
[0.205s] Level 1:colcon.colcon_core.package_identification:_identify(src/my_robot_description) by extensions ['colcon_pkg']
[0.205s] Level 1:colcon.colcon_core.package_identification:_identify(src/my_robot_description) by extension 'colcon_pkg'
[0.205s] Level 1:colcon.colcon_core.package_identification:_identify(src/my_robot_description) by extensions ['colcon_meta']
[0.205s] Level 1:colcon.colcon_core.package_identification:_identify(src/my_robot_description) by extension 'colcon_meta'
[0.205s] Level 1:colcon.colcon_core.package_identification:_identify(src/my_robot_description) by extensions ['ros']
[0.205s] Level 1:colcon.colcon_core.package_identification:_identify(src/my_robot_description) by extension 'ros'
[0.205s] DEBUG:colcon.colcon_core.package_identification:Package 'src/my_robot_description' with type 'ros.ament_cmake' and name 'my_robot_description'
[0.205s] Level 1:colcon.colcon_core.package_discovery:discover_packages(recursive) using defaults
[0.205s] Level 1:colcon.colcon_core.package_discovery:discover_packages(ignore) discover
[0.205s] Level 1:colcon.colcon_core.package_discovery:discover_packages(ignore) using defaults
[0.205s] Level 1:colcon.colcon_core.package_discovery:discover_packages(path) discover
[0.205s] Level 1:colcon.colcon_core.package_discovery:discover_packages(path) using defaults
[0.230s] Level 1:colcon.colcon_core.package_discovery:discover_packages(prefix_path) check parameters
[0.230s] Level 1:colcon.colcon_core.package_discovery:discover_packages(prefix_path) discover
[0.231s] DEBUG:colcon.colcon_installed_package_information.package_discovery:Found 3 installed packages in /home/rishi/ros2_ws/install
[0.232s] DEBUG:colcon.colcon_installed_package_information.package_discovery:Found 289 installed packages in /opt/ros/humble
[0.233s] Level 1:colcon.colcon_core.package_discovery:discover_packages(prefix_path) using defaults
[0.259s] Level 5:colcon.colcon_core.verb:set package 'my_robot_bringup' build argument 'cmake_args' from command line to 'None'
[0.259s] Level 5:colcon.colcon_core.verb:set package 'my_robot_bringup' build argument 'cmake_target' from command line to 'None'
[0.259s] Level 5:colcon.colcon_core.verb:set package 'my_robot_bringup' build argument 'cmake_target_skip_unavailable' from command line to 'False'
[0.259s] Level 5:colcon.colcon_core.verb:set package 'my_robot_bringup' build argument 'cmake_clean_cache' from command line to 'False'
[0.259s] Level 5:colcon.colcon_core.verb:set package 'my_robot_bringup' build argument 'cmake_clean_first' from command line to 'False'
[0.259s] Level 5:colcon.colcon_core.verb:set package 'my_robot_bringup' build argument 'cmake_force_configure' from command line to 'False'
[0.259s] Level 5:colcon.colcon_core.verb:set package 'my_robot_bringup' build argument 'ament_cmake_args' from command line to 'None'
[0.259s] Level 5:colcon.colcon_core.verb:set package 'my_robot_bringup' build argument 'catkin_cmake_args' from command line to 'None'
[0.259s] Level 5:colcon.colcon_core.verb:set package 'my_robot_bringup' build argument 'catkin_skip_building_tests' from command line to 'False'
[0.260s] DEBUG:colcon.colcon_core.verb:Building package 'my_robot_bringup' with the following arguments: {'ament_cmake_args': None, 'build_base': '/home/rishi/ros2_ws/build/my_robot_bringup', 'catkin_cmake_args': None, 'catkin_skip_building_tests': False, 'cmake_args': None, 'cmake_clean_cache': False, 'cmake_clean_first': False, 'cmake_force_configure': False, 'cmake_target': None, 'cmake_target_skip_unavailable': False, 'install_base': '/home/rishi/ros2_ws/install/my_robot_bringup', 'merge_install': False, 'path': '/home/rishi/ros2_ws/src/my_robot_bringup', 'symlink_install': False, 'test_result_base': None}
[0.260s] Level 5:colcon.colcon_core.verb:set package 'my_robot_controller' build argument 'cmake_args' from command line to 'None'
[0.260s] Level 5:colcon.colcon_core.verb:set package 'my_robot_controller' build argument 'cmake_target' from command line to 'None'
[0.260s] Level 5:colcon.colcon_core.verb:set package 'my_robot_controller' build argument 'cmake_target_skip_unavailable' from command line to 'False'
[0.260s] Level 5:colcon.colcon_core.verb:set package 'my_robot_controller' build argument 'cmake_clean_cache' from command line to 'False'
[0.260s] Level 5:colcon.colcon_core.verb:set package 'my_robot_controller' build argument 'cmake_clean_first' from command line to 'False'
[0.260s] Level 5:colcon.colcon_core.verb:set package 'my_robot_controller' build argument 'cmake_force_configure' from command line to 'False'
[0.260s] Level 5:colcon.colcon_core.verb:set package 'my_robot_controller' build argument 'ament_cmake_args' from command line to 'None'
[0.260s] Level 5:colcon.colcon_core.verb:set package 'my_robot_controller' build argument 'catkin_cmake_args' from command line to 'None'
[0.260s] Level 5:colcon.colcon_core.verb:set package 'my_robot_controller' build argument 'catkin_skip_building_tests' from command line to 'False'
[0.260s] DEBUG:colcon.colcon_core.verb:Building package 'my_robot_controller' with the following arguments: {'ament_cmake_args': None, 'build_base': '/home/rishi/ros2_ws/build/my_robot_controller', 'catkin_cmake_args': None, 'catkin_skip_building_tests': False, 'cmake_args': None, 'cmake_clean_cache': False, 'cmake_clean_first': False, 'cmake_force_configure': False, 'cmake_target': None, 'cmake_target_skip_unavailable': False, 'install_base': '/home/rishi/ros2_ws/install/my_robot_controller', 'merge_install': False, 'path': '/home/rishi/ros2_ws/src/my_robot_controller', 'symlink_install': False, 'test_result_base': None}
[0.260s] Level 5:colcon.colcon_core.verb:set package 'my_robot_description' build argument 'cmake_args' from command line to 'None'
[0.260s] Level 5:colcon.colcon_core.verb:set package 'my_robot_description' build argument 'cmake_target' from command line to 'None'
[0.260s] Level 5:colcon.colcon_core.verb:set package 'my_robot_description' build argument 'cmake_target_skip_unavailable' from command line to 'False'
[0.260s] Level 5:colcon.colcon_core.verb:set package 'my_robot_description' build argument 'cmake_clean_cache' from command line to 'False'
[0.260s] Level 5:colcon.colcon_core.verb:set package 'my_robot_description' build argument 'cmake_clean_first' from command line to 'False'
[0.261s] Level 5:colcon.colcon_core.verb:set package 'my_robot_description' build argument 'cmake_force_configure' from command line to 'False'
[0.261s] Level 5:colcon.colcon_core.verb:set package 'my_robot_description' build argument 'ament_cmake_args' from command line to 'None'
[0.261s] Level 5:colcon.colcon_core.verb:set package 'my_robot_description' build argument 'catkin_cmake_args' from command line to 'None'
[0.261s] Level 5:colcon.colcon_core.verb:set package 'my_robot_description' build argument 'catkin_skip_building_tests' from command line to 'False'
[0.261s] DEBUG:colcon.colcon_core.verb:Building package 'my_robot_description' with the following arguments: {'ament_cmake_args': None, 'build_base': '/home/rishi/ros2_ws/build/my_robot_description', 'catkin_cmake_args': None, 'catkin_skip_building_tests': False, 'cmake_args': None, 'cmake_clean_cache': False, 'cmake_clean_first': False, 'cmake_force_configure': False, 'cmake_target': None, 'cmake_target_skip_unavailable': False, 'install_base': '/home/rishi/ros2_ws/install/my_robot_description', 'merge_install': False, 'path': '/home/rishi/ros2_ws/src/my_robot_description', 'symlink_install': False, 'test_result_base': None}
[0.261s] INFO:colcon.colcon_core.executor:Executing jobs using 'parallel' executor
[0.262s] DEBUG:colcon.colcon_parallel_executor.executor.parallel:run_until_complete
[0.262s] INFO:colcon.colcon_ros.task.ament_cmake.build:Building ROS package in '/home/rishi/ros2_ws/src/my_robot_bringup' with build type 'ament_cmake'
[0.262s] INFO:colcon.colcon_cmake.task.cmake.build:Building CMake package in '/home/rishi/ros2_ws/src/my_robot_bringup'
[0.263s] INFO:colcon.colcon_core.plugin_system:Skipping extension 'colcon_core.shell.bat': Not used on non-Windows systems
[0.263s] INFO:colcon.colcon_core.shell:Skip shell extension 'powershell' for command environment: Not usable outside of PowerShell
[0.263s] DEBUG:colcon.colcon_core.shell:Skip shell extension 'dsv' for command environment
[0.266s] INFO:colcon.colcon_ros.task.ament_python.build:Building ROS package in '/home/rishi/ros2_ws/src/my_robot_controller' with build type 'ament_python'
[0.266s] Level 1:colcon.colcon_core.shell:create_environment_hook('my_robot_controller', 'ament_prefix_path')
[0.266s] INFO:colcon.colcon_core.shell:Creating environment hook '/home/rishi/ros2_ws/install/my_robot_controller/share/my_robot_controller/hook/ament_prefix_path.ps1'
[0.267s] INFO:colcon.colcon_core.shell:Creating environment descriptor '/home/rishi/ros2_ws/install/my_robot_controller/share/my_robot_controller/hook/ament_prefix_path.dsv'
[0.267s] INFO:colcon.colcon_core.shell:Creating environment hook '/home/rishi/ros2_ws/install/my_robot_controller/share/my_robot_controller/hook/ament_prefix_path.sh'
[0.268s] INFO:colcon.colcon_core.shell:Skip shell extension 'powershell' for command environment: Not usable outside of PowerShell
[0.268s] DEBUG:colcon.colcon_core.shell:Skip shell extension 'dsv' for command environment
[0.270s] INFO:colcon.colcon_ros.task.ament_cmake.build:Building ROS package in '/home/rishi/ros2_ws/src/my_robot_description' with build type 'ament_cmake'
[0.270s] INFO:colcon.colcon_cmake.task.cmake.build:Building CMake package in '/home/rishi/ros2_ws/src/my_robot_description'
[0.270s] INFO:colcon.colcon_core.shell:Skip shell extension 'powershell' for command environment: Not usable outside of PowerShell
[0.270s] DEBUG:colcon.colcon_core.shell:Skip shell extension 'dsv' for command environment
[0.276s] DEBUG:colcon.colcon_core.event_handler.log_command:Invoking command in '/home/rishi/ros2_ws/build/my_robot_bringup': CMAKE_PREFIX_PATH=${CMAKE_PREFIX_PATH}:/home/rishi/ros2_ws/install/my_robot_controller:/opt/ros/humble /usr/bin/cmake --build /home/rishi/ros2_ws/build/my_robot_bringup -- -j8 -l8
[0.560s] INFO:colcon.colcon_core.task.python.build:Building Python package in '/home/rishi/ros2_ws/src/my_robot_controller'
[0.560s] INFO:colcon.colcon_core.shell:Skip shell extension 'powershell' for command environment: Not usable outside of PowerShell
[0.560s] DEBUG:colcon.colcon_core.shell:Skip shell extension 'dsv' for command environment
[0.566s] DEBUG:colcon.colcon_core.event_handler.log_command:Invoking command in '/home/rishi/ros2_ws/build/my_robot_description': CMAKE_PREFIX_PATH=${CMAKE_PREFIX_PATH}:/home/rishi/ros2_ws/install/my_robot_controller:/opt/ros/humble /usr/bin/cmake --build /home/rishi/ros2_ws/build/my_robot_description -- -j8 -l8
[0.566s] DEBUG:colcon.colcon_core.event_handler.log_command:Invoked command in '/home/rishi/ros2_ws/build/my_robot_bringup' returned '0': CMAKE_PREFIX_PATH=${CMAKE_PREFIX_PATH}:/home/rishi/ros2_ws/install/my_robot_controller:/opt/ros/humble /usr/bin/cmake --build /home/rishi/ros2_ws/build/my_robot_bringup -- -j8 -l8
[0.573s] DEBUG:colcon.colcon_core.event_handler.log_command:Invoking command in '/home/rishi/ros2_ws/build/my_robot_bringup': CMAKE_PREFIX_PATH=${CMAKE_PREFIX_PATH}:/home/rishi/ros2_ws/install/my_robot_controller:/opt/ros/humble /usr/bin/cmake --install /home/rishi/ros2_ws/build/my_robot_bringup
[0.580s] Level 1:colcon.colcon_core.environment:create_environment_scripts_only(my_robot_bringup)
[0.580s] DEBUG:colcon.colcon_core.event_handler.log_command:Invoked command in '/home/rishi/ros2_ws/build/my_robot_bringup' returned '0': CMAKE_PREFIX_PATH=${CMAKE_PREFIX_PATH}:/home/rishi/ros2_ws/install/my_robot_controller:/opt/ros/humble /usr/bin/cmake --install /home/rishi/ros2_ws/build/my_robot_bringup
[0.582s] Level 1:colcon.colcon_core.environment:checking '/home/rishi/ros2_ws/install/my_robot_bringup' for CMake module files
[0.582s] Level 1:colcon.colcon_core.environment:checking '/home/rishi/ros2_ws/install/my_robot_bringup' for CMake config files
[0.582s] Level 1:colcon.colcon_core.shell:create_environment_hook('my_robot_bringup', 'cmake_prefix_path')
[0.583s] INFO:colcon.colcon_core.shell:Creating environment hook '/home/rishi/ros2_ws/install/my_robot_bringup/share/my_robot_bringup/hook/cmake_prefix_path.ps1'
[0.583s] INFO:colcon.colcon_core.shell:Creating environment descriptor '/home/rishi/ros2_ws/install/my_robot_bringup/share/my_robot_bringup/hook/cmake_prefix_path.dsv'
[0.583s] INFO:colcon.colcon_core.shell:Creating environment hook '/home/rishi/ros2_ws/install/my_robot_bringup/share/my_robot_bringup/hook/cmake_prefix_path.sh'
[0.584s] Level 1:colcon.colcon_core.environment:checking '/home/rishi/ros2_ws/install/my_robot_bringup/bin'
[0.584s] Level 1:colcon.colcon_core.environment:checking '/home/rishi/ros2_ws/install/my_robot_bringup/lib/pkgconfig/my_robot_bringup.pc'
[0.584s] Level 1:colcon.colcon_core.environment:checking '/home/rishi/ros2_ws/install/my_robot_bringup/lib/python3.10/site-packages'
[0.584s] Level 1:colcon.colcon_core.environment:checking '/home/rishi/ros2_ws/install/my_robot_bringup/bin'
[0.584s] INFO:colcon.colcon_core.shell:Creating package script '/home/rishi/ros2_ws/install/my_robot_bringup/share/my_robot_bringup/package.ps1'
[0.585s] INFO:colcon.colcon_core.shell:Creating package descriptor '/home/rishi/ros2_ws/install/my_robot_bringup/share/my_robot_bringup/package.dsv'
[0.585s] INFO:colcon.colcon_core.shell:Creating package script '/home/rishi/ros2_ws/install/my_robot_bringup/share/my_robot_bringup/package.sh'
[0.586s] INFO:colcon.colcon_core.shell:Creating package script '/home/rishi/ros2_ws/install/my_robot_bringup/share/my_robot_bringup/package.bash'
[0.586s] INFO:colcon.colcon_core.shell:Creating package script '/home/rishi/ros2_ws/install/my_robot_bringup/share/my_robot_bringup/package.zsh'
[0.587s] Level 1:colcon.colcon_core.environment:create_file_with_runtime_dependencies(/home/rishi/ros2_ws/install/my_robot_bringup/share/colcon-core/packages/my_robot_bringup)
[0.587s] Level 1:colcon.colcon_core.environment:create_environment_scripts_only(my_robot_bringup)
[0.588s] Level 1:colcon.colcon_core.environment:checking '/home/rishi/ros2_ws/install/my_robot_bringup' for CMake module files
[0.588s] Level 1:colcon.colcon_core.environment:checking '/home/rishi/ros2_ws/install/my_robot_bringup' for CMake config files
[0.588s] Level 1:colcon.colcon_core.shell:create_environment_hook('my_robot_bringup', 'cmake_prefix_path')
[0.588s] INFO:colcon.colcon_core.shell:Creating environment hook '/home/rishi/ros2_ws/install/my_robot_bringup/share/my_robot_bringup/hook/cmake_prefix_path.ps1'
[0.589s] INFO:colcon.colcon_core.shell:Creating environment descriptor '/home/rishi/ros2_ws/install/my_robot_bringup/share/my_robot_bringup/hook/cmake_prefix_path.dsv'
[0.589s] INFO:colcon.colcon_core.shell:Creating environment hook '/home/rishi/ros2_ws/install/my_robot_bringup/share/my_robot_bringup/hook/cmake_prefix_path.sh'
[0.590s] Level 1:colcon.colcon_core.environment:checking '/home/rishi/ros2_ws/install/my_robot_bringup/bin'
[0.590s] Level 1:colcon.colcon_core.environment:checking '/home/rishi/ros2_ws/install/my_robot_bringup/lib/pkgconfig/my_robot_bringup.pc'
[0.590s] Level 1:colcon.colcon_core.environment:checking '/home/rishi/ros2_ws/install/my_robot_bringup/lib/python3.10/site-packages'
[0.590s] Level 1:colcon.colcon_core.environment:checking '/home/rishi/ros2_ws/install/my_robot_bringup/bin'
[0.590s] INFO:colcon.colcon_core.shell:Creating package script '/home/rishi/ros2_ws/install/my_robot_bringup/share/my_robot_bringup/package.ps1'
[0.591s] INFO:colcon.colcon_core.shell:Creating package descriptor '/home/rishi/ros2_ws/install/my_robot_bringup/share/my_robot_bringup/package.dsv'
[0.591s] INFO:colcon.colcon_core.shell:Creating package script '/home/rishi/ros2_ws/install/my_robot_bringup/share/my_robot_bringup/package.sh'
[0.591s] INFO:colcon.colcon_core.shell:Creating package script '/home/rishi/ros2_ws/install/my_robot_bringup/share/my_robot_bringup/package.bash'
[0.592s] INFO:colcon.colcon_core.shell:Creating package script '/home/rishi/ros2_ws/install/my_robot_bringup/share/my_robot_bringup/package.zsh'
[0.592s] Level 1:colcon.colcon_core.environment:create_file_with_runtime_dependencies(/home/rishi/ros2_ws/install/my_robot_bringup/share/colcon-core/packages/my_robot_bringup)
[0.594s] DEBUG:colcon.colcon_core.event_handler.log_command:Invoked command in '/home/rishi/ros2_ws/build/my_robot_description' returned '0': CMAKE_PREFIX_PATH=${CMAKE_PREFIX_PATH}:/home/rishi/ros2_ws/install/my_robot_controller:/opt/ros/humble /usr/bin/cmake --build /home/rishi/ros2_ws/build/my_robot_description -- -j8 -l8
[0.595s] DEBUG:colcon.colcon_core.event_handler.log_command:Invoking command in '/home/rishi/ros2_ws/build/my_robot_description': CMAKE_PREFIX_PATH=${CMAKE_PREFIX_PATH}:/home/rishi/ros2_ws/install/my_robot_controller:/opt/ros/humble /usr/bin/cmake --install /home/rishi/ros2_ws/build/my_robot_description
[0.603s] Level 1:colcon.colcon_core.environment:create_environment_scripts_only(my_robot_description)
[0.603s] Level 1:colcon.colcon_core.environment:checking '/home/rishi/ros2_ws/install/my_robot_description' for CMake module files
[0.603s] DEBUG:colcon.colcon_core.event_handler.log_command:Invoked command in '/home/rishi/ros2_ws/build/my_robot_description' returned '0': CMAKE_PREFIX_PATH=${CMAKE_PREFIX_PATH}:/home/rishi/ros2_ws/install/my_robot_controller:/opt/ros/humble /usr/bin/cmake --install /home/rishi/ros2_ws/build/my_robot_description
[0.604s] Level 1:colcon.colcon_core.environment:checking '/home/rishi/ros2_ws/install/my_robot_description' for CMake config files
[0.604s] Level 1:colcon.colcon_core.shell:create_environment_hook('my_robot_description', 'cmake_prefix_path')
[0.604s] INFO:colcon.colcon_core.shell:Creating environment hook '/home/rishi/ros2_ws/install/my_robot_description/share/my_robot_description/hook/cmake_prefix_path.ps1'
[0.604s] INFO:colcon.colcon_core.shell:Creating environment descriptor '/home/rishi/ros2_ws/install/my_robot_description/share/my_robot_description/hook/cmake_prefix_path.dsv'
[0.605s] INFO:colcon.colcon_core.shell:Creating environment hook '/home/rishi/ros2_ws/install/my_robot_description/share/my_robot_description/hook/cmake_prefix_path.sh'
[0.605s] Level 1:colcon.colcon_core.environment:checking '/home/rishi/ros2_ws/install/my_robot_description/bin'
[0.605s] Level 1:colcon.colcon_core.environment:checking '/home/rishi/ros2_ws/install/my_robot_description/lib/pkgconfig/my_robot_description.pc'
[0.605s] Level 1:colcon.colcon_core.environment:checking '/home/rishi/ros2_ws/install/my_robot_description/lib/python3.10/site-packages'
[0.605s] Level 1:colcon.colcon_core.environment:checking '/home/rishi/ros2_ws/install/my_robot_description/bin'
[0.606s] INFO:colcon.colcon_core.shell:Creating package script '/home/rishi/ros2_ws/install/my_robot_description/share/my_robot_description/package.ps1'
[0.606s] INFO:colcon.colcon_core.shell:Creating package descriptor '/home/rishi/ros2_ws/install/my_robot_description/share/my_robot_description/package.dsv'
[0.606s] INFO:colcon.colcon_core.shell:Creating package script '/home/rishi/ros2_ws/install/my_robot_description/share/my_robot_description/package.sh'
[0.607s] INFO:colcon.colcon_core.shell:Creating package script '/home/rishi/ros2_ws/install/my_robot_description/share/my_robot_description/package.bash'
[0.607s] INFO:colcon.colcon_core.shell:Creating package script '/home/rishi/ros2_ws/install/my_robot_description/share/my_robot_description/package.zsh'
[0.607s] Level 1:colcon.colcon_core.environment:create_file_with_runtime_dependencies(/home/rishi/ros2_ws/install/my_robot_description/share/colcon-core/packages/my_robot_description)
[0.607s] Level 1:colcon.colcon_core.environment:create_environment_scripts_only(my_robot_description)
[0.608s] Level 1:colcon.colcon_core.environment:checking '/home/rishi/ros2_ws/install/my_robot_description' for CMake module files
[0.608s] Level 1:colcon.colcon_core.environment:checking '/home/rishi/ros2_ws/install/my_robot_description' for CMake config files
[0.608s] Level 1:colcon.colcon_core.shell:create_environment_hook('my_robot_description', 'cmake_prefix_path')
[0.608s] INFO:colcon.colcon_core.shell:Creating environment hook '/home/rishi/ros2_ws/install/my_robot_description/share/my_robot_description/hook/cmake_prefix_path.ps1'
[0.609s] INFO:colcon.colcon_core.shell:Creating environment descriptor '/home/rishi/ros2_ws/install/my_robot_description/share/my_robot_description/hook/cmake_prefix_path.dsv'
[0.609s] INFO:colcon.colcon_core.shell:Creating environment hook '/home/rishi/ros2_ws/install/my_robot_description/share/my_robot_description/hook/cmake_prefix_path.sh'
[0.609s] Level 1:colcon.colcon_core.environment:checking '/home/rishi/ros2_ws/install/my_robot_description/bin'
[0.609s] Level 1:colcon.colcon_core.environment:checking '/home/rishi/ros2_ws/install/my_robot_description/lib/pkgconfig/my_robot_description.pc'
[0.609s] Level 1:colcon.colcon_core.environment:checking '/home/rishi/ros2_ws/install/my_robot_description/lib/python3.10/site-packages'
[0.610s] Level 1:colcon.colcon_core.environment:checking '/home/rishi/ros2_ws/install/my_robot_description/bin'
[0.610s] INFO:colcon.colcon_core.shell:Creating package script '/home/rishi/ros2_ws/install/my_robot_description/share/my_robot_description/package.ps1'
[0.610s] INFO:colcon.colcon_core.shell:Creating package descriptor '/home/rishi/ros2_ws/install/my_robot_description/share/my_robot_description/package.dsv'
[0.610s] INFO:colcon.colcon_core.shell:Creating package script '/home/rishi/ros2_ws/install/my_robot_description/share/my_robot_description/package.sh'
[0.611s] INFO:colcon.colcon_core.shell:Creating package script '/home/rishi/ros2_ws/install/my_robot_description/share/my_robot_description/package.bash'
[0.611s] INFO:colcon.colcon_core.shell:Creating package script '/home/rishi/ros2_ws/install/my_robot_description/share/my_robot_description/package.zsh'
[0.611s] Level 1:colcon.colcon_core.environment:create_file_with_runtime_dependencies(/home/rishi/ros2_ws/install/my_robot_description/share/colcon-core/packages/my_robot_description)
[0.813s] DEBUG:colcon.colcon_core.event_handler.log_command:Invoking command in '/home/rishi/ros2_ws/src/my_robot_controller': PYTHONPATH=/home/rishi/ros2_ws/build/my_robot_controller/prefix_override:/usr/lib/python3/dist-packages/colcon_core/task/python/colcon_distutils_commands:/home/rishi/ros2_ws/install/my_robot_controller/lib/python3.10/site-packages:${PYTHONPATH} /usr/bin/python3 -W ignore:setup.py install is deprecated -W ignore:easy_install command is deprecated setup.py egg_info --egg-base ../../build/my_robot_controller build --build-base /home/rishi/ros2_ws/build/my_robot_controller/build install --record /home/rishi/ros2_ws/build/my_robot_controller/install.log --single-version-externally-managed install_data
[1.011s] Level 1:colcon.colcon_core.environment:checking '/home/rishi/ros2_ws/install/my_robot_controller' for CMake module files
[1.012s] DEBUG:colcon.colcon_core.event_handler.log_command:Invoked command in '/home/rishi/ros2_ws/src/my_robot_controller' returned '0': PYTHONPATH=/home/rishi/ros2_ws/build/my_robot_controller/prefix_override:/usr/lib/python3/dist-packages/colcon_core/task/python/colcon_distutils_commands:/home/rishi/ros2_ws/install/my_robot_controller/lib/python3.10/site-packages:${PYTHONPATH} /usr/bin/python3 -W ignore:setup.py install is deprecated -W ignore:easy_install command is deprecated setup.py egg_info --egg-base ../../build/my_robot_controller build --build-base /home/rishi/ros2_ws/build/my_robot_controller/build install --record /home/rishi/ros2_ws/build/my_robot_controller/install.log --single-version-externally-managed install_data
[1.012s] Level 1:colcon.colcon_core.environment:checking '/home/rishi/ros2_ws/install/my_robot_controller' for CMake config files
[1.012s] Level 1:colcon.colcon_core.environment:checking '/home/rishi/ros2_ws/install/my_robot_controller/lib'
[1.012s] Level 1:colcon.colcon_core.environment:checking '/home/rishi/ros2_ws/install/my_robot_controller/bin'
[1.013s] Level 1:colcon.colcon_core.environment:checking '/home/rishi/ros2_ws/install/my_robot_controller/lib/pkgconfig/my_robot_controller.pc'
[1.013s] Level 1:colcon.colcon_core.environment:checking '/home/rishi/ros2_ws/install/my_robot_controller/lib/python3.10/site-packages'
[1.013s] Level 1:colcon.colcon_core.shell:create_environment_hook('my_robot_controller', 'pythonpath')
[1.013s] INFO:colcon.colcon_core.shell:Creating environment hook '/home/rishi/ros2_ws/install/my_robot_controller/share/my_robot_controller/hook/pythonpath.ps1'
[1.013s] INFO:colcon.colcon_core.shell:Creating environment descriptor '/home/rishi/ros2_ws/install/my_robot_controller/share/my_robot_controller/hook/pythonpath.dsv'
[1.014s] INFO:colcon.colcon_core.shell:Creating environment hook '/home/rishi/ros2_ws/install/my_robot_controller/share/my_robot_controller/hook/pythonpath.sh'
[1.014s] Level 1:colcon.colcon_core.environment:checking '/home/rishi/ros2_ws/install/my_robot_controller/bin'
[1.014s] Level 1:colcon.colcon_core.environment:create_environment_scripts_only(my_robot_controller)
[1.014s] INFO:colcon.colcon_core.shell:Creating package script '/home/rishi/ros2_ws/install/my_robot_controller/share/my_robot_controller/package.ps1'
[1.015s] INFO:colcon.colcon_core.shell:Creating package descriptor '/home/rishi/ros2_ws/install/my_robot_controller/share/my_robot_controller/package.dsv'
[1.015s] INFO:colcon.colcon_core.shell:Creating package script '/home/rishi/ros2_ws/install/my_robot_controller/share/my_robot_controller/package.sh'
[1.015s] INFO:colcon.colcon_core.shell:Creating package script '/home/rishi/ros2_ws/install/my_robot_controller/share/my_robot_controller/package.bash'
[1.015s] INFO:colcon.colcon_core.shell:Creating package script '/home/rishi/ros2_ws/install/my_robot_controller/share/my_robot_controller/package.zsh'
[1.016s] Level 1:colcon.colcon_core.environment:create_file_with_runtime_dependencies(/home/rishi/ros2_ws/install/my_robot_controller/share/colcon-core/packages/my_robot_controller)
[1.016s] DEBUG:colcon.colcon_parallel_executor.executor.parallel:closing loop
[1.016s] DEBUG:colcon.colcon_parallel_executor.executor.parallel:loop closed
[1.016s] DEBUG:colcon.colcon_parallel_executor.executor.parallel:run_until_complete finished with '0'
[1.016s] DEBUG:colcon.colcon_core.event_reactor:joining thread
[1.020s] INFO:colcon.colcon_core.plugin_system:Skipping extension 'colcon_notification.desktop_notification.terminal_notifier': Not used on non-Darwin systems
[1.020s] INFO:colcon.colcon_core.plugin_system:Skipping extension 'colcon_notification.desktop_notification.win32': Not used on non-Windows systems
[1.020s] INFO:colcon.colcon_notification.desktop_notification:Sending desktop notification using 'notify2'
[1.028s] DEBUG:colcon.colcon_core.event_reactor:joined thread
[1.029s] INFO:colcon.colcon_core.shell:Creating prefix script '/home/rishi/ros2_ws/install/local_setup.ps1'
[1.029s] INFO:colcon.colcon_core.shell:Creating prefix util module '/home/rishi/ros2_ws/install/_local_setup_util_ps1.py'
[1.030s] INFO:colcon.colcon_core.shell:Creating prefix chain script '/home/rishi/ros2_ws/install/setup.ps1'
[1.031s] INFO:colcon.colcon_core.shell:Creating prefix script '/home/rishi/ros2_ws/install/local_setup.sh'
[1.032s] INFO:colcon.colcon_core.shell:Creating prefix util module '/home/rishi/ros2_ws/install/_local_setup_util_sh.py'
[1.032s] INFO:colcon.colcon_core.shell:Creating prefix chain script '/home/rishi/ros2_ws/install/setup.sh'
[1.033s] INFO:colcon.colcon_core.shell:Creating prefix script '/home/rishi/ros2_ws/install/local_setup.bash'
[1.033s] INFO:colcon.colcon_core.shell:Creating prefix chain script '/home/rishi/ros2_ws/install/setup.bash'
[1.034s] INFO:colcon.colcon_core.shell:Creating prefix script '/home/rishi/ros2_ws/install/local_setup.zsh'
[1.034s] INFO:colcon.colcon_core.shell:Creating prefix chain script '/home/rishi/ros2_ws/install/setup.zsh'
